<?xml version="1.0" encoding="UTF-8" ?>
<testsuite errors="0" failures="0" hostname="DESKTOP-GHTTUME" name="org.huberb.nbwordcount.model.counters.SimpleLineCounterTest" skipped="0" tests="5" time="0.047" timestamp="2017-10-05T19:20:27">
  <properties>
    <property name="libs.jsp-compiler.javadoc" value="" />
    <property name="netbeans.autoupdate.country" value="US" />
    <property name="release.dir" value="D:\projects\project-backups\github-netbeansplugins\netbeansplugins\nb-wordcount\release" />
    <property name="nbm.module.author" value="Bernhard Huber" />
    <property name="libs.jsf20.maven-pom" value="" />
    <property name="libs.spring-webmvc4.0.src" value="" />
    <property name="ant.core.lib" value="C:\Program Files\NetBeans 8.2\extide\ant\lib\ant.jar" />
    <property name="old.project.clusters.duplicates" value="C:\Program Files\NetBeans 8.2\apisupport&#xa;C:\Program Files\NetBeans 8.2\apisupport&#xa;C:\Program Files\NetBeans 8.2\apisupport&#xa;C:\Program Files\NetBeans 8.2\apisupport&#xa;C:\Program Files\NetBeans 8.2\apisupport&#xa;C:\Program Files\NetBeans 8.2\apisupport&#xa;C:\Program Files\NetBeans 8.2\apisupport&#xa;C:\Program Files\NetBeans 8.2\apisupport&#xa;C:\Program Files\NetBeans 8.2\apisupport&#xa;C:\Program Files\NetBeans 8.2\apisupport&#xa;C:\Program Files\NetBeans 8.2\apisupport&#xa;C:\Program Files\NetBeans 8.2\apisupport&#xa;C:\Program Files\NetBeans 8.2\enterprise&#xa;C:\Program Files\NetBeans 8.2\enterprise&#xa;C:\Program Files\NetBeans 8.2\enterprise&#xa;C:\Program Files\NetBeans 8.2\enterprise&#xa;C:\Program Files\NetBeans 8.2\enterprise&#xa;C:\Program Files\NetBeans 8.2\enterprise&#xa;C:\Program Files\NetBeans 8.2\enterprise&#xa;C:\Program Files\NetBeans 8.2\enterprise&#xa;C:\Program Files\NetBeans 8.2\enterprise&#xa;C:\Program Files\NetBeans 8.2\enterprise&#xa;C:\Program Files\NetBeans 8.2\enterprise&#xa;C:\Program Files\NetBeans 8.2\enterprise&#xa;C:\Program Files\NetBeans 8.2\enterprise&#xa;C:\Program Files\NetBeans 8.2\enterprise&#xa;C:\Program Files\NetBeans 8.2\enterprise&#xa;C:\Program Files\NetBeans 8.2\enterprise&#xa;C:\Program Files\NetBeans 8.2\enterprise&#xa;C:\Program Files\NetBeans 8.2\enterprise&#xa;C:\Program Files\NetBeans 8.2\enterprise&#xa;C:\Program Files\NetBeans 8.2\enterprise&#xa;C:\Program Files\NetBeans 8.2\enterprise&#xa;C:\Program Files\NetBeans 8.2\enterprise&#xa;C:\Program Files\NetBeans 8.2\enterprise&#xa;C:\Program Files\NetBeans 8.2\enterprise&#xa;C:\Program Files\NetBeans 8.2\enterprise&#xa;C:\Program Files\NetBeans 8.2\enterprise&#xa;C:\Program Files\NetBeans 8.2\enterprise&#xa;C:\Program Files\NetBeans 8.2\enterprise&#xa;C:\Program Files\NetBeans 8.2\enterprise&#xa;C:\Program Files\NetBeans 8.2\enterprise&#xa;C:\Program Files\NetBeans 8.2\enterprise&#xa;C:\Program Files\NetBeans 8.2\enterprise&#xa;C:\Program Files\NetBeans 8.2\enterprise&#xa;C:\Program Files\NetBeans 8.2\enterprise&#xa;C:\Program Files\NetBeans 8.2\enterprise&#xa;C:\Program Files\NetBeans 8.2\enterprise&#xa;C:\Program Files\NetBeans 8.2\enterprise&#xa;C:\Program Files\NetBeans 8.2\enterprise&#xa;C:\Program Files\NetBeans 8.2\enterprise&#xa;C:\Program Files\NetBeans 8.2\enterprise&#xa;C:\Program Files\NetBeans 8.2\enterprise&#xa;C:\Program Files\NetBeans 8.2\enterprise&#xa;C:\Program Files\NetBeans 8.2\enterprise&#xa;C:\Program Files\NetBeans 8.2\enterprise&#xa;C:\Program Files\NetBeans 8.2\enterprise&#xa;C:\Program Files\NetBeans 8.2\enterprise&#xa;C:\Program Files\NetBeans 8.2\enterprise&#xa;C:\Program Files\NetBeans 8.2\enterprise&#xa;C:\Program Files\NetBeans 8.2\enterprise&#xa;C:\Program Files\NetBeans 8.2\enterprise&#xa;C:\Program Files\NetBeans 8.2\enterprise&#xa;C:\Program Files\NetBeans 8.2\enterprise&#xa;C:\Program Files\NetBeans 8.2\enterprise&#xa;C:\Program Files\NetBeans 8.2\enterprise&#xa;C:\Program Files\NetBeans 8.2\enterprise&#xa;C:\Program Files\NetBeans 8.2\enterprise&#xa;C:\Program Files\NetBeans 8.2\enterprise&#xa;C:\Program Files\NetBeans 8.2\enterprise&#xa;C:\Program Files\NetBeans 8.2\enterprise&#xa;C:\Program Files\NetBeans 8.2\enterprise&#xa;C:\Program Files\NetBeans 8.2\enterprise&#xa;C:\Program Files\NetBeans 8.2\enterprise&#xa;C:\Program Files\NetBeans 8.2\enterprise&#xa;C:\Program Files\NetBeans 8.2\enterprise&#xa;C:\Program Files\NetBeans 8.2\enterprise&#xa;C:\Program Files\NetBeans 8.2\enterprise&#xa;C:\Program Files\NetBeans 8.2\enterprise&#xa;C:\Program Files\NetBeans 8.2\enterprise&#xa;C:\Program Files\NetBeans 8.2\enterprise&#xa;C:\Program Files\NetBeans 8.2\enterprise&#xa;C:\Program Files\NetBeans 8.2\enterprise&#xa;C:\Program Files\NetBeans 8.2\enterprise&#xa;C:\Program Files\NetBeans 8.2\enterprise&#xa;C:\Program Files\NetBeans 8.2\enterprise&#xa;C:\Program Files\NetBeans 8.2\enterprise&#xa;C:\Program Files\NetBeans 8.2\enterprise&#xa;C:\Program Files\NetBeans 8.2\enterprise&#xa;C:\Program Files\NetBeans 8.2\enterprise&#xa;C:\Program Files\NetBeans 8.2\enterprise&#xa;C:\Program Files\NetBeans 8.2\enterprise&#xa;C:\Program Files\NetBeans 8.2\enterprise&#xa;C:\Program Files\NetBeans 8.2\enterprise&#xa;C:\Program Files\NetBeans 8.2\enterprise&#xa;C:\Program Files\NetBeans 8.2\enterprise&#xa;C:\Program Files\NetBeans 8.2\enterprise&#xa;C:\Program Files\NetBeans 8.2\enterprise&#xa;C:\Program Files\NetBeans 8.2\enterprise&#xa;C:\Program Files\NetBeans 8.2\enterprise&#xa;C:\Program Files\NetBeans 8.2\enterprise&#xa;C:\Program Files\NetBeans 8.2\enterprise&#xa;C:\Program Files\NetBeans 8.2\enterprise&#xa;C:\Program Files\NetBeans 8.2\enterprise&#xa;C:\Program Files\NetBeans 8.2\enterprise&#xa;C:\Program Files\NetBeans 8.2\enterprise&#xa;C:\Program Files\NetBeans 8.2\enterprise&#xa;C:\Program Files\NetBeans 8.2\enterprise&#xa;C:\Program Files\NetBeans 8.2\enterprise&#xa;C:\Program Files\NetBeans 8.2\enterprise&#xa;C:\Program Files\NetBeans 8.2\enterprise&#xa;C:\Program Files\NetBeans 8.2\enterprise&#xa;C:\Program Files\NetBeans 8.2\enterprise&#xa;C:\Program Files\NetBeans 8.2\enterprise&#xa;C:\Program Files\NetBeans 8.2\enterprise&#xa;C:\Program Files\NetBeans 8.2\enterprise&#xa;C:\Program Files\NetBeans 8.2\enterprise&#xa;C:\Program Files\NetBeans 8.2\enterprise&#xa;C:\Program Files\NetBeans 8.2\enterprise&#xa;C:\Program Files\NetBeans 8.2\enterprise&#xa;C:\Program Files\NetBeans 8.2\enterprise&#xa;C:\Program Files\NetBeans 8.2\enterprise&#xa;C:\Program Files\NetBeans 8.2\enterprise&#xa;C:\Program Files\NetBeans 8.2\enterprise&#xa;C:\Program Files\NetBeans 8.2\extide&#xa;C:\Program Files\NetBeans 8.2\extide&#xa;C:\Program Files\NetBeans 8.2\harness&#xa;C:\Program Files\NetBeans 8.2\harness&#xa;C:\Program Files\NetBeans 8.2\harness&#xa;C:\Program Files\NetBeans 8.2\harness&#xa;C:\Program Files\NetBeans 8.2\harness&#xa;C:\Program Files\NetBeans 8.2\harness&#xa;C:\Program Files\NetBeans 8.2\harness&#xa;C:\Program Files\NetBeans 8.2\ide&#xa;C:\Program Files\NetBeans 8.2\ide&#xa;C:\Program Files\NetBeans 8.2\ide&#xa;C:\Program Files\NetBeans 8.2\ide&#xa;C:\Program Files\NetBeans 8.2\ide&#xa;C:\Program Files\NetBeans 8.2\ide&#xa;C:\Program Files\NetBeans 8.2\ide&#xa;C:\Program Files\NetBeans 8.2\ide&#xa;C:\Program Files\NetBeans 8.2\ide&#xa;C:\Program Files\NetBeans 8.2\ide&#xa;C:\Program Files\NetBeans 8.2\ide&#xa;C:\Program Files\NetBeans 8.2\ide&#xa;C:\Program Files\NetBeans 8.2\ide&#xa;C:\Program Files\NetBeans 8.2\ide&#xa;C:\Program Files\NetBeans 8.2\ide&#xa;C:\Program Files\NetBeans 8.2\ide&#xa;C:\Program Files\NetBeans 8.2\ide&#xa;C:\Program Files\NetBeans 8.2\ide&#xa;C:\Program Files\NetBeans 8.2\ide&#xa;C:\Program Files\NetBeans 8.2\ide&#xa;C:\Program Files\NetBeans 8.2\ide&#xa;C:\Program Files\NetBeans 8.2\ide&#xa;C:\Program Files\NetBeans 8.2\ide&#xa;C:\Program Files\NetBeans 8.2\ide&#xa;C:\Program Files\NetBeans 8.2\ide&#xa;C:\Program Files\NetBeans 8.2\ide&#xa;C:\Program Files\NetBeans 8.2\ide&#xa;C:\Program Files\NetBeans 8.2\ide&#xa;C:\Program Files\NetBeans 8.2\ide&#xa;C:\Program Files\NetBeans 8.2\ide&#xa;C:\Program Files\NetBeans 8.2\ide&#xa;C:\Program Files\NetBeans 8.2\ide&#xa;C:\Program Files\NetBeans 8.2\ide&#xa;C:\Program Files\NetBeans 8.2\ide&#xa;C:\Program Files\NetBeans 8.2\ide&#xa;C:\Program Files\NetBeans 8.2\ide&#xa;C:\Program Files\NetBeans 8.2\ide&#xa;C:\Program Files\NetBeans 8.2\ide&#xa;C:\Program Files\NetBeans 8.2\ide&#xa;C:\Program Files\NetBeans 8.2\ide&#xa;C:\Program Files\NetBeans 8.2\ide&#xa;C:\Program Files\NetBeans 8.2\ide&#xa;C:\Program Files\NetBeans 8.2\ide&#xa;C:\Program Files\NetBeans 8.2\ide&#xa;C:\Program Files\NetBeans 8.2\ide&#xa;C:\Program Files\NetBeans 8.2\ide&#xa;C:\Program Files\NetBeans 8.2\ide&#xa;C:\Program Files\NetBeans 8.2\ide&#xa;C:\Program Files\NetBeans 8.2\ide&#xa;C:\Program Files\NetBeans 8.2\ide&#xa;C:\Program Files\NetBeans 8.2\ide&#xa;C:\Program Files\NetBeans 8.2\ide&#xa;C:\Program Files\NetBeans 8.2\ide&#xa;C:\Program Files\NetBeans 8.2\ide&#xa;C:\Program Files\NetBeans 8.2\ide&#xa;C:\Program Files\NetBeans 8.2\ide&#xa;C:\Program Files\NetBeans 8.2\ide&#xa;C:\Program Files\NetBeans 8.2\ide&#xa;C:\Program Files\NetBeans 8.2\ide&#xa;C:\Program Files\NetBeans 8.2\ide&#xa;C:\Program Files\NetBeans 8.2\ide&#xa;C:\Program Files\NetBeans 8.2\ide&#xa;C:\Program Files\NetBeans 8.2\ide&#xa;C:\Program Files\NetBeans 8.2\ide&#xa;C:\Program Files\NetBeans 8.2\ide&#xa;C:\Program Files\NetBeans 8.2\ide&#xa;C:\Program Files\NetBeans 8.2\ide&#xa;C:\Program Files\NetBeans 8.2\ide&#xa;C:\Program Files\NetBeans 8.2\ide&#xa;C:\Program Files\NetBeans 8.2\ide&#xa;C:\Program Files\NetBeans 8.2\ide&#xa;C:\Program Files\NetBeans 8.2\ide&#xa;C:\Program Files\NetBeans 8.2\ide&#xa;C:\Program Files\NetBeans 8.2\ide&#xa;C:\Program Files\NetBeans 8.2\ide&#xa;C:\Program Files\NetBeans 8.2\ide&#xa;C:\Program Files\NetBeans 8.2\ide&#xa;C:\Program Files\NetBeans 8.2\ide&#xa;C:\Program Files\NetBeans 8.2\ide&#xa;C:\Program Files\NetBeans 8.2\ide&#xa;C:\Program Files\NetBeans 8.2\ide&#xa;C:\Program Files\NetBeans 8.2\ide&#xa;C:\Program Files\NetBeans 8.2\ide&#xa;C:\Program Files\NetBeans 8.2\ide&#xa;C:\Program Files\NetBeans 8.2\ide&#xa;C:\Program Files\NetBeans 8.2\ide&#xa;C:\Program Files\NetBeans 8.2\ide&#xa;C:\Program Files\NetBeans 8.2\ide&#xa;C:\Program Files\NetBeans 8.2\ide&#xa;C:\Program Files\NetBeans 8.2\ide&#xa;C:\Program Files\NetBeans 8.2\ide&#xa;C:\Program Files\NetBeans 8.2\ide&#xa;C:\Program Files\NetBeans 8.2\ide&#xa;C:\Program Files\NetBeans 8.2\ide&#xa;C:\Program Files\NetBeans 8.2\ide&#xa;C:\Program Files\NetBeans 8.2\ide&#xa;C:\Program Files\NetBeans 8.2\ide&#xa;C:\Program Files\NetBeans 8.2\ide&#xa;C:\Program Files\NetBeans 8.2\ide&#xa;C:\Program Files\NetBeans 8.2\ide&#xa;C:\Program Files\NetBeans 8.2\ide&#xa;C:\Program Files\NetBeans 8.2\ide&#xa;C:\Program Files\NetBeans 8.2\ide&#xa;C:\Program Files\NetBeans 8.2\ide&#xa;C:\Program Files\NetBeans 8.2\ide&#xa;C:\Program Files\NetBeans 8.2\ide&#xa;C:\Program Files\NetBeans 8.2\ide&#xa;C:\Program Files\NetBeans 8.2\ide&#xa;C:\Program Files\NetBeans 8.2\ide&#xa;C:\Program Files\NetBeans 8.2\ide&#xa;C:\Program Files\NetBeans 8.2\ide&#xa;C:\Program Files\NetBeans 8.2\ide&#xa;C:\Program Files\NetBeans 8.2\ide&#xa;C:\Program Files\NetBeans 8.2\ide&#xa;C:\Program Files\NetBeans 8.2\ide&#xa;C:\Program Files\NetBeans 8.2\ide&#xa;C:\Program Files\NetBeans 8.2\ide&#xa;C:\Program Files\NetBeans 8.2\ide&#xa;C:\Program Files\NetBeans 8.2\ide&#xa;C:\Program Files\NetBeans 8.2\ide&#xa;C:\Program Files\NetBeans 8.2\ide&#xa;C:\Program Files\NetBeans 8.2\ide&#xa;C:\Program Files\NetBeans 8.2\ide&#xa;C:\Program Files\NetBeans 8.2\ide&#xa;C:\Program Files\NetBeans 8.2\ide&#xa;C:\Program Files\NetBeans 8.2\ide&#xa;C:\Program Files\NetBeans 8.2\ide&#xa;C:\Program Files\NetBeans 8.2\ide&#xa;C:\Program Files\NetBeans 8.2\ide&#xa;C:\Program Files\NetBeans 8.2\ide&#xa;C:\Program Files\NetBeans 8.2\ide&#xa;C:\Program Files\NetBeans 8.2\ide&#xa;C:\Program Files\NetBeans 8.2\ide&#xa;C:\Program Files\NetBeans 8.2\ide&#xa;C:\Program Files\NetBeans 8.2\ide&#xa;C:\Program Files\NetBeans 8.2\ide&#xa;C:\Program Files\NetBeans 8.2\ide&#xa;C:\Program Files\NetBeans 8.2\ide&#xa;C:\Program Files\NetBeans 8.2\ide&#xa;C:\Program Files\NetBeans 8.2\ide&#xa;C:\Program Files\NetBeans 8.2\ide&#xa;C:\Program Files\NetBeans 8.2\ide&#xa;C:\Program Files\NetBeans 8.2\ide&#xa;C:\Program Files\NetBeans 8.2\ide&#xa;C:\Program Files\NetBeans 8.2\ide&#xa;C:\Program Files\NetBeans 8.2\ide&#xa;C:\Program Files\NetBeans 8.2\ide&#xa;C:\Program Files\NetBeans 8.2\ide&#xa;C:\Program Files\NetBeans 8.2\ide&#xa;C:\Program Files\NetBeans 8.2\ide&#xa;C:\Program Files\NetBeans 8.2\ide&#xa;C:\Program Files\NetBeans 8.2\ide&#xa;C:\Program Files\NetBeans 8.2\ide&#xa;C:\Program Files\NetBeans 8.2\ide&#xa;C:\Program Files\NetBeans 8.2\ide&#xa;C:\Program Files\NetBeans 8.2\ide&#xa;C:\Program Files\NetBeans 8.2\ide&#xa;C:\Program Files\NetBeans 8.2\ide&#xa;C:\Program Files\NetBeans 8.2\ide&#xa;C:\Program Files\NetBeans 8.2\ide&#xa;C:\Program Files\NetBeans 8.2\ide&#xa;C:\Program Files\NetBeans 8.2\ide&#xa;C:\Program Files\NetBeans 8.2\ide&#xa;C:\Program Files\NetBeans 8.2\ide&#xa;C:\Program Files\NetBeans 8.2\ide&#xa;C:\Program Files\NetBeans 8.2\ide&#xa;C:\Program Files\NetBeans 8.2\ide&#xa;C:\Program Files\NetBeans 8.2\ide&#xa;C:\Program Files\NetBeans 8.2\ide&#xa;C:\Program Files\NetBeans 8.2\ide&#xa;C:\Program Files\NetBeans 8.2\ide&#xa;C:\Program Files\NetBeans 8.2\ide&#xa;C:\Program Files\NetBeans 8.2\ide&#xa;C:\Program Files\NetBeans 8.2\ide&#xa;C:\Program Files\NetBeans 8.2\ide&#xa;C:\Program Files\NetBeans 8.2\ide&#xa;C:\Program Files\NetBeans 8.2\ide&#xa;C:\Program Files\NetBeans 8.2\ide&#xa;C:\Program Files\NetBeans 8.2\ide&#xa;C:\Program Files\NetBeans 8.2\ide&#xa;C:\Program Files\NetBeans 8.2\ide&#xa;C:\Program Files\NetBeans 8.2\ide&#xa;C:\Program Files\NetBeans 8.2\ide&#xa;C:\Program Files\NetBeans 8.2\ide&#xa;C:\Program Files\NetBeans 8.2\ide&#xa;C:\Program Files\NetBeans 8.2\ide&#xa;C:\Program Files\NetBeans 8.2\ide&#xa;C:\Program Files\NetBeans 8.2\ide&#xa;C:\Program Files\NetBeans 8.2\ide&#xa;C:\Program Files\NetBeans 8.2\ide&#xa;C:\Program Files\NetBeans 8.2\ide&#xa;C:\Program Files\NetBeans 8.2\ide&#xa;C:\Program Files\NetBeans 8.2\ide&#xa;C:\Program Files\NetBeans 8.2\ide&#xa;C:\Program Files\NetBeans 8.2\ide&#xa;C:\Program Files\NetBeans 8.2\ide&#xa;C:\Program Files\NetBeans 8.2\ide&#xa;C:\Program Files\NetBeans 8.2\ide&#xa;C:\Program Files\NetBeans 8.2\ide&#xa;C:\Program Files\NetBeans 8.2\ide&#xa;C:\Program Files\NetBeans 8.2\ide&#xa;C:\Program Files\NetBeans 8.2\ide&#xa;C:\Program Files\NetBeans 8.2\ide&#xa;C:\Program Files\NetBeans 8.2\ide&#xa;C:\Program Files\NetBeans 8.2\ide&#xa;C:\Program Files\NetBeans 8.2\ide&#xa;C:\Program Files\NetBeans 8.2\ide&#xa;C:\Program Files\NetBeans 8.2\ide&#xa;C:\Program Files\NetBeans 8.2\ide&#xa;C:\Program Files\NetBeans 8.2\ide&#xa;C:\Program Files\NetBeans 8.2\ide&#xa;C:\Program Files\NetBeans 8.2\ide&#xa;C:\Program Files\NetBeans 8.2\ide&#xa;C:\Program Files\NetBeans 8.2\ide&#xa;C:\Program Files\NetBeans 8.2\ide&#xa;C:\Program Files\NetBeans 8.2\ide&#xa;C:\Program Files\NetBeans 8.2\ide&#xa;C:\Program Files\NetBeans 8.2\ide&#xa;C:\Program Files\NetBeans 8.2\ide&#xa;C:\Program Files\NetBeans 8.2\ide&#xa;C:\Program Files\NetBeans 8.2\ide&#xa;C:\Program Files\NetBeans 8.2\ide&#xa;C:\Program Files\NetBeans 8.2\ide&#xa;C:\Program Files\NetBeans 8.2\ide&#xa;C:\Program Files\NetBeans 8.2\ide&#xa;C:\Program Files\NetBeans 8.2\ide&#xa;C:\Program Files\NetBeans 8.2\ide&#xa;C:\Program Files\NetBeans 8.2\ide&#xa;C:\Program Files\NetBeans 8.2\ide&#xa;C:\Program Files\NetBeans 8.2\ide&#xa;C:\Program Files\NetBeans 8.2\ide&#xa;C:\Program Files\NetBeans 8.2\ide&#xa;C:\Program Files\NetBeans 8.2\ide&#xa;C:\Program Files\NetBeans 8.2\ide&#xa;C:\Program Files\NetBeans 8.2\ide&#xa;C:\Program Files\NetBeans 8.2\ide&#xa;C:\Program Files\NetBeans 8.2\ide&#xa;C:\Program Files\NetBeans 8.2\ide&#xa;C:\Program Files\NetBeans 8.2\ide&#xa;C:\Program Files\NetBeans 8.2\ide&#xa;C:\Program Files\NetBeans 8.2\ide&#xa;C:\Program Files\NetBeans 8.2\ide&#xa;C:\Program Files\NetBeans 8.2\ide&#xa;C:\Program Files\NetBeans 8.2\ide&#xa;C:\Program Files\NetBeans 8.2\ide&#xa;C:\Program Files\NetBeans 8.2\ide&#xa;C:\Program Files\NetBeans 8.2\ide&#xa;C:\Program Files\NetBeans 8.2\ide&#xa;C:\Program Files\NetBeans 8.2\ide&#xa;C:\Program Files\NetBeans 8.2\ide&#xa;C:\Program Files\NetBeans 8.2\ide&#xa;C:\Program Files\NetBeans 8.2\ide&#xa;C:\Program Files\NetBeans 8.2\ide&#xa;C:\Program Files\NetBeans 8.2\ide&#xa;C:\Program Files\NetBeans 8.2\java&#xa;C:\Program Files\NetBeans 8.2\java&#xa;C:\Program Files\NetBeans 8.2\java&#xa;C:\Program Files\NetBeans 8.2\java&#xa;C:\Program Files\NetBeans 8.2\java&#xa;C:\Program Files\NetBeans 8.2\java&#xa;C:\Program Files\NetBeans 8.2\java&#xa;C:\Program Files\NetBeans 8.2\java&#xa;C:\Program Files\NetBeans 8.2\java&#xa;C:\Program Files\NetBeans 8.2\java&#xa;C:\Program Files\NetBeans 8.2\java&#xa;C:\Program Files\NetBeans 8.2\java&#xa;C:\Program Files\NetBeans 8.2\java&#xa;C:\Program Files\NetBeans 8.2\java&#xa;C:\Program Files\NetBeans 8.2\java&#xa;C:\Program Files\NetBeans 8.2\java&#xa;C:\Program Files\NetBeans 8.2\java&#xa;C:\Program Files\NetBeans 8.2\java&#xa;C:\Program Files\NetBeans 8.2\java&#xa;C:\Program Files\NetBeans 8.2\java&#xa;C:\Program Files\NetBeans 8.2\java&#xa;C:\Program Files\NetBeans 8.2\java&#xa;C:\Program Files\NetBeans 8.2\java&#xa;C:\Program Files\NetBeans 8.2\java&#xa;C:\Program Files\NetBeans 8.2\java&#xa;C:\Program Files\NetBeans 8.2\java&#xa;C:\Program Files\NetBeans 8.2\java&#xa;C:\Program Files\NetBeans 8.2\java&#xa;C:\Program Files\NetBeans 8.2\java&#xa;C:\Program Files\NetBeans 8.2\java&#xa;C:\Program Files\NetBeans 8.2\java&#xa;C:\Program Files\NetBeans 8.2\java&#xa;C:\Program Files\NetBeans 8.2\java&#xa;C:\Program Files\NetBeans 8.2\java&#xa;C:\Program Files\NetBeans 8.2\java&#xa;C:\Program Files\NetBeans 8.2\java&#xa;C:\Program Files\NetBeans 8.2\java&#xa;C:\Program Files\NetBeans 8.2\java&#xa;C:\Program Files\NetBeans 8.2\java&#xa;C:\Program Files\NetBeans 8.2\java&#xa;C:\Program Files\NetBeans 8.2\java&#xa;C:\Program Files\NetBeans 8.2\java&#xa;C:\Program Files\NetBeans 8.2\java&#xa;C:\Program Files\NetBeans 8.2\java&#xa;C:\Program Files\NetBeans 8.2\java&#xa;C:\Program Files\NetBeans 8.2\java&#xa;C:\Program Files\NetBeans 8.2\java&#xa;C:\Program Files\NetBeans 8.2\java&#xa;C:\Program Files\NetBeans 8.2\java&#xa;C:\Program Files\NetBeans 8.2\java&#xa;C:\Program Files\NetBeans 8.2\java&#xa;C:\Program Files\NetBeans 8.2\java&#xa;C:\Program Files\NetBeans 8.2\java&#xa;C:\Program Files\NetBeans 8.2\java&#xa;C:\Program Files\NetBeans 8.2\java&#xa;C:\Program Files\NetBeans 8.2\java&#xa;C:\Program Files\NetBeans 8.2\java&#xa;C:\Program Files\NetBeans 8.2\java&#xa;C:\Program Files\NetBeans 8.2\java&#xa;C:\Program Files\NetBeans 8.2\java&#xa;C:\Program Files\NetBeans 8.2\java&#xa;C:\Program Files\NetBeans 8.2\java&#xa;C:\Program Files\NetBeans 8.2\java&#xa;C:\Program Files\NetBeans 8.2\java&#xa;C:\Program Files\NetBeans 8.2\java&#xa;C:\Program Files\NetBeans 8.2\java&#xa;C:\Program Files\NetBeans 8.2\java&#xa;C:\Program Files\NetBeans 8.2\java&#xa;C:\Program Files\NetBeans 8.2\java&#xa;C:\Program Files\NetBeans 8.2\java&#xa;C:\Program Files\NetBeans 8.2\java&#xa;C:\Program Files\NetBeans 8.2\java&#xa;C:\Program Files\NetBeans 8.2\java&#xa;C:\Program Files\NetBeans 8.2\java&#xa;C:\Program Files\NetBeans 8.2\java&#xa;C:\Program Files\NetBeans 8.2\java&#xa;C:\Program Files\NetBeans 8.2\java&#xa;C:\Program Files\NetBeans 8.2\java&#xa;C:\Program Files\NetBeans 8.2\java&#xa;C:\Program Files\NetBeans 8.2\java&#xa;C:\Program Files\NetBeans 8.2\java&#xa;C:\Program Files\NetBeans 8.2\java&#xa;C:\Program Files\NetBeans 8.2\java&#xa;C:\Program Files\NetBeans 8.2\java&#xa;C:\Program Files\NetBeans 8.2\java&#xa;C:\Program Files\NetBeans 8.2\java&#xa;C:\Program Files\NetBeans 8.2\java&#xa;C:\Program Files\NetBeans 8.2\java&#xa;C:\Program Files\NetBeans 8.2\java&#xa;C:\Program Files\NetBeans 8.2\java&#xa;C:\Program Files\NetBeans 8.2\java&#xa;C:\Program Files\NetBeans 8.2\java&#xa;C:\Program Files\NetBeans 8.2\java&#xa;C:\Program Files\NetBeans 8.2\java&#xa;C:\Program Files\NetBeans 8.2\java&#xa;C:\Program Files\NetBeans 8.2\java&#xa;C:\Program Files\NetBeans 8.2\java&#xa;C:\Program Files\NetBeans 8.2\java&#xa;C:\Program Files\NetBeans 8.2\java&#xa;C:\Program Files\NetBeans 8.2\java&#xa;C:\Program Files\NetBeans 8.2\java&#xa;C:\Program Files\NetBeans 8.2\java&#xa;C:\Program Files\NetBeans 8.2\java&#xa;C:\Program Files\NetBeans 8.2\java&#xa;C:\Program Files\NetBeans 8.2\java&#xa;C:\Program Files\NetBeans 8.2\java&#xa;C:\Program Files\NetBeans 8.2\java&#xa;C:\Program Files\NetBeans 8.2\java&#xa;C:\Program Files\NetBeans 8.2\java&#xa;C:\Program Files\NetBeans 8.2\java&#xa;C:\Program Files\NetBeans 8.2\java&#xa;C:\Program Files\NetBeans 8.2\java&#xa;C:\Program Files\NetBeans 8.2\java&#xa;C:\Program Files\NetBeans 8.2\java&#xa;C:\Program Files\NetBeans 8.2\java&#xa;C:\Program Files\NetBeans 8.2\java&#xa;C:\Program Files\NetBeans 8.2\java&#xa;C:\Program Files\NetBeans 8.2\java&#xa;C:\Program Files\NetBeans 8.2\java&#xa;C:\Program Files\NetBeans 8.2\java&#xa;C:\Program Files\NetBeans 8.2\java&#xa;C:\Program Files\NetBeans 8.2\java&#xa;C:\Program Files\NetBeans 8.2\java&#xa;C:\Program Files\NetBeans 8.2\java&#xa;C:\Program Files\NetBeans 8.2\java&#xa;C:\Program Files\NetBeans 8.2\java&#xa;C:\Program Files\NetBeans 8.2\java&#xa;C:\Program Files\NetBeans 8.2\java&#xa;C:\Program Files\NetBeans 8.2\java&#xa;C:\Program Files\NetBeans 8.2\java&#xa;C:\Program Files\NetBeans 8.2\java&#xa;C:\Program Files\NetBeans 8.2\java&#xa;C:\Program Files\NetBeans 8.2\java&#xa;C:\Program Files\NetBeans 8.2\java&#xa;C:\Program Files\NetBeans 8.2\java&#xa;C:\Program Files\NetBeans 8.2\java&#xa;C:\Program Files\NetBeans 8.2\java&#xa;C:\Program Files\NetBeans 8.2\javafx&#xa;C:\Program Files\NetBeans 8.2\javafx&#xa;C:\Program Files\NetBeans 8.2\javafx&#xa;C:\Program Files\NetBeans 8.2\javafx&#xa;C:\Program Files\NetBeans 8.2\javafx&#xa;C:\Program Files\NetBeans 8.2\javafx&#xa;C:\Program Files\NetBeans 8.2\nb&#xa;C:\Program Files\NetBeans 8.2\nb&#xa;C:\Program Files\NetBeans 8.2\nb&#xa;C:\Program Files\NetBeans 8.2\nb&#xa;C:\Program Files\NetBeans 8.2\nb&#xa;C:\Program Files\NetBeans 8.2\nb&#xa;C:\Program Files\NetBeans 8.2\nb&#xa;C:\Program Files\NetBeans 8.2\nb&#xa;C:\Program Files\NetBeans 8.2\platform&#xa;C:\Program Files\NetBeans 8.2\platform&#xa;C:\Program Files\NetBeans 8.2\platform&#xa;C:\Program Files\NetBeans 8.2\platform&#xa;C:\Program Files\NetBeans 8.2\platform&#xa;C:\Program Files\NetBeans 8.2\platform&#xa;C:\Program Files\NetBeans 8.2\platform&#xa;C:\Program Files\NetBeans 8.2\platform&#xa;C:\Program Files\NetBeans 8.2\platform&#xa;C:\Program Files\NetBeans 8.2\platform&#xa;C:\Program Files\NetBeans 8.2\platform&#xa;C:\Program Files\NetBeans 8.2\platform&#xa;C:\Program Files\NetBeans 8.2\platform&#xa;C:\Program Files\NetBeans 8.2\platform&#xa;C:\Program Files\NetBeans 8.2\platform&#xa;C:\Program Files\NetBeans 8.2\platform&#xa;C:\Program Files\NetBeans 8.2\platform&#xa;C:\Program Files\NetBeans 8.2\platform&#xa;C:\Program Files\NetBeans 8.2\platform&#xa;C:\Program Files\NetBeans 8.2\platform&#xa;C:\Program Files\NetBeans 8.2\platform&#xa;C:\Program Files\NetBeans 8.2\platform&#xa;C:\Program Files\NetBeans 8.2\platform&#xa;C:\Program Files\NetBeans 8.2\platform&#xa;C:\Program Files\NetBeans 8.2\platform&#xa;C:\Program Files\NetBeans 8.2\platform&#xa;C:\Program Files\NetBeans 8.2\platform&#xa;C:\Program Files\NetBeans 8.2\platform&#xa;C:\Program Files\NetBeans 8.2\platform&#xa;C:\Program Files\NetBeans 8.2\platform&#xa;C:\Program Files\NetBeans 8.2\platform&#xa;C:\Program Files\NetBeans 8.2\platform&#xa;C:\Program Files\NetBeans 8.2\platform&#xa;C:\Program Files\NetBeans 8.2\platform&#xa;C:\Program Files\NetBeans 8.2\platform&#xa;C:\Program Files\NetBeans 8.2\platform&#xa;C:\Program Files\NetBeans 8.2\platform&#xa;C:\Program Files\NetBeans 8.2\platform&#xa;C:\Program Files\NetBeans 8.2\platform&#xa;C:\Program Files\NetBeans 8.2\platform&#xa;C:\Program Files\NetBeans 8.2\platform&#xa;C:\Program Files\NetBeans 8.2\platform&#xa;C:\Program Files\NetBeans 8.2\platform&#xa;C:\Program Files\NetBeans 8.2\platform&#xa;C:\Program Files\NetBeans 8.2\platform&#xa;C:\Program Files\NetBeans 8.2\platform&#xa;C:\Program Files\NetBeans 8.2\platform&#xa;C:\Program Files\NetBeans 8.2\platform&#xa;C:\Program Files\NetBeans 8.2\platform&#xa;C:\Program Files\NetBeans 8.2\platform&#xa;C:\Program Files\NetBeans 8.2\platform&#xa;C:\Program Files\NetBeans 8.2\platform&#xa;C:\Program Files\NetBeans 8.2\platform&#xa;C:\Program Files\NetBeans 8.2\platform&#xa;C:\Program Files\NetBeans 8.2\platform&#xa;C:\Program Files\NetBeans 8.2\platform&#xa;C:\Program Files\NetBeans 8.2\platform&#xa;C:\Program Files\NetBeans 8.2\platform&#xa;C:\Program Files\NetBeans 8.2\platform&#xa;C:\Program Files\NetBeans 8.2\platform&#xa;C:\Program Files\NetBeans 8.2\platform&#xa;C:\Program Files\NetBeans 8.2\platform&#xa;C:\Program Files\NetBeans 8.2\platform&#xa;C:\Program Files\NetBeans 8.2\platform&#xa;C:\Program Files\NetBeans 8.2\platform&#xa;C:\Program Files\NetBeans 8.2\platform&#xa;C:\Program Files\NetBeans 8.2\platform&#xa;C:\Program Files\NetBeans 8.2\platform&#xa;C:\Program Files\NetBeans 8.2\platform&#xa;C:\Program Files\NetBeans 8.2\platform&#xa;C:\Program Files\NetBeans 8.2\platform&#xa;C:\Program Files\NetBeans 8.2\platform&#xa;C:\Program Files\NetBeans 8.2\platform&#xa;C:\Program Files\NetBeans 8.2\platform&#xa;C:\Program Files\NetBeans 8.2\platform&#xa;C:\Program Files\NetBeans 8.2\platform&#xa;C:\Program Files\NetBeans 8.2\platform&#xa;C:\Program Files\NetBeans 8.2\platform&#xa;C:\Program Files\NetBeans 8.2\platform&#xa;C:\Program Files\NetBeans 8.2\platform&#xa;C:\Program Files\NetBeans 8.2\platform&#xa;C:\Program Files\NetBeans 8.2\platform&#xa;C:\Program Files\NetBeans 8.2\platform&#xa;C:\Program Files\NetBeans 8.2\platform&#xa;C:\Program Files\NetBeans 8.2\platform&#xa;C:\Program Files\NetBeans 8.2\platform&#xa;C:\Program Files\NetBeans 8.2\platform&#xa;C:\Program Files\NetBeans 8.2\platform&#xa;C:\Program Files\NetBeans 8.2\platform&#xa;C:\Program Files\NetBeans 8.2\platform&#xa;C:\Program Files\NetBeans 8.2\platform&#xa;C:\Program Files\NetBeans 8.2\platform&#xa;C:\Program Files\NetBeans 8.2\profiler&#xa;C:\Program Files\NetBeans 8.2\profiler&#xa;C:\Program Files\NetBeans 8.2\profiler&#xa;C:\Program Files\NetBeans 8.2\profiler&#xa;C:\Program Files\NetBeans 8.2\profiler&#xa;C:\Program Files\NetBeans 8.2\profiler&#xa;C:\Program Files\NetBeans 8.2\profiler&#xa;C:\Program Files\NetBeans 8.2\profiler&#xa;C:\Program Files\NetBeans 8.2\profiler&#xa;C:\Program Files\NetBeans 8.2\profiler&#xa;C:\Program Files\NetBeans 8.2\profiler&#xa;C:\Program Files\NetBeans 8.2\profiler&#xa;C:\Program Files\NetBeans 8.2\profiler&#xa;C:\Program Files\NetBeans 8.2\profiler&#xa;C:\Program Files\NetBeans 8.2\profiler&#xa;C:\Program Files\NetBeans 8.2\profiler&#xa;C:\Program Files\NetBeans 8.2\profiler&#xa;C:\Program Files\NetBeans 8.2\profiler&#xa;C:\Program Files\NetBeans 8.2\profiler&#xa;C:\Program Files\NetBeans 8.2\profiler&#xa;C:\Program Files\NetBeans 8.2\profiler&#xa;C:\Program Files\NetBeans 8.2\profiler&#xa;C:\Program Files\NetBeans 8.2\webcommon&#xa;C:\Program Files\NetBeans 8.2\webcommon&#xa;C:\Program Files\NetBeans 8.2\webcommon&#xa;C:\Program Files\NetBeans 8.2\webcommon&#xa;C:\Program Files\NetBeans 8.2\webcommon&#xa;C:\Program Files\NetBeans 8.2\webcommon&#xa;C:\Program Files\NetBeans 8.2\webcommon&#xa;C:\Program Files\NetBeans 8.2\webcommon&#xa;C:\Program Files\NetBeans 8.2\webcommon&#xa;C:\Program Files\NetBeans 8.2\webcommon&#xa;C:\Program Files\NetBeans 8.2\webcommon&#xa;C:\Program Files\NetBeans 8.2\webcommon&#xa;C:\Program Files\NetBeans 8.2\webcommon&#xa;C:\Program Files\NetBeans 8.2\webcommon&#xa;C:\Program Files\NetBeans 8.2\webcommon&#xa;C:\Program Files\NetBeans 8.2\webcommon&#xa;C:\Program Files\NetBeans 8.2\webcommon&#xa;C:\Program Files\NetBeans 8.2\webcommon&#xa;C:\Program Files\NetBeans 8.2\webcommon&#xa;C:\Program Files\NetBeans 8.2\webcommon&#xa;C:\Program Files\NetBeans 8.2\webcommon&#xa;C:\Program Files\NetBeans 8.2\webcommon&#xa;C:\Program Files\NetBeans 8.2\webcommon&#xa;C:\Program Files\NetBeans 8.2\webcommon&#xa;C:\Program Files\NetBeans 8.2\webcommon&#xa;C:\Program Files\NetBeans 8.2\webcommon&#xa;C:\Program Files\NetBeans 8.2\webcommon&#xa;C:\Program Files\NetBeans 8.2\webcommon&#xa;C:\Program Files\NetBeans 8.2\webcommon&#xa;C:\Program Files\NetBeans 8.2\webcommon&#xa;C:\Program Files\NetBeans 8.2\webcommon&#xa;C:\Program Files\NetBeans 8.2\webcommon&#xa;C:\Program Files\NetBeans 8.2\webcommon&#xa;C:\Program Files\NetBeans 8.2\webcommon&#xa;C:\Program Files\NetBeans 8.2\webcommon&#xa;C:\Program Files\NetBeans 8.2\webcommon&#xa;C:\Program Files\NetBeans 8.2\webcommon&#xa;C:\Program Files\NetBeans 8.2\webcommon&#xa;C:\Program Files\NetBeans 8.2\webcommon&#xa;C:\Program Files\NetBeans 8.2\webcommon&#xa;C:\Program Files\NetBeans 8.2\webcommon&#xa;C:\Program Files\NetBeans 8.2\webcommon&#xa;C:\Program Files\NetBeans 8.2\webcommon&#xa;C:\Program Files\NetBeans 8.2\webcommon&#xa;C:\Program Files\NetBeans 8.2\webcommon&#xa;C:\Program Files\NetBeans 8.2\webcommon&#xa;C:\Program Files\NetBeans 8.2\webcommon&#xa;C:\Program Files\NetBeans 8.2\webcommon&#xa;C:\Program Files\NetBeans 8.2\webcommon&#xa;C:\Program Files\NetBeans 8.2\webcommon&#xa;C:\Program Files\NetBeans 8.2\webcommon&#xa;C:\Program Files\NetBeans 8.2\webcommon&#xa;C:\Program Files\NetBeans 8.2\webcommon&#xa;C:\Program Files\NetBeans 8.2\webcommon&#xa;C:\Program Files\NetBeans 8.2\websvccommon&#xa;C:\Program Files\NetBeans 8.2\websvccommon&#xa;C:\Program Files\NetBeans 8.2\websvccommon&#xa;C:\Program Files\NetBeans 8.2\websvccommon&#xa;C:\Program Files\NetBeans 8.2\websvccommon&#xa;C:\Program Files\NetBeans 8.2\websvccommon&#xa;C:\Program Files\NetBeans 8.2\websvccommon&#xa;C:\Program Files\NetBeans 8.2\websvccommon&#xa;C:\Program Files\NetBeans 8.2\websvccommon&#xa;C:\Program Files\NetBeans 8.2\websvccommon&#xa;C:\Program Files\NetBeans 8.2\websvccommon&#xa;C:\Program Files\NetBeans 8.2\websvccommon&#xa;C:\Program Files\NetBeans 8.2\websvccommon" />
    <property name="build.compiler.debug" value="true" />
    <property name="ant.file.org.huberb.nbwordcount" value="D:\projects\project-backups\github-netbeansplugins\netbeansplugins\nb-wordcount\build.xml" />
    <property name="libs.jsp-compilation.javadoc" value="" />
    <property name="user.dir" value="C:\Program Files\NetBeans 8.2" />
    <property name="libs.javaee-api-7.0.src" value="" />
    <property name="java.vm.version" value="25.45-b02" />
    <property name="libs.MySQLDriver.classpath" value="C:\Program Files\NetBeans 8.2\ide\modules\ext\mysql-connector-java-5.1.23-bin.jar" />
    <property name="build.test.qa-functional.dir" value="D:\projects\project-backups\github-netbeansplugins\netbeansplugins\nb-wordcount\build\test\qa-functional" />
    <property name="libs.eclipselinkmodelgen.src" value="" />
    <property name="netbeans.autoupdate.version" value="1.23" />
    <property name="libs.EclipseLink-GlassFish-v3.classpath" value="C:\Program Files\glassfish-4.1.1\glassfish\modules\org.eclipse.persistence.antlr.jar;C:\Program Files\glassfish-4.1.1\glassfish\modules\org.eclipse.persistence.asm.jar;C:\Program Files\glassfish-4.1.1\glassfish\modules\org.eclipse.persistence.core.jar;C:\Program Files\glassfish-4.1.1\glassfish\modules\org.eclipse.persistence.dbws.jar;C:\Program Files\glassfish-4.1.1\glassfish\modules\org.eclipse.persistence.jpa.jar;C:\Program Files\glassfish-4.1.1\glassfish\modules\org.eclipse.persistence.jpa.jpql.jar;C:\Program Files\glassfish-4.1.1\glassfish\modules\org.eclipse.persistence.jpa.modelgen.processor.jar;C:\Program Files\glassfish-4.1.1\glassfish\modules\org.eclipse.persistence.moxy.jar;C:\Program Files\glassfish-4.1.1\glassfish\modules\org.eclipse.persistence.oracle.jar;C:\Program Files\glassfish-4.1.1\glassfish\modules\javax.persistence.jar" />
    <property name="libs.javaee-web-api-6.0.classpath" value="C:\Program Files\NetBeans 8.2\enterprise\modules\ext\javaee-web-api-6.0.jar" />
    <property name="build.package.index" value="false" />
    <property name="retouche.javac.api" value="C:\Program Files\NetBeans 8.2\java\modules\ext\nb-javac-api.jar" />
    <property name="libs.Java-EE-GlassFish-v3-Prelude.javadoc" value="C:\Program Files\NetBeans 8.2\enterprise\docs\javaee-doc-api.jar" />
    <property name="jdk.home" value="C:\Program Files\Java\jdk1.8.0_45" />
    <property name="nbm" value="org-huberb-nbwordcount.nbm" />
    <property name="libs.javac-api.src" value="" />
    <property name="javahelp.search" value="JavaHelpSearch" />
    <property name="libs.jpa2-persistence.classpath" value="C:\Program Files\NetBeans 8.2\java\modules\ext\hibernate4\hibernate-jpa-2.1-api-1.0.0.Final.jar" />
    <property name="sun.os.patch.level" value="" />
    <property name="libs.Java-EE-GlassFish-v3-Prelude.src" value="" />
    <property name="java.vm.specification.name" value="Java Virtual Machine Specification" />
    <property name="nb.show.statistics.ui" value="usageStatisticsEnabled" />
    <property name="netbeans.autoupdate.variant" value="" />
    <property name="cluster.path.basedir" value="D:\projects\project-backups\github-netbeansplugins\netbeansplugins\nb-wordcount" />
    <property name="org.xml.sax.driver" value="com.sun.org.apache.xerces.internal.jaxp.SAXParserImpl$JAXPSAXParser" />
    <property name="libs.hamcrest.classpath" value="C:\Program Files\NetBeans 8.2\platform\modules\ext\hamcrest-core-1.3.jar" />
    <property name="test.unit.dir" value="D:\projects\project-backups\github-netbeansplugins\netbeansplugins\nb-wordcount\test\unit" />
    <property name="libs.javac-api.javadoc" value="" />
    <property name="os.name" value="Windows 8.1" />
    <property name="public.packages" value="-" />
    <property name="module.files.toString" value="patternSet{ includes: [modules/org-huberb-nbwordcount.jar, modules/docs/org-huberb-nbwordcount.jar:if-&gt;has.javahelp, config/Modules/org-huberb-nbwordcount.xml, config/ModuleAutoDeps/org-huberb-nbwordcount.xml:if-&gt;has.module.auto.deps, ant/nblib/org-huberb-nbwordcount.jar] excludes: [] }" />
    <property name="libs.beans-binding.classpath" value="C:\Program Files\NetBeans 8.2\java\modules\ext\beansbinding-1.2.1.jar" />
    <property name="libs.javaee-endorsed-api-7.0.maven-pom" value="" />
    <property name="test.unit.src.dir" value="D:\projects\project-backups\github-netbeansplugins\netbeansplugins\nb-wordcount\test\unit\src" />
    <property name="jhall.jar" value="C:\Program Files\NetBeans 8.2\harness\antlib\jsearch-2.0_05.jar" />
    <property name="libs.restapi.javadoc" value="" />
    <property name="libs.JWSAntTasks.maven-pom" value="" />
    <property name="libs.jstl.classpath" value="C:\Program Files\NetBeans 8.2\enterprise\modules\ext\jstl-impl.jar;C:\Program Files\NetBeans 8.2\enterprise\modules\ext\jstl-api.jar" />
    <property name="libs.testng.src" value="" />
    <property name="libs.spring-webmvc3.0.src" value="" />
    <property name="libs.restapi.classpath" value="C:\Program Files\NetBeans 8.2\enterprise\modules\ext\jaxrs-2.0\javax.ws.rs-api-2.0.jar" />
    <property name="java.vendor.url.bug" value="http://bugreport.sun.com/bugreport/" />
    <property name="buildnumber" value="171005" />
    <property name="nbplatform.active" value="default" />
    <property name="libs.jaxb.maven-pom" value="" />
    <property name="extra.module.files" value="" />
    <property name="continue.after.failing.tests" value="true" />
    <property name="os.arch" value="amd64" />
    <property name="libs.eclipselink.src" value="" />
    <property name="user.name" value="berni3" />
    <property name="libs.jsf12.javadoc" value="C:\Program Files\NetBeans 8.2\enterprise\docs\javaee-doc-api.jar" />
    <property name="libs.Comet-GlassFish-v3.javadoc" value="" />
    <property name="libs.spring-webmvc3.0.maven-pom" value="" />
    <property name="libs.swing-layout.maven-pom" value="" />
    <property name="sun.java.command" value="org.apache.tools.ant.taskdefs.optional.junit.JUnitTestRunner org.huberb.nbwordcount.model.counters.SimpleLineCounterTest skipNonTests=false filtertrace=true haltOnError=false haltOnFailure=false showoutput=true outputtoformatters=true logfailedtests=true threadid=0 logtestlistenerevents=true formatter=org.apache.tools.ant.taskdefs.optional.junit.BriefJUnitResultFormatter formatter=org.apache.tools.ant.taskdefs.optional.junit.XMLJUnitResultFormatter,D:\projects\project-backups\github-netbeansplugins\netbeansplugins\nb-wordcount\build\test\unit\results\TEST-org.huberb.nbwordcount.model.counters.SimpleLineCounterTest.xml crashfile=D:\projects\project-backups\github-netbeansplugins\netbeansplugins\nb-wordcount\build\test\unit\results\junitvmwatcher1612439211393556036.properties propsfile=D:\projects\project-backups\github-netbeansplugins\netbeansplugins\nb-wordcount\build\test\unit\results\junit6554438492855285360.properties" />
    <property name="build.classes.dir" value="D:\projects\project-backups\github-netbeansplugins\netbeansplugins\nb-wordcount\build\classes" />
    <property name="netbeans.accept_license_class" value="org.netbeans.license.AcceptLicense" />
    <property name="build.sysclasspath" value="ignore" />
    <property name="module.startlevel" value="" />
    <property name="libs.javaee-endorsed-api-7.0.javadoc" value="C:\Program Files\NetBeans 8.2\enterprise\docs\javaee-doc-api.jar" />
    <property name="libs.jaxws21.javadoc" value="C:\Program Files\NetBeans 8.2\java\docs\jaxws-api-doc.zip" />
    <property name="test.run.args" value="-ea" />
    <property name="libs.spring-webmvc4.0.javadoc" value="" />
    <property name="spec.version.base" value="1.0" />
    <property name="module.processor.classpath" value="C:\Program Files\NetBeans 8.2\platform\modules\org-netbeans-api-progress.jar:C:\Program Files\NetBeans 8.2\platform\lib\org-openide-modules.jar:C:\Program Files\NetBeans 8.2\platform\lib\org-openide-util-ui.jar:C:\Program Files\NetBeans 8.2\platform\lib\org-openide-util.jar:C:\Program Files\NetBeans 8.2\platform\lib\org-openide-util-lookup.jar:C:\Program Files\NetBeans 8.2\platform\lib\org-openide-util-lookup.jar:C:\Program Files\NetBeans 8.2\platform\modules\org-netbeans-api-templates.jar:C:\Program Files\NetBeans 8.2\platform\modules\org-netbeans-api-annotations-common.jar:C:\Program Files\NetBeans 8.2\platform\modules\org-netbeans-modules-queries.jar:C:\Program Files\NetBeans 8.2\platform\core\org-openide-filesystems.jar:C:\Program Files\NetBeans 8.2\platform\lib\org-openide-util.jar:C:\Program Files\NetBeans 8.2\platform\lib\org-openide-util-lookup.jar:C:\Program Files\NetBeans 8.2\platform\lib\org-openide-util-lookup.jar:C:\Program Files\NetBeans 8.2\platform\modules\org-netbeans-api-progress-nb.jar:C:\Program Files\NetBeans 8.2\platform\lib\org-openide-util-ui.jar:C:\Program Files\NetBeans 8.2\platform\lib\org-openide-util.jar:C:\Program Files\NetBeans 8.2\platform\lib\org-openide-util-lookup.jar:C:\Program Files\NetBeans 8.2\platform\modules\org-openide-awt.jar:C:\Program Files\NetBeans 8.2\platform\modules\org-netbeans-api-annotations-common.jar:C:\Program Files\NetBeans 8.2\platform\core\org-openide-filesystems.jar:C:\Program Files\NetBeans 8.2\platform\modules\org-netbeans-api-progress.jar:C:\Program Files\NetBeans 8.2\platform\lib\org-openide-modules.jar:C:\Program Files\NetBeans 8.2\platform\modules\org-openide-windows.jar:C:\Program Files\NetBeans 8.2\platform\modules\org-openide-awt.jar:C:\Program Files\NetBeans 8.2\platform\modules\org-netbeans-api-annotations-common.jar:C:\Program Files\NetBeans 8.2\platform\core\org-openide-filesystems.jar:C:\Program Files\NetBeans 8.2\platform\lib\org-openide-util.jar:C:\Program Files\NetBeans 8.2\platform\lib\org-openide-util-lookup.jar:C:\Program Files\NetBeans 8.2\platform\lib\org-openide-util-ui.jar:C:\Program Files\NetBeans 8.2\platform\modules\org-openide-nodes.jar:C:\Program Files\NetBeans 8.2\platform\modules\org-openide-dialogs.jar:C:\Program Files\NetBeans 8.2\platform\modules\org-netbeans-api-progress.jar:C:\Program Files\NetBeans 8.2\platform\lib\org-openide-modules.jar:C:\Program Files\NetBeans 8.2\platform\modules\org-netbeans-api-progress-nb.jar:C:\Program Files\NetBeans 8.2\platform\core\org-openide-filesystems.jar:C:\Program Files\NetBeans 8.2\platform\lib\org-openide-util.jar:C:\Program Files\NetBeans 8.2\platform\lib\org-openide-util-lookup.jar:C:\Program Files\NetBeans 8.2\platform\modules\org-openide-loaders.jar:C:\Program Files\NetBeans 8.2\platform\modules\org-netbeans-api-annotations-common.jar:C:\Program Files\NetBeans 8.2\platform\modules\org-netbeans-api-progress.jar:C:\Program Files\NetBeans 8.2\platform\lib\org-openide-modules.jar:C:\Program Files\NetBeans 8.2\platform\lib\org-openide-util-ui.jar:C:\Program Files\NetBeans 8.2\platform\lib\org-openide-util.jar:C:\Program Files\NetBeans 8.2\platform\lib\org-openide-util-lookup.jar:C:\Program Files\NetBeans 8.2\platform\modules\org-netbeans-api-progress-nb.jar:C:\Program Files\NetBeans 8.2\platform\modules\org-openide-awt.jar:C:\Program Files\NetBeans 8.2\platform\core\org-openide-filesystems.jar:C:\Program Files\NetBeans 8.2\platform\modules\org-netbeans-modules-editor-mimelookup.jar:C:\Program Files\NetBeans 8.2\platform\modules\org-netbeans-modules-queries.jar:C:\Program Files\NetBeans 8.2\platform\modules\org-openide-actions.jar:C:\Program Files\NetBeans 8.2\platform\modules\org-openide-dialogs.jar:C:\Program Files\NetBeans 8.2\platform\modules\org-openide-explorer.jar:C:\Program Files\NetBeans 8.2\platform\modules\org-netbeans-swing-outline.jar:C:\Program Files\NetBeans 8.2\platform\modules\org-netbeans-swing-tabcontrol.jar:C:\Program Files\NetBeans 8.2\platform\modules\org-openide-windows.jar:C:\Program Files\NetBeans 8.2\platform\modules\org-openide-nodes.jar:C:\Program Files\NetBeans 8.2\platform\modules\org-openide-text.jar:C:\Program Files\NetBeans 8.2\platform\modules\org-openide-filesystems-nb.jar:C:\Program Files\NetBeans 8.2\platform\modules\org-netbeans-api-templates.jar:C:\Program Files\NetBeans 8.2\platform\modules\org-openide-nodes.jar:C:\Program Files\NetBeans 8.2\platform\modules\org-openide-awt.jar:C:\Program Files\NetBeans 8.2\platform\modules\org-netbeans-api-annotations-common.jar:C:\Program Files\NetBeans 8.2\platform\core\org-openide-filesystems.jar:C:\Program Files\NetBeans 8.2\platform\lib\org-openide-util.jar:C:\Program Files\NetBeans 8.2\platform\lib\org-openide-util-lookup.jar:C:\Program Files\NetBeans 8.2\platform\lib\org-openide-util-ui.jar:C:\Program Files\NetBeans 8.2\platform\modules\org-openide-dialogs.jar:C:\Program Files\NetBeans 8.2\platform\modules\org-netbeans-api-progress.jar:C:\Program Files\NetBeans 8.2\platform\lib\org-openide-modules.jar:C:\Program Files\NetBeans 8.2\platform\modules\org-netbeans-api-progress-nb.jar:C:\Program Files\NetBeans 8.2\platform\modules\org-jdesktop-layout.jar:C:\Program Files\NetBeans 8.2\platform\modules\ext\swing-layout-1.0.4.jar:C:\Program Files\NetBeans 8.2\platform\modules\ext\swing-layout-1.0.4.jar:C:\Program Files\NetBeans 8.2\platform\modules\org-openide-awt.jar:C:\Program Files\NetBeans 8.2\platform\modules\org-netbeans-api-annotations-common.jar:C:\Program Files\NetBeans 8.2\platform\core\org-openide-filesystems.jar:C:\Program Files\NetBeans 8.2\platform\lib\org-openide-util.jar:C:\Program Files\NetBeans 8.2\platform\lib\org-openide-util-lookup.jar:C:\Program Files\NetBeans 8.2\platform\lib\org-openide-util-ui.jar:C:\Program Files\NetBeans 8.2\platform\modules\org-netbeans-api-progress-compat8.jar:C:\Program Files\NetBeans 8.2\platform\modules\org-netbeans-api-progress.jar:C:\Program Files\NetBeans 8.2\platform\lib\org-openide-modules.jar:C:\Program Files\NetBeans 8.2\platform\lib\org-openide-util-ui.jar:C:\Program Files\NetBeans 8.2\platform\lib\org-openide-util.jar:C:\Program Files\NetBeans 8.2\platform\lib\org-openide-util-lookup.jar:C:\Program Files\NetBeans 8.2\platform\lib\org-openide-util.jar:C:\Program Files\NetBeans 8.2\platform\lib\org-openide-util-lookup.jar:C:\Program Files\NetBeans 8.2\platform\modules\org-openide-filesystems-nb.jar:C:\Program Files\NetBeans 8.2\platform\core\org-openide-filesystems.jar:C:\Program Files\NetBeans 8.2\platform\lib\org-openide-util.jar:C:\Program Files\NetBeans 8.2\platform\lib\org-openide-util-lookup.jar:C:\Program Files\NetBeans 8.2\platform\lib\org-openide-util-ui.jar:C:\Program Files\NetBeans 8.2\platform\lib\org-openide-util-ui.jar:C:\Program Files\NetBeans 8.2\platform\lib\org-openide-util.jar:C:\Program Files\NetBeans 8.2\platform\lib\org-openide-util-lookup.jar:C:\Program Files\NetBeans 8.2\platform\core\org-openide-filesystems-compat8.jar:C:\Program Files\NetBeans 8.2\platform\core\org-openide-filesystems.jar:C:\Program Files\NetBeans 8.2\platform\lib\org-openide-util.jar:C:\Program Files\NetBeans 8.2\platform\lib\org-openide-util-lookup.jar:C:\Program Files\NetBeans 8.2\platform\lib\org-openide-modules.jar:C:\Program Files\NetBeans 8.2\platform\lib\org-openide-util-ui.jar" />
    <property name="user.country" value="US" />
    <property name="javahelp.hs" value="nbwordcount.hs" />
    <property name="check.module.startlevel" value="true" />
    <property name="libs.jsp-compilation-syscp.src" value="" />
    <property name="libs.JAVADB_DRIVER_LABEL.src" value="" />
    <property name="ant.file.type.harness" value="file" />
    <property name="libs.spring-framework400.classpath" value="C:\Program Files\NetBeans 8.2\ide\modules\org-apache-commons-logging.jar;C:\Program Files\NetBeans 8.2\java\modules\ext\cglib-2.2.jar;C:\Program Files\NetBeans 8.2\java\modules\ext\spring-4\spring-aop-4.0.1.RELEASE.jar;C:\Program Files\NetBeans 8.2\java\modules\ext\spring-4\spring-aspects-4.0.1.RELEASE.jar;C:\Program Files\NetBeans 8.2\java\modules\ext\spring-4\spring-beans-4.0.1.RELEASE.jar;C:\Program Files\NetBeans 8.2\java\modules\ext\spring-4\spring-build-src-4.0.1.RELEASE.jar;C:\Program Files\NetBeans 8.2\java\modules\ext\spring-4\spring-context-4.0.1.RELEASE.jar;C:\Program Files\NetBeans 8.2\java\modules\ext\spring-4\spring-context-support-4.0.1.RELEASE.jar;C:\Program Files\NetBeans 8.2\java\modules\ext\spring-4\spring-core-4.0.1.RELEASE.jar;C:\Program Files\NetBeans 8.2\java\modules\ext\spring-4\spring-expression-4.0.1.RELEASE.jar;C:\Program Files\NetBeans 8.2\java\modules\ext\spring-4\spring-framework-bom-4.0.1.RELEASE.jar;C:\Program Files\NetBeans 8.2\java\modules\ext\spring-4\spring-instrument-4.0.1.RELEASE.jar;C:\Program Files\NetBeans 8.2\java\modules\ext\spring-4\spring-instrument-tomcat-4.0.1.RELEASE.jar;C:\Program Files\NetBeans 8.2\java\modules\ext\spring-4\spring-jdbc-4.0.1.RELEASE.jar;C:\Program Files\NetBeans 8.2\java\modules\ext\spring-4\spring-jms-4.0.1.RELEASE.jar;C:\Program Files\NetBeans 8.2\java\modules\ext\spring-4\spring-messaging-4.0.1.RELEASE.jar;C:\Program Files\NetBeans 8.2\java\modules\ext\spring-4\spring-orm-4.0.1.RELEASE.jar;C:\Program Files\NetBeans 8.2\java\modules\ext\spring-4\spring-oxm-4.0.1.RELEASE.jar;C:\Program Files\NetBeans 8.2\java\modules\ext\spring-4\spring-test-4.0.1.RELEASE.jar;C:\Program Files\NetBeans 8.2\java\modules\ext\spring-4\spring-tx-4.0.1.RELEASE.jar;C:\Program Files\NetBeans 8.2\java\modules\ext\spring-4\spring-web-4.0.1.RELEASE.jar;C:\Program Files\NetBeans 8.2\java\modules\ext\spring-4\spring-webmvc-4.0.1.RELEASE.jar;C:\Program Files\NetBeans 8.2\java\modules\ext\spring-4\spring-webmvc-portlet-4.0.1.RELEASE.jar;C:\Program Files\NetBeans 8.2\java\modules\ext\spring-4\spring-websocket-4.0.1.RELEASE.jar" />
    <property name="ant.file.jdk" value="C:\Program Files\NetBeans 8.2\harness\jdk.xml" />
    <property name="dtd.cp" value="C:\Program Files\NetBeans 8.2\platform\core\org-openide-filesystems.jar" />
    <property name="disabled.modules" value="" />
    <property name="netbeans.home" value="C:\Program Files\NetBeans 8.2\platform" />
    <property name="build.compiler.emacs" value="true" />
    <property name="libs.javaee-web-api-6.0.src" value="" />
    <property name="libs.jsp-compilation-syscp.classpath" value="C:\Program Files\NetBeans 8.2\extide\ant\lib\ant.jar;C:\Program Files\NetBeans 8.2\enterprise\modules\ext\servlet3.1-jsp2.3-api.jar;C:\Program Files\NetBeans 8.2\enterprise\modules\ext\glassfish-jspparser-4.0.jar;C:\Program Files\NetBeans 8.2\enterprise\modules\ext\jstl-impl.jar;C:\Program Files\NetBeans 8.2\enterprise\modules\ext\jsf-2_2\javax.faces.jar" />
    <property name="java.endorsed.dirs" value="C:\Program Files\Java\jdk1.8.0_45\jre\lib\endorsed" />
    <property name="libs.Comet-GlassFish-v3.maven-pom" value="" />
    <property name="libs.groovy-all.src" value="" />
    <property name="test.includes" value="**/*Test.class" />
    <property name="netbeans.dynamic.classpath" value="C:\Users\berni3\AppData\Roaming\NetBeans\8.2\core\org-openide-filesystems.jar;C:\Users\berni3\AppData\Roaming\NetBeans\8.2\core\locale\org-openide-filesystems_ja.jar;C:\Users\berni3\AppData\Roaming\NetBeans\8.2\core\locale\org-openide-filesystems_pt_BR.jar;C:\Users\berni3\AppData\Roaming\NetBeans\8.2\core\locale\org-openide-filesystems_ru.jar;C:\Users\berni3\AppData\Roaming\NetBeans\8.2\core\locale\org-openide-filesystems_zh_CN.jar;C:\Program Files\NetBeans 8.2\platform\core\asm-all-5.0.1.jar;C:\Program Files\NetBeans 8.2\platform\core\core-base.jar;C:\Program Files\NetBeans 8.2\platform\core\core.jar;C:\Program Files\NetBeans 8.2\platform\core\org-netbeans-libs-asm.jar;C:\Program Files\NetBeans 8.2\platform\core\org-openide-filesystems-compat8.jar;C:\Program Files\NetBeans 8.2\platform\core\locale\core-base_ja.jar;C:\Program Files\NetBeans 8.2\platform\core\locale\core-base_pt_BR.jar;C:\Program Files\NetBeans 8.2\platform\core\locale\core-base_ru.jar;C:\Program Files\NetBeans 8.2\platform\core\locale\core-base_zh_CN.jar;C:\Program Files\NetBeans 8.2\platform\core\locale\core_ja.jar;C:\Program Files\NetBeans 8.2\platform\core\locale\core_pt_BR.jar;C:\Program Files\NetBeans 8.2\platform\core\locale\core_ru.jar;C:\Program Files\NetBeans 8.2\platform\core\locale\core_zh_CN.jar;C:\Program Files\NetBeans 8.2\platform\core\locale\org-netbeans-libs-asm_ja.jar;C:\Program Files\NetBeans 8.2\platform\core\locale\org-netbeans-libs-asm_pt_BR.jar;C:\Program Files\NetBeans 8.2\platform\core\locale\org-netbeans-libs-asm_ru.jar;C:\Program Files\NetBeans 8.2\platform\core\locale\org-netbeans-libs-asm_zh_CN.jar;C:\Program Files\NetBeans 8.2\platform\core\locale\org-openide-filesystems-compat8_ja.jar;C:\Program Files\NetBeans 8.2\platform\core\locale\org-openide-filesystems-compat8_pt_BR.jar;C:\Program Files\NetBeans 8.2\platform\core\locale\org-openide-filesystems-compat8_ru.jar;C:\Program Files\NetBeans 8.2\platform\core\locale\org-openide-filesystems-compat8_zh_CN.jar;C:\Program Files\NetBeans 8.2\nb\core\org-netbeans-upgrader.jar;C:\Program Files\NetBeans 8.2\nb\core\locale\core_nb.jar;C:\Program Files\NetBeans 8.2\nb\core\locale\core_nb_ja.jar;C:\Program Files\NetBeans 8.2\nb\core\locale\core_nb_pt_BR.jar;C:\Program Files\NetBeans 8.2\nb\core\locale\core_nb_ru.jar;C:\Program Files\NetBeans 8.2\nb\core\locale\core_nb_zh_CN.jar;C:\Program Files\NetBeans 8.2\nb\core\locale\org-netbeans-upgrader_ja.jar;C:\Program Files\NetBeans 8.2\nb\core\locale\org-netbeans-upgrader_pt_BR.jar;C:\Program Files\NetBeans 8.2\nb\core\locale\org-netbeans-upgrader_ru.jar;C:\Program Files\NetBeans 8.2\nb\core\locale\org-netbeans-upgrader_zh_CN.jar" />
    <property name="java.vm.specification.version" value="1.8" />
    <property name="test.excludes" value="" />
    <property name="libs.hibernate4-support.src" value="" />
    <property name="libs.primefaces.classpath" value="C:\Program Files\NetBeans 8.2\enterprise\modules\ext\primefaces\primefaces-5.0.jar" />
    <property name="libs.javaee-api-6.0.classpath" value="C:\Program Files\NetBeans 8.2\enterprise\modules\ext\javaee-api-6.0.jar" />
    <property name="libs.groovy-all.maven-pom" value="" />
    <property name="netbeans.productversion" value="NetBeans IDE 8.2 (Build 201705191307)" />
    <property name="libs.jaxws21.src" value="" />
    <property name="netbeans.autoupdate.language" value="en" />
    <property name="cluster.path.final" value="C:\Program Files\NetBeans 8.2\apisupport;C:\Program Files\NetBeans 8.2\enterprise;C:\Program Files\NetBeans 8.2\extide;C:\Program Files\NetBeans 8.2\harness;C:\Program Files\NetBeans 8.2\ide;C:\Program Files\NetBeans 8.2\java;C:\Program Files\NetBeans 8.2\javafx;C:\Program Files\NetBeans 8.2\nb;C:\Program Files\NetBeans 8.2\platform;C:\Program Files\NetBeans 8.2\profiler;C:\Program Files\NetBeans 8.2\webcommon;C:\Program Files\NetBeans 8.2\websvccommon:D:\projects\project-backups\github-netbeansplugins\netbeansplugins\nb-wordcount\build\cluster" />
    <property name="java.vendor" value="Oracle Corporation" />
    <property name="old.project.clusters.duplicates.file" value="D:\projects\project-backups\github-netbeansplugins\netbeansplugins\nb-wordcount\build\duplicates67285845" />
    <property name="libs.javaee-api-6.0.javadoc" value="C:\Program Files\NetBeans 8.2\enterprise\docs\javaee-doc-api.jar" />
    <property name="code.name.base.dashes" value="org-huberb-nbwordcount" />
    <property name="file.separator" value="\" />
    <property name="libs.Java-EE-GlassFish-v3-Prelude.maven-pom" value="" />
    <property name="module.run.classpath" value="C:\Program Files\NetBeans 8.2\platform\modules\org-netbeans-api-progress.jar:C:\Program Files\NetBeans 8.2\platform\lib\org-openide-modules.jar:C:\Program Files\NetBeans 8.2\platform\lib\org-openide-util-ui.jar:C:\Program Files\NetBeans 8.2\platform\lib\org-openide-util.jar:C:\Program Files\NetBeans 8.2\platform\lib\org-openide-util-lookup.jar:C:\Program Files\NetBeans 8.2\platform\lib\org-openide-util-lookup.jar:C:\Program Files\NetBeans 8.2\platform\modules\org-netbeans-api-templates.jar:C:\Program Files\NetBeans 8.2\platform\modules\org-netbeans-api-annotations-common.jar:C:\Program Files\NetBeans 8.2\platform\modules\org-netbeans-modules-queries.jar:C:\Program Files\NetBeans 8.2\platform\core\org-openide-filesystems.jar:C:\Program Files\NetBeans 8.2\platform\lib\org-openide-util.jar:C:\Program Files\NetBeans 8.2\platform\lib\org-openide-util-lookup.jar:C:\Program Files\NetBeans 8.2\platform\lib\org-openide-util-lookup.jar:C:\Program Files\NetBeans 8.2\platform\modules\org-netbeans-api-progress-nb.jar:C:\Program Files\NetBeans 8.2\platform\lib\org-openide-util-ui.jar:C:\Program Files\NetBeans 8.2\platform\lib\org-openide-util.jar:C:\Program Files\NetBeans 8.2\platform\lib\org-openide-util-lookup.jar:C:\Program Files\NetBeans 8.2\platform\modules\org-openide-awt.jar:C:\Program Files\NetBeans 8.2\platform\modules\org-netbeans-api-annotations-common.jar:C:\Program Files\NetBeans 8.2\platform\core\org-openide-filesystems.jar:C:\Program Files\NetBeans 8.2\platform\modules\org-netbeans-api-progress.jar:C:\Program Files\NetBeans 8.2\platform\lib\org-openide-modules.jar:C:\Program Files\NetBeans 8.2\platform\modules\org-openide-windows.jar:C:\Program Files\NetBeans 8.2\platform\modules\org-openide-awt.jar:C:\Program Files\NetBeans 8.2\platform\modules\org-netbeans-api-annotations-common.jar:C:\Program Files\NetBeans 8.2\platform\core\org-openide-filesystems.jar:C:\Program Files\NetBeans 8.2\platform\lib\org-openide-util.jar:C:\Program Files\NetBeans 8.2\platform\lib\org-openide-util-lookup.jar:C:\Program Files\NetBeans 8.2\platform\lib\org-openide-util-ui.jar:C:\Program Files\NetBeans 8.2\platform\modules\org-openide-nodes.jar:C:\Program Files\NetBeans 8.2\platform\modules\org-openide-dialogs.jar:C:\Program Files\NetBeans 8.2\platform\modules\org-netbeans-api-progress.jar:C:\Program Files\NetBeans 8.2\platform\lib\org-openide-modules.jar:C:\Program Files\NetBeans 8.2\platform\modules\org-netbeans-api-progress-nb.jar:C:\Program Files\NetBeans 8.2\platform\core\org-openide-filesystems.jar:C:\Program Files\NetBeans 8.2\platform\lib\org-openide-util.jar:C:\Program Files\NetBeans 8.2\platform\lib\org-openide-util-lookup.jar:C:\Program Files\NetBeans 8.2\platform\modules\org-openide-loaders.jar:C:\Program Files\NetBeans 8.2\platform\modules\org-netbeans-api-annotations-common.jar:C:\Program Files\NetBeans 8.2\platform\modules\org-netbeans-api-progress.jar:C:\Program Files\NetBeans 8.2\platform\lib\org-openide-modules.jar:C:\Program Files\NetBeans 8.2\platform\lib\org-openide-util-ui.jar:C:\Program Files\NetBeans 8.2\platform\lib\org-openide-util.jar:C:\Program Files\NetBeans 8.2\platform\lib\org-openide-util-lookup.jar:C:\Program Files\NetBeans 8.2\platform\modules\org-netbeans-api-progress-nb.jar:C:\Program Files\NetBeans 8.2\platform\modules\org-openide-awt.jar:C:\Program Files\NetBeans 8.2\platform\core\org-openide-filesystems.jar:C:\Program Files\NetBeans 8.2\platform\modules\org-netbeans-modules-editor-mimelookup.jar:C:\Program Files\NetBeans 8.2\platform\modules\org-netbeans-modules-queries.jar:C:\Program Files\NetBeans 8.2\platform\modules\org-openide-actions.jar:C:\Program Files\NetBeans 8.2\platform\modules\org-openide-dialogs.jar:C:\Program Files\NetBeans 8.2\platform\modules\org-openide-explorer.jar:C:\Program Files\NetBeans 8.2\platform\modules\org-netbeans-swing-outline.jar:C:\Program Files\NetBeans 8.2\platform\modules\org-netbeans-swing-tabcontrol.jar:C:\Program Files\NetBeans 8.2\platform\modules\org-openide-windows.jar:C:\Program Files\NetBeans 8.2\platform\modules\org-openide-nodes.jar:C:\Program Files\NetBeans 8.2\platform\modules\org-openide-text.jar:C:\Program Files\NetBeans 8.2\platform\modules\org-openide-filesystems-nb.jar:C:\Program Files\NetBeans 8.2\platform\modules\org-netbeans-api-templates.jar:C:\Program Files\NetBeans 8.2\platform\modules\org-openide-nodes.jar:C:\Program Files\NetBeans 8.2\platform\modules\org-openide-awt.jar:C:\Program Files\NetBeans 8.2\platform\modules\org-netbeans-api-annotations-common.jar:C:\Program Files\NetBeans 8.2\platform\core\org-openide-filesystems.jar:C:\Program Files\NetBeans 8.2\platform\lib\org-openide-util.jar:C:\Program Files\NetBeans 8.2\platform\lib\org-openide-util-lookup.jar:C:\Program Files\NetBeans 8.2\platform\lib\org-openide-util-ui.jar:C:\Program Files\NetBeans 8.2\platform\modules\org-openide-dialogs.jar:C:\Program Files\NetBeans 8.2\platform\modules\org-netbeans-api-progress.jar:C:\Program Files\NetBeans 8.2\platform\lib\org-openide-modules.jar:C:\Program Files\NetBeans 8.2\platform\modules\org-netbeans-api-progress-nb.jar:C:\Program Files\NetBeans 8.2\platform\modules\org-jdesktop-layout.jar:C:\Program Files\NetBeans 8.2\platform\modules\ext\swing-layout-1.0.4.jar:C:\Program Files\NetBeans 8.2\platform\modules\ext\swing-layout-1.0.4.jar:C:\Program Files\NetBeans 8.2\platform\modules\org-openide-awt.jar:C:\Program Files\NetBeans 8.2\platform\modules\org-netbeans-api-annotations-common.jar:C:\Program Files\NetBeans 8.2\platform\core\org-openide-filesystems.jar:C:\Program Files\NetBeans 8.2\platform\lib\org-openide-util.jar:C:\Program Files\NetBeans 8.2\platform\lib\org-openide-util-lookup.jar:C:\Program Files\NetBeans 8.2\platform\lib\org-openide-util-ui.jar:C:\Program Files\NetBeans 8.2\platform\modules\org-netbeans-api-progress-compat8.jar:C:\Program Files\NetBeans 8.2\platform\modules\org-netbeans-api-progress.jar:C:\Program Files\NetBeans 8.2\platform\lib\org-openide-modules.jar:C:\Program Files\NetBeans 8.2\platform\lib\org-openide-util-ui.jar:C:\Program Files\NetBeans 8.2\platform\lib\org-openide-util.jar:C:\Program Files\NetBeans 8.2\platform\lib\org-openide-util-lookup.jar:C:\Program Files\NetBeans 8.2\platform\lib\org-openide-util.jar:C:\Program Files\NetBeans 8.2\platform\lib\org-openide-util-lookup.jar:C:\Program Files\NetBeans 8.2\platform\modules\org-openide-filesystems-nb.jar:C:\Program Files\NetBeans 8.2\platform\core\org-openide-filesystems.jar:C:\Program Files\NetBeans 8.2\platform\lib\org-openide-util.jar:C:\Program Files\NetBeans 8.2\platform\lib\org-openide-util-lookup.jar:C:\Program Files\NetBeans 8.2\platform\lib\org-openide-util-ui.jar:C:\Program Files\NetBeans 8.2\platform\lib\org-openide-util-ui.jar:C:\Program Files\NetBeans 8.2\platform\lib\org-openide-util.jar:C:\Program Files\NetBeans 8.2\platform\lib\org-openide-util-lookup.jar:C:\Program Files\NetBeans 8.2\platform\core\org-openide-filesystems-compat8.jar:C:\Program Files\NetBeans 8.2\platform\core\org-openide-filesystems.jar:C:\Program Files\NetBeans 8.2\platform\lib\org-openide-util.jar:C:\Program Files\NetBeans 8.2\platform\lib\org-openide-util-lookup.jar:C:\Program Files\NetBeans 8.2\platform\lib\org-openide-modules.jar:C:\Program Files\NetBeans 8.2\platform\lib\org-openide-util-ui.jar" />
    <property name="nbjdk.home.defaulted" value="true" />
    <property name="libs.junit_4.maven-pom" value="" />
    <property name="build.test.unit.work.dir" value="D:\projects\project-backups\github-netbeansplugins\netbeansplugins\nb-wordcount\build\test\unit\work" />
    <property name="netbeans.buildnumber" value="201705191307" />
    <property name="libs.JWSAntTasks.javadoc" value="" />
    <property name="user.variant" value="" />
    <property name="libs.eclipselinkmodelgen.classpath" value="C:\Program Files\NetBeans 8.2\java\modules\ext\eclipselink\org.eclipse.persistence.jpa.modelgen_2.5.2.v20140319-9ad6abd.jar" />
    <property name="libs.javaee-endorsed-api-7.0.src" value="" />
    <property name="nbm.needs.restart" value="false" />
    <property name="sun.java.launcher" value="SUN_STANDARD" />
    <property name="libs.hibernate4-persistencemodelgen.javadoc" value="" />
    <property name="libs.jaxb.javadoc" value="C:\Program Files\NetBeans 8.2\ide\docs\jaxb-api-doc.zip" />
    <property name="libs.struts.classpath" value="C:\Program Files\NetBeans 8.2\enterprise\modules\ext\struts\antlr-2.7.2.jar;C:\Program Files\NetBeans 8.2\enterprise\modules\ext\struts\bsf-2.3.0.jar;C:\Program Files\NetBeans 8.2\enterprise\modules\ext\struts\commons-beanutils-1.8.0.jar;C:\Program Files\NetBeans 8.2\enterprise\modules\ext\struts\commons-chain-1.2.jar;C:\Program Files\NetBeans 8.2\enterprise\modules\ext\struts\commons-digester-1.8.jar;C:\Program Files\NetBeans 8.2\enterprise\modules\ext\struts\commons-fileupload-1.1.1.jar;C:\Program Files\NetBeans 8.2\enterprise\modules\ext\struts\commons-io-1.1.jar;C:\Program Files\NetBeans 8.2\enterprise\modules\ext\struts\commons-logging-1.0.4.jar;C:\Program Files\NetBeans 8.2\enterprise\modules\ext\struts\commons-validator-1.3.1.jar;C:\Program Files\NetBeans 8.2\enterprise\modules\ext\struts\jstl-1.0.2.jar;C:\Program Files\NetBeans 8.2\enterprise\modules\ext\struts\oro-2.0.8.jar;C:\Program Files\NetBeans 8.2\enterprise\modules\ext\struts\standard-1.0.6.jar;C:\Program Files\NetBeans 8.2\enterprise\modules\ext\struts\struts-core-1.3.10.jar;C:\Program Files\NetBeans 8.2\enterprise\modules\ext\struts\struts-el-1.3.10.jar;C:\Program Files\NetBeans 8.2\enterprise\modules\ext\struts\struts-extras-1.3.10.jar;C:\Program Files\NetBeans 8.2\enterprise\modules\ext\struts\struts-faces-1.3.10.jar;C:\Program Files\NetBeans 8.2\enterprise\modules\ext\struts\struts-mailreader-dao-1.3.10.jar;C:\Program Files\NetBeans 8.2\enterprise\modules\ext\struts\struts-scripting-1.3.10.jar;C:\Program Files\NetBeans 8.2\enterprise\modules\ext\struts\struts-taglib-1.3.10.jar;C:\Program Files\NetBeans 8.2\enterprise\modules\ext\struts\struts-tiles-1.3.10.jar" />
    <property name="nbm.executable.files" value="[NOTHING]" />
    <property name="ant.home" value="C:\Program Files\NetBeans 8.2\extide\ant" />
    <property name="libs.junit_4.src" value="C:\Program Files\NetBeans 8.2\platform\docs\junit-4.12-sources.jar" />
    <property name="libs.testng.classpath" value="C:\Program Files\NetBeans 8.2\platform\modules\ext\testng-6.8.1-dist.jar" />
    <property name="libs.absolutelayout.maven-pom" value="" />
    <property name="ant.java.version" value="1.8" />
    <property name="java.library.path" value="C:\Program Files\Java\jdk1.8.0_45\jre\bin;C:\Windows\Sun\Java\bin;C:\Windows\system32;C:\Windows;C:\ProgramData\Oracle\Java\javapath;C:\Windows\system32;C:\Windows;C:\Windows\System32\Wbem;C:\Windows\System32\WindowsPowerShell\v1.0\;C:\Users\berni3\AppData\Local\Microsoft\WindowsApps;;." />
    <property name="libs.metro.maven-pom" value="" />
    <property name="build.test.unit.classes.dir" value="D:\projects\project-backups\github-netbeansplugins\netbeansplugins\nb-wordcount\build\test\unit\classes" />
    <property name="libs.EclipseLink-GlassFish-v3.src" value="" />
    <property name="java.util.logging.config.class" value="org.netbeans.core.startup.TopLogging" />
    <property name="DSTAMP" value="20171005" />
    <property name="nbjunit.workdir" value="D:\projects\project-backups\github-netbeansplugins\netbeansplugins\nb-wordcount\build\test\unit\work" />
    <property name="libs.spring-framework400.src" value="" />
    <property name="libs.PostgreSQLDriver.src" value="" />
    <property name="test.qa-functional.data.dir" value="D:\projects\project-backups\github-netbeansplugins\netbeansplugins\nb-wordcount\test\qa-functional\data" />
    <property name="sun.arch.data.model" value="64" />
    <property name="basedir" value="D:\projects\project-backups\github-netbeansplugins\netbeansplugins\nb-wordcount" />
    <property name="libs.jpa20-persistence.maven-pom" value="" />
    <property name="test.runner" value="junit" />
    <property name="libs.javaee-web-api-7.0.classpath" value="C:\Program Files\NetBeans 8.2\enterprise\modules\ext\javaee-web-api-7.0.jar" />
    <property name="path.separator" value=";" />
    <property name="libs.javaee-web-api-6.0.javadoc" value="C:\Program Files\NetBeans 8.2\enterprise\docs\javaee-doc-api.jar" />
    <property name="ant.junit.enabletestlistenerevents" value="true" />
    <property name="sun.io.unicode.encoding" value="UnicodeLittle" />
    <property name="libs.jaxws21.classpath" value="C:\Program Files\NetBeans 8.2\ide\modules\ext\jaxb\jaxb-impl.jar;C:\Program Files\NetBeans 8.2\ide\modules\ext\jaxb\jaxb-xjc.jar;C:\Program Files\NetBeans 8.2\java\modules\ext\jaxws22\FastInfoset.jar;C:\Program Files\NetBeans 8.2\java\modules\ext\jaxws22\gmbal-api-only.jar;C:\Program Files\NetBeans 8.2\java\modules\ext\jaxws22\ha-api.jar;C:\Program Files\NetBeans 8.2\java\modules\ext\jaxws22\javax.mail_1.4.jar;C:\Program Files\NetBeans 8.2\java\modules\ext\jaxws22\jaxws-rt.jar;C:\Program Files\NetBeans 8.2\java\modules\ext\jaxws22\jaxws-tools.jar;C:\Program Files\NetBeans 8.2\java\modules\ext\jaxws22\management-api.jar;C:\Program Files\NetBeans 8.2\java\modules\ext\jaxws22\mimepull.jar;C:\Program Files\NetBeans 8.2\java\modules\ext\jaxws22\policy.jar;C:\Program Files\NetBeans 8.2\java\modules\ext\jaxws22\saaj-impl.jar;C:\Program Files\NetBeans 8.2\java\modules\ext\jaxws22\stax-ex.jar;C:\Program Files\NetBeans 8.2\java\modules\ext\jaxws22\stax2-api.jar;C:\Program Files\NetBeans 8.2\java\modules\ext\jaxws22\streambuffer.jar;C:\Program Files\NetBeans 8.2\java\modules\ext\jaxws22\woodstox-core-asl.jar;C:\Program Files\NetBeans 8.2\java\modules\ext\jaxws22\api\jaxws-api.jar;C:\Program Files\NetBeans 8.2\java\modules\ext\jaxws22\api\jsr181-api.jar;C:\Program Files\NetBeans 8.2\java\modules\ext\jaxws22\api\javax.annotation.jar;C:\Program Files\NetBeans 8.2\java\modules\ext\jaxws22\api\saaj-api.jar;C:\Program Files\NetBeans 8.2\ide\modules\ext\jaxb\activation.jar;C:\Program Files\NetBeans 8.2\ide\modules\ext\jaxb\api\jaxb-api.jar;C:\Program Files\NetBeans 8.2\ide\modules\ext\jaxb\api\jsr173_1.0_api.jar" />
    <property name="TSTAMP" value="2120" />
    <property name="libs.struts.src" value="" />
    <property name="apple.awt.graphics.UseQuartz" value="true" />
    <property name="user.language" value="en" />
    <property name="libs.JAXB-ENDORSED.maven-pom" value="" />
    <property name="libs.eclipselink.maven-pom" value="" />
    <property name="module.classpath" value="D:\projects\project-backups\github-netbeansplugins\netbeansplugins\nb-wordcount\build\public-package-jars\org-netbeans-api-progress.jar:D:\projects\project-backups\github-netbeansplugins\netbeansplugins\nb-wordcount\build\public-package-jars\org-openide-util-lookup.jar:D:\projects\project-backups\github-netbeansplugins\netbeansplugins\nb-wordcount\build\public-package-jars\org-netbeans-api-templates.jar:D:\projects\project-backups\github-netbeansplugins\netbeansplugins\nb-wordcount\build\public-package-jars\org-openide-util-lookup.jar:D:\projects\project-backups\github-netbeansplugins\netbeansplugins\nb-wordcount\build\public-package-jars\org-netbeans-api-progress-nb.jar:D:\projects\project-backups\github-netbeansplugins\netbeansplugins\nb-wordcount\build\public-package-jars\org-openide-windows.jar:D:\projects\project-backups\github-netbeansplugins\netbeansplugins\nb-wordcount\build\public-package-jars\org-openide-filesystems.jar:D:\projects\project-backups\github-netbeansplugins\netbeansplugins\nb-wordcount\build\public-package-jars\org-openide-loaders.jar:D:\projects\project-backups\github-netbeansplugins\netbeansplugins\nb-wordcount\build\public-package-jars\org-openide-nodes.jar:D:\projects\project-backups\github-netbeansplugins\netbeansplugins\nb-wordcount\build\public-package-jars\org-jdesktop-layout.jar:D:\projects\project-backups\github-netbeansplugins\netbeansplugins\nb-wordcount\build\public-package-jars\org-openide-awt.jar:D:\projects\project-backups\github-netbeansplugins\netbeansplugins\nb-wordcount\build\public-package-jars\org-netbeans-api-progress-compat8.jar:D:\projects\project-backups\github-netbeansplugins\netbeansplugins\nb-wordcount\build\public-package-jars\org-openide-util.jar:D:\projects\project-backups\github-netbeansplugins\netbeansplugins\nb-wordcount\build\public-package-jars\org-openide-filesystems-nb.jar:D:\projects\project-backups\github-netbeansplugins\netbeansplugins\nb-wordcount\build\public-package-jars\org-openide-util-ui.jar:D:\projects\project-backups\github-netbeansplugins\netbeansplugins\nb-wordcount\build\public-package-jars\org-openide-filesystems-compat8.jar" />
    <property name="layer.file" value="org/huberb/nbwordcount/layer.xml" />
    <property name="libs.primefaces.javadoc" value="" />
    <property name="libs.spring-framework300.maven-pom" value="" />
    <property name="ant.project.invoked-targets" value="-do-junit" />
    <property name="build.test.unit.results.dir" value="D:\projects\project-backups\github-netbeansplugins\netbeansplugins\nb-wordcount\build\test\unit\results" />
    <property name="test-qa-functional-sys-prop.cluster.path.final" value="C:\Program Files\NetBeans 8.2\apisupport;C:\Program Files\NetBeans 8.2\enterprise;C:\Program Files\NetBeans 8.2\extide;C:\Program Files\NetBeans 8.2\harness;C:\Program Files\NetBeans 8.2\ide;C:\Program Files\NetBeans 8.2\java;C:\Program Files\NetBeans 8.2\javafx;C:\Program Files\NetBeans 8.2\nb;C:\Program Files\NetBeans 8.2\platform;C:\Program Files\NetBeans 8.2\profiler;C:\Program Files\NetBeans 8.2\webcommon;C:\Program Files\NetBeans 8.2\websvccommon:D:\projects\project-backups\github-netbeansplugins\netbeansplugins\nb-wordcount\build\cluster" />
    <property name="libs.swing-layout.javadoc" value="C:\Program Files\NetBeans 8.2\platform\docs\swing-layout-1.0.4-doc.zip" />
    <property name="nbm.is.global" value="" />
    <property name="sun.java2d.dpiaware" value="true" />
    <property name="cluster.path.evaluated" value="C:\Program Files\NetBeans 8.2\apisupport;C:\Program Files\NetBeans 8.2\enterprise;C:\Program Files\NetBeans 8.2\extide;C:\Program Files\NetBeans 8.2\harness;C:\Program Files\NetBeans 8.2\ide;C:\Program Files\NetBeans 8.2\java;C:\Program Files\NetBeans 8.2\javafx;C:\Program Files\NetBeans 8.2\nb;C:\Program Files\NetBeans 8.2\platform;C:\Program Files\NetBeans 8.2\profiler;C:\Program Files\NetBeans 8.2\webcommon;C:\Program Files\NetBeans 8.2\websvccommon" />
    <property name="libs.hibernate4-persistence.maven-pom" value="" />
    <property name="https.nonProxyHosts" value="localhost|127.0.0.1|DESKTOP-GHTTUME" />
    <property name="libs.PostgreSQLDriver.maven-pom" value="" />
    <property name="java.class.version" value="52.0" />
    <property name="libs.JAVADB_DRIVER_LABEL.classpath" value="C:\Program Files\Java\jdk1.8.0_45\db\lib\derby.jar;C:\Program Files\Java\jdk1.8.0_45\db\lib\derbyclient.jar;C:\Program Files\Java\jdk1.8.0_45\db\lib\derbynet.jar" />
    <property name="libs.hibernate4-persistencemodelgen.maven-pom" value="" />
    <property name="libs.javaee-endorsed-api-6.0.src" value="" />
    <property name="libs.eclipselink.javadoc" value="C:\Program Files\NetBeans 8.2\java\modules\ext\docs\javax.persistence-2.1.0-doc.zip" />
    <property name="libs.jsp-compilation.maven-pom" value="" />
    <property name="user.properties.file" value="C:\Users\berni3\AppData\Roaming\NetBeans\8.2\build.properties" />
    <property name="javahelp.class.path.extension" value="docs/org-huberb-nbwordcount.jar" />
    <property name="old.project.update.tracking" value="C:\Program Files\NetBeans 8.2\apisupport\update_tracking\org-netbeans-modules-apisupport-ant.xml;C:\Program Files\NetBeans 8.2\apisupport\update_tracking\org-netbeans-modules-apisupport-crudsample.xml;C:\Program Files\NetBeans 8.2\apisupport\update_tracking\org-netbeans-modules-apisupport-feedreader.xml;C:\Program Files\NetBeans 8.2\apisupport\update_tracking\org-netbeans-modules-apisupport-installer-maven.xml;C:\Program Files\NetBeans 8.2\apisupport\update_tracking\org-netbeans-modules-apisupport-installer.xml;C:\Program Files\NetBeans 8.2\apisupport\update_tracking\org-netbeans-modules-apisupport-kit.xml;C:\Program Files\NetBeans 8.2\apisupport\update_tracking\org-netbeans-modules-apisupport-osgidemo.xml;C:\Program Files\NetBeans 8.2\apisupport\update_tracking\org-netbeans-modules-apisupport-paintapp.xml;C:\Program Files\NetBeans 8.2\apisupport\update_tracking\org-netbeans-modules-apisupport-project.xml;C:\Program Files\NetBeans 8.2\apisupport\update_tracking\org-netbeans-modules-apisupport-refactoring.xml;C:\Program Files\NetBeans 8.2\apisupport\update_tracking\org-netbeans-modules-apisupport-wizards.xml;C:\Program Files\NetBeans 8.2\apisupport\update_tracking\org-netbeans-modules-maven-apisupport.xml;C:\Program Files\NetBeans 8.2\enterprise\update_tracking\org-netbeans-api-web-webmodule.xml;C:\Program Files\NetBeans 8.2\enterprise\update_tracking\org-netbeans-libs-amazon.xml;C:\Program Files\NetBeans 8.2\enterprise\update_tracking\org-netbeans-libs-commons_fileupload.xml;C:\Program Files\NetBeans 8.2\enterprise\update_tracking\org-netbeans-libs-elimpl.xml;C:\Program Files\NetBeans 8.2\enterprise\update_tracking\org-netbeans-libs-glassfish_logging.xml;C:\Program Files\NetBeans 8.2\enterprise\update_tracking\org-netbeans-libs-jstl.xml;C:\Program Files\NetBeans 8.2\enterprise\update_tracking\org-netbeans-modules-apisupport-restsample.xml;C:\Program Files\NetBeans 8.2\enterprise\update_tracking\org-netbeans-modules-cloud-amazon.xml;C:\Program Files\NetBeans 8.2\enterprise\update_tracking\org-netbeans-modules-cloud-common.xml;C:\Program Files\NetBeans 8.2\enterprise\update_tracking\org-netbeans-modules-el-lexer.xml;C:\Program Files\NetBeans 8.2\enterprise\update_tracking\org-netbeans-modules-glassfish-common.xml;C:\Program Files\NetBeans 8.2\enterprise\update_tracking\org-netbeans-modules-glassfish-eecommon.xml;C:\Program Files\NetBeans 8.2\enterprise\update_tracking\org-netbeans-modules-glassfish-javaee.xml;C:\Program Files\NetBeans 8.2\enterprise\update_tracking\org-netbeans-modules-glassfish-tooling.xml;C:\Program Files\NetBeans 8.2\enterprise\update_tracking\org-netbeans-modules-hibernateweb.xml;C:\Program Files\NetBeans 8.2\enterprise\update_tracking\org-netbeans-modules-j2ee-ant.xml;C:\Program Files\NetBeans 8.2\enterprise\update_tracking\org-netbeans-modules-j2ee-api-ejbmodule.xml;C:\Program Files\NetBeans 8.2\enterprise\update_tracking\org-netbeans-modules-j2ee-clientproject.xml;C:\Program Files\NetBeans 8.2\enterprise\update_tracking\org-netbeans-modules-j2ee-common.xml;C:\Program Files\NetBeans 8.2\enterprise\update_tracking\org-netbeans-modules-j2ee-core.xml;C:\Program Files\NetBeans 8.2\enterprise\update_tracking\org-netbeans-modules-j2ee-dd-webservice.xml;C:\Program Files\NetBeans 8.2\enterprise\update_tracking\org-netbeans-modules-j2ee-dd.xml;C:\Program Files\NetBeans 8.2\enterprise\update_tracking\org-netbeans-modules-j2ee-ddloaders.xml;C:\Program Files\NetBeans 8.2\enterprise\update_tracking\org-netbeans-modules-j2ee-earproject.xml;C:\Program Files\NetBeans 8.2\enterprise\update_tracking\org-netbeans-modules-j2ee-ejbcore.xml;C:\Program Files\NetBeans 8.2\enterprise\update_tracking\org-netbeans-modules-j2ee-ejbjarproject.xml;C:\Program Files\NetBeans 8.2\enterprise\update_tracking\org-netbeans-modules-j2ee-ejbrefactoring.xml;C:\Program Files\NetBeans 8.2\enterprise\update_tracking\org-netbeans-modules-j2ee-ejbverification.xml;C:\Program Files\NetBeans 8.2\enterprise\update_tracking\org-netbeans-modules-j2ee-genericserver.xml;C:\Program Files\NetBeans 8.2\enterprise\update_tracking\org-netbeans-modules-j2ee-jboss4.xml;C:\Program Files\NetBeans 8.2\enterprise\update_tracking\org-netbeans-modules-j2ee-kit.xml;C:\Program Files\NetBeans 8.2\enterprise\update_tracking\org-netbeans-modules-j2ee-platform.xml;C:\Program Files\NetBeans 8.2\enterprise\update_tracking\org-netbeans-modules-j2ee-samples.xml;C:\Program Files\NetBeans 8.2\enterprise\update_tracking\org-netbeans-modules-j2ee-sun-appsrv.xml;C:\Program Files\NetBeans 8.2\enterprise\update_tracking\org-netbeans-modules-j2ee-sun-dd.xml;C:\Program Files\NetBeans 8.2\enterprise\update_tracking\org-netbeans-modules-j2ee-sun-ddui.xml;C:\Program Files\NetBeans 8.2\enterprise\update_tracking\org-netbeans-modules-j2ee-weblogic9.xml;C:\Program Files\NetBeans 8.2\enterprise\update_tracking\org-netbeans-modules-j2eeapis.xml;C:\Program Files\NetBeans 8.2\enterprise\update_tracking\org-netbeans-modules-j2eeserver.xml;C:\Program Files\NetBeans 8.2\enterprise\update_tracking\org-netbeans-modules-javaee-api.xml;C:\Program Files\NetBeans 8.2\enterprise\update_tracking\org-netbeans-modules-javaee-beanvalidation.xml;C:\Program Files\NetBeans 8.2\enterprise\update_tracking\org-netbeans-modules-javaee-project.xml;C:\Program Files\NetBeans 8.2\enterprise\update_tracking\org-netbeans-modules-javaee-resources.xml;C:\Program Files\NetBeans 8.2\enterprise\update_tracking\org-netbeans-modules-javaee-specs-support.xml;C:\Program Files\NetBeans 8.2\enterprise\update_tracking\org-netbeans-modules-javaee-wildfly.xml;C:\Program Files\NetBeans 8.2\enterprise\update_tracking\org-netbeans-modules-javaee7-api.xml;C:\Program Files\NetBeans 8.2\enterprise\update_tracking\org-netbeans-modules-jellytools-enterprise.xml;C:\Program Files\NetBeans 8.2\enterprise\update_tracking\org-netbeans-modules-jsp-lexer.xml;C:\Program Files\NetBeans 8.2\enterprise\update_tracking\org-netbeans-modules-ko4j-debugging.xml;C:\Program Files\NetBeans 8.2\enterprise\update_tracking\org-netbeans-modules-maven-j2ee.xml;C:\Program Files\NetBeans 8.2\enterprise\update_tracking\org-netbeans-modules-maven-jaxws.xml;C:\Program Files\NetBeans 8.2\enterprise\update_tracking\org-netbeans-modules-maven-samples.xml;C:\Program Files\NetBeans 8.2\enterprise\update_tracking\org-netbeans-modules-performance-javaee.xml;C:\Program Files\NetBeans 8.2\enterprise\update_tracking\org-netbeans-modules-performance-scripting.xml;C:\Program Files\NetBeans 8.2\enterprise\update_tracking\org-netbeans-modules-performance-web.xml;C:\Program Files\NetBeans 8.2\enterprise\update_tracking\org-netbeans-modules-profiler-j2ee.xml;C:\Program Files\NetBeans 8.2\enterprise\update_tracking\org-netbeans-modules-projectimport-eclipse-web.xml;C:\Program Files\NetBeans 8.2\enterprise\update_tracking\org-netbeans-modules-servletjspapi.xml;C:\Program Files\NetBeans 8.2\enterprise\update_tracking\org-netbeans-modules-spring-webmvc.xml;C:\Program Files\NetBeans 8.2\enterprise\update_tracking\org-netbeans-modules-tomcat5.xml;C:\Program Files\NetBeans 8.2\enterprise\update_tracking\org-netbeans-modules-web-beans.xml;C:\Program Files\NetBeans 8.2\enterprise\update_tracking\org-netbeans-modules-web-client-rest.xml;C:\Program Files\NetBeans 8.2\enterprise\update_tracking\org-netbeans-modules-web-core-syntax.xml;C:\Program Files\NetBeans 8.2\enterprise\update_tracking\org-netbeans-modules-web-core.xml;C:\Program Files\NetBeans 8.2\enterprise\update_tracking\org-netbeans-modules-web-debug.xml;C:\Program Files\NetBeans 8.2\enterprise\update_tracking\org-netbeans-modules-web-el.xml;C:\Program Files\NetBeans 8.2\enterprise\update_tracking\org-netbeans-modules-web-freeform.xml;C:\Program Files\NetBeans 8.2\enterprise\update_tracking\org-netbeans-modules-web-jsf-editor.xml;C:\Program Files\NetBeans 8.2\enterprise\update_tracking\org-netbeans-modules-web-jsf-icefaces.xml;C:\Program Files\NetBeans 8.2\enterprise\update_tracking\org-netbeans-modules-web-jsf-kit.xml;C:\Program Files\NetBeans 8.2\enterprise\update_tracking\org-netbeans-modules-web-jsf-navigation.xml;C:\Program Files\NetBeans 8.2\enterprise\update_tracking\org-netbeans-modules-web-jsf-richfaces.xml;C:\Program Files\NetBeans 8.2\enterprise\update_tracking\org-netbeans-modules-web-jsf.xml;C:\Program Files\NetBeans 8.2\enterprise\update_tracking\org-netbeans-modules-web-jsf12.xml;C:\Program Files\NetBeans 8.2\enterprise\update_tracking\org-netbeans-modules-web-jsf12ri.xml;C:\Program Files\NetBeans 8.2\enterprise\update_tracking\org-netbeans-modules-web-jsf20.xml;C:\Program Files\NetBeans 8.2\enterprise\update_tracking\org-netbeans-modules-web-jsfapi.xml;C:\Program Files\NetBeans 8.2\enterprise\update_tracking\org-netbeans-modules-web-jspparser.xml;C:\Program Files\NetBeans 8.2\enterprise\update_tracking\org-netbeans-modules-web-kit.xml;C:\Program Files\NetBeans 8.2\enterprise\update_tracking\org-netbeans-modules-web-monitor.xml;C:\Program Files\NetBeans 8.2\enterprise\update_tracking\org-netbeans-modules-web-primefaces.xml;C:\Program Files\NetBeans 8.2\enterprise\update_tracking\org-netbeans-modules-web-project.xml;C:\Program Files\NetBeans 8.2\enterprise\update_tracking\org-netbeans-modules-web-refactoring.xml;C:\Program Files\NetBeans 8.2\enterprise\update_tracking\org-netbeans-modules-web-struts.xml;C:\Program Files\NetBeans 8.2\enterprise\update_tracking\org-netbeans-modules-weblogic-common.xml;C:\Program Files\NetBeans 8.2\enterprise\update_tracking\org-netbeans-modules-websocket.xml;C:\Program Files\NetBeans 8.2\enterprise\update_tracking\org-netbeans-modules-websvc-clientapi.xml;C:\Program Files\NetBeans 8.2\enterprise\update_tracking\org-netbeans-modules-websvc-core.xml;C:\Program Files\NetBeans 8.2\enterprise\update_tracking\org-netbeans-modules-websvc-customization.xml;C:\Program Files\NetBeans 8.2\enterprise\update_tracking\org-netbeans-modules-websvc-design.xml;C:\Program Files\NetBeans 8.2\enterprise\update_tracking\org-netbeans-modules-websvc-editor-hints.xml;C:\Program Files\NetBeans 8.2\enterprise\update_tracking\org-netbeans-modules-websvc-jaxws-lightapi.xml;C:\Program Files\NetBeans 8.2\enterprise\update_tracking\org-netbeans-modules-websvc-jaxwsapi.xml;C:\Program Files\NetBeans 8.2\enterprise\update_tracking\org-netbeans-modules-websvc-jaxwsmodel.xml;C:\Program Files\NetBeans 8.2\enterprise\update_tracking\org-netbeans-modules-websvc-kit.xml;C:\Program Files\NetBeans 8.2\enterprise\update_tracking\org-netbeans-modules-websvc-manager.xml;C:\Program Files\NetBeans 8.2\enterprise\update_tracking\org-netbeans-modules-websvc-metro-lib.xml;C:\Program Files\NetBeans 8.2\enterprise\update_tracking\org-netbeans-modules-websvc-metro-model.xml;C:\Program Files\NetBeans 8.2\enterprise\update_tracking\org-netbeans-modules-websvc-metro-samples.xml;C:\Program Files\NetBeans 8.2\enterprise\update_tracking\org-netbeans-modules-websvc-owsm.xml;C:\Program Files\NetBeans 8.2\enterprise\update_tracking\org-netbeans-modules-websvc-projectapi.xml;C:\Program Files\NetBeans 8.2\enterprise\update_tracking\org-netbeans-modules-websvc-rest-samples.xml;C:\Program Files\NetBeans 8.2\enterprise\update_tracking\org-netbeans-modules-websvc-rest.xml;C:\Program Files\NetBeans 8.2\enterprise\update_tracking\org-netbeans-modules-websvc-restapi.xml;C:\Program Files\NetBeans 8.2\enterprise\update_tracking\org-netbeans-modules-websvc-restkit.xml;C:\Program Files\NetBeans 8.2\enterprise\update_tracking\org-netbeans-modules-websvc-restlib.xml;C:\Program Files\NetBeans 8.2\enterprise\update_tracking\org-netbeans-modules-websvc-saas-codegen-j2ee.xml;C:\Program Files\NetBeans 8.2\enterprise\update_tracking\org-netbeans-modules-websvc-utilities.xml;C:\Program Files\NetBeans 8.2\enterprise\update_tracking\org-netbeans-modules-websvc-websvcapi.xml;C:\Program Files\NetBeans 8.2\enterprise\update_tracking\org-netbeans-modules-websvc-wsitconf.xml;C:\Program Files\NetBeans 8.2\enterprise\update_tracking\org-netbeans-modules-websvc-wsitmodelext.xml;C:\Program Files\NetBeans 8.2\enterprise\update_tracking\org-netbeans-modules-websvc-wsstackapi.xml;C:\Program Files\NetBeans 8.2\extide\update_tracking\org-apache-tools-ant-module.xml;C:\Program Files\NetBeans 8.2\extide\update_tracking\org-netbeans-modules-options-java.xml;C:\Program Files\NetBeans 8.2\harness\update_tracking\org-netbeans-insane.xml;C:\Program Files\NetBeans 8.2\harness\update_tracking\org-netbeans-libs-nbi-ant.xml;C:\Program Files\NetBeans 8.2\harness\update_tracking\org-netbeans-libs-nbi-engine.xml;C:\Program Files\NetBeans 8.2\harness\update_tracking\org-netbeans-modules-apisupport-harness.xml;C:\Program Files\NetBeans 8.2\harness\update_tracking\org-netbeans-modules-jellytools-platform.xml;C:\Program Files\NetBeans 8.2\harness\update_tracking\org-netbeans-modules-jemmy.xml;C:\Program Files\NetBeans 8.2\harness\update_tracking\org-netbeans-modules-nbjunit.xml;C:\Program Files\NetBeans 8.2\ide\update_tracking\com-google-guava.xml;C:\Program Files\NetBeans 8.2\ide\update_tracking\com-googlecode-javaewah-JavaEWAH.xml;C:\Program Files\NetBeans 8.2\ide\update_tracking\com-jcraft-jsch.xml;C:\Program Files\NetBeans 8.2\ide\update_tracking\com-jcraft-jzlib.xml;C:\Program Files\NetBeans 8.2\ide\update_tracking\org-apache-commons-codec.xml;C:\Program Files\NetBeans 8.2\ide\update_tracking\org-apache-commons-httpclient.xml;C:\Program Files\NetBeans 8.2\ide\update_tracking\org-apache-commons-io.xml;C:\Program Files\NetBeans 8.2\ide\update_tracking\org-apache-commons-lang.xml;C:\Program Files\NetBeans 8.2\ide\update_tracking\org-apache-commons-logging.xml;C:\Program Files\NetBeans 8.2\ide\update_tracking\org-apache-ws-commons-util.xml;C:\Program Files\NetBeans 8.2\ide\update_tracking\org-apache-xml-resolver.xml;C:\Program Files\NetBeans 8.2\ide\update_tracking\org-apache-xmlrpc.xml;C:\Program Files\NetBeans 8.2\ide\update_tracking\org-eclipse-core-contenttype.xml;C:\Program Files\NetBeans 8.2\ide\update_tracking\org-eclipse-core-jobs.xml;C:\Program Files\NetBeans 8.2\ide\update_tracking\org-eclipse-core-net.xml;C:\Program Files\NetBeans 8.2\ide\update_tracking\org-eclipse-core-runtime-compatibility-auth.xml;C:\Program Files\NetBeans 8.2\ide\update_tracking\org-eclipse-core-runtime.xml;C:\Program Files\NetBeans 8.2\ide\update_tracking\org-eclipse-equinox-app.xml;C:\Program Files\NetBeans 8.2\ide\update_tracking\org-eclipse-equinox-common.xml;C:\Program Files\NetBeans 8.2\ide\update_tracking\org-eclipse-equinox-preferences.xml;C:\Program Files\NetBeans 8.2\ide\update_tracking\org-eclipse-equinox-registry.xml;C:\Program Files\NetBeans 8.2\ide\update_tracking\org-eclipse-equinox-security.xml;C:\Program Files\NetBeans 8.2\ide\update_tracking\org-eclipse-jgit-java7.xml;C:\Program Files\NetBeans 8.2\ide\update_tracking\org-eclipse-jgit.xml;C:\Program Files\NetBeans 8.2\ide\update_tracking\org-eclipse-mylyn-bugzilla-core.xml;C:\Program Files\NetBeans 8.2\ide\update_tracking\org-eclipse-mylyn-commons-core.xml;C:\Program Files\NetBeans 8.2\ide\update_tracking\org-eclipse-mylyn-commons-net.xml;C:\Program Files\NetBeans 8.2\ide\update_tracking\org-eclipse-mylyn-commons-repositories-core.xml;C:\Program Files\NetBeans 8.2\ide\update_tracking\org-eclipse-mylyn-commons-xmlrpc.xml;C:\Program Files\NetBeans 8.2\ide\update_tracking\org-eclipse-mylyn-tasks-core.xml;C:\Program Files\NetBeans 8.2\ide\update_tracking\org-eclipse-mylyn-wikitext-confluence-core.xml;C:\Program Files\NetBeans 8.2\ide\update_tracking\org-eclipse-mylyn-wikitext-core.xml;C:\Program Files\NetBeans 8.2\ide\update_tracking\org-eclipse-mylyn-wikitext-markdown-core.xml;C:\Program Files\NetBeans 8.2\ide\update_tracking\org-eclipse-mylyn-wikitext-textile-core.xml;C:\Program Files\NetBeans 8.2\ide\update_tracking\org-netbeans-api-debugger.xml;C:\Program Files\NetBeans 8.2\ide\update_tracking\org-netbeans-api-java-classpath.xml;C:\Program Files\NetBeans 8.2\ide\update_tracking\org-netbeans-api-xml-ui.xml;C:\Program Files\NetBeans 8.2\ide\update_tracking\org-netbeans-api-xml.xml;C:\Program Files\NetBeans 8.2\ide\update_tracking\org-netbeans-core-browser-webview.xml;C:\Program Files\NetBeans 8.2\ide\update_tracking\org-netbeans-core-browser.xml;C:\Program Files\NetBeans 8.2\ide\update_tracking\org-netbeans-core-ide.xml;C:\Program Files\NetBeans 8.2\ide\update_tracking\org-netbeans-core-multitabs-project.xml;C:\Program Files\NetBeans 8.2\ide\update_tracking\org-netbeans-lib-terminalemulator.xml;C:\Program Files\NetBeans 8.2\ide\update_tracking\org-netbeans-libs-antlr3-runtime.xml;C:\Program Files\NetBeans 8.2\ide\update_tracking\org-netbeans-libs-antlr4-runtime.xml;C:\Program Files\NetBeans 8.2\ide\update_tracking\org-netbeans-libs-bytelist.xml;C:\Program Files\NetBeans 8.2\ide\update_tracking\org-netbeans-libs-commons_compress.xml;C:\Program Files\NetBeans 8.2\ide\update_tracking\org-netbeans-libs-commons_net.xml;C:\Program Files\NetBeans 8.2\ide\update_tracking\org-netbeans-libs-freemarker.xml;C:\Program Files\NetBeans 8.2\ide\update_tracking\org-netbeans-libs-git.xml;C:\Program Files\NetBeans 8.2\ide\update_tracking\org-netbeans-libs-ini4j.xml;C:\Program Files\NetBeans 8.2\ide\update_tracking\org-netbeans-libs-jaxb.xml;C:\Program Files\NetBeans 8.2\ide\update_tracking\org-netbeans-libs-jsch-agentproxy.xml;C:\Program Files\NetBeans 8.2\ide\update_tracking\org-netbeans-libs-json_simple.xml;C:\Program Files\NetBeans 8.2\ide\update_tracking\org-netbeans-libs-jvyamlb.xml;C:\Program Files\NetBeans 8.2\ide\update_tracking\org-netbeans-libs-lucene.xml;C:\Program Files\NetBeans 8.2\ide\update_tracking\org-netbeans-libs-smack.xml;C:\Program Files\NetBeans 8.2\ide\update_tracking\org-netbeans-libs-svnClientAdapter-javahl.xml;C:\Program Files\NetBeans 8.2\ide\update_tracking\org-netbeans-libs-svnClientAdapter-svnkit.xml;C:\Program Files\NetBeans 8.2\ide\update_tracking\org-netbeans-libs-svnClientAdapter.xml;C:\Program Files\NetBeans 8.2\ide\update_tracking\org-netbeans-libs-swingx.xml;C:\Program Files\NetBeans 8.2\ide\update_tracking\org-netbeans-libs-xerces.xml;C:\Program Files\NetBeans 8.2\ide\update_tracking\org-netbeans-modules-bugtracking-bridge.xml;C:\Program Files\NetBeans 8.2\ide\update_tracking\org-netbeans-modules-bugtracking-commons.xml;C:\Program Files\NetBeans 8.2\ide\update_tracking\org-netbeans-modules-bugtracking.xml;C:\Program Files\NetBeans 8.2\ide\update_tracking\org-netbeans-modules-bugzilla.xml;C:\Program Files\NetBeans 8.2\ide\update_tracking\org-netbeans-modules-code-analysis.xml;C:\Program Files\NetBeans 8.2\ide\update_tracking\org-netbeans-modules-csl-api.xml;C:\Program Files\NetBeans 8.2\ide\update_tracking\org-netbeans-modules-csl-types.xml;C:\Program Files\NetBeans 8.2\ide\update_tracking\org-netbeans-modules-css-editor.xml;C:\Program Files\NetBeans 8.2\ide\update_tracking\org-netbeans-modules-css-lib.xml;C:\Program Files\NetBeans 8.2\ide\update_tracking\org-netbeans-modules-css-model.xml;C:\Program Files\NetBeans 8.2\ide\update_tracking\org-netbeans-modules-css-prep.xml;C:\Program Files\NetBeans 8.2\ide\update_tracking\org-netbeans-modules-css-visual.xml;C:\Program Files\NetBeans 8.2\ide\update_tracking\org-netbeans-modules-db-core.xml;C:\Program Files\NetBeans 8.2\ide\update_tracking\org-netbeans-modules-db-dataview.xml;C:\Program Files\NetBeans 8.2\ide\update_tracking\org-netbeans-modules-db-drivers.xml;C:\Program Files\NetBeans 8.2\ide\update_tracking\org-netbeans-modules-db-kit.xml;C:\Program Files\NetBeans 8.2\ide\update_tracking\org-netbeans-modules-db-metadata-model.xml;C:\Program Files\NetBeans 8.2\ide\update_tracking\org-netbeans-modules-db-mysql.xml;C:\Program Files\NetBeans 8.2\ide\update_tracking\org-netbeans-modules-db-sql-editor.xml;C:\Program Files\NetBeans 8.2\ide\update_tracking\org-netbeans-modules-db-sql-visualeditor.xml;C:\Program Files\NetBeans 8.2\ide\update_tracking\org-netbeans-modules-db.xml;C:\Program Files\NetBeans 8.2\ide\update_tracking\org-netbeans-modules-dbapi.xml;C:\Program Files\NetBeans 8.2\ide\update_tracking\org-netbeans-modules-defaults.xml;C:\Program Files\NetBeans 8.2\ide\update_tracking\org-netbeans-modules-derby.xml;C:\Program Files\NetBeans 8.2\ide\update_tracking\org-netbeans-modules-diff.xml;C:\Program Files\NetBeans 8.2\ide\update_tracking\org-netbeans-modules-dlight-nativeexecution-nb.xml;C:\Program Files\NetBeans 8.2\ide\update_tracking\org-netbeans-modules-dlight-nativeexecution.xml;C:\Program Files\NetBeans 8.2\ide\update_tracking\org-netbeans-modules-dlight-terminal.xml;C:\Program Files\NetBeans 8.2\ide\update_tracking\org-netbeans-modules-docker-api.xml;C:\Program Files\NetBeans 8.2\ide\update_tracking\org-netbeans-modules-docker-editor.xml;C:\Program Files\NetBeans 8.2\ide\update_tracking\org-netbeans-modules-docker-ui.xml;C:\Program Files\NetBeans 8.2\ide\update_tracking\org-netbeans-modules-editor-actions.xml;C:\Program Files\NetBeans 8.2\ide\update_tracking\org-netbeans-modules-editor-bookmarks.xml;C:\Program Files\NetBeans 8.2\ide\update_tracking\org-netbeans-modules-editor-bracesmatching.xml;C:\Program Files\NetBeans 8.2\ide\update_tracking\org-netbeans-modules-editor-breadcrumbs.xml;C:\Program Files\NetBeans 8.2\ide\update_tracking\org-netbeans-modules-editor-codetemplates.xml;C:\Program Files\NetBeans 8.2\ide\update_tracking\org-netbeans-modules-editor-completion.xml;C:\Program Files\NetBeans 8.2\ide\update_tracking\org-netbeans-modules-editor-deprecated-pre65formatting.xml;C:\Program Files\NetBeans 8.2\ide\update_tracking\org-netbeans-modules-editor-document.xml;C:\Program Files\NetBeans 8.2\ide\update_tracking\org-netbeans-modules-editor-errorstripe-api.xml;C:\Program Files\NetBeans 8.2\ide\update_tracking\org-netbeans-modules-editor-errorstripe.xml;C:\Program Files\NetBeans 8.2\ide\update_tracking\org-netbeans-modules-editor-fold-nbui.xml;C:\Program Files\NetBeans 8.2\ide\update_tracking\org-netbeans-modules-editor-fold.xml;C:\Program Files\NetBeans 8.2\ide\update_tracking\org-netbeans-modules-editor-global-format.xml;C:\Program Files\NetBeans 8.2\ide\update_tracking\org-netbeans-modules-editor-guards.xml;C:\Program Files\NetBeans 8.2\ide\update_tracking\org-netbeans-modules-editor-indent-project.xml;C:\Program Files\NetBeans 8.2\ide\update_tracking\org-netbeans-modules-editor-indent-support.xml;C:\Program Files\NetBeans 8.2\ide\update_tracking\org-netbeans-modules-editor-indent.xml;C:\Program Files\NetBeans 8.2\ide\update_tracking\org-netbeans-modules-editor-kit.xml;C:\Program Files\NetBeans 8.2\ide\update_tracking\org-netbeans-modules-editor-lib.xml;C:\Program Files\NetBeans 8.2\ide\update_tracking\org-netbeans-modules-editor-lib2.xml;C:\Program Files\NetBeans 8.2\ide\update_tracking\org-netbeans-modules-editor-macros.xml;C:\Program Files\NetBeans 8.2\ide\update_tracking\org-netbeans-modules-editor-plain-lib.xml;C:\Program Files\NetBeans 8.2\ide\update_tracking\org-netbeans-modules-editor-plain.xml;C:\Program Files\NetBeans 8.2\ide\update_tracking\org-netbeans-modules-editor-search.xml;C:\Program Files\NetBeans 8.2\ide\update_tracking\org-netbeans-modules-editor-settings-lib.xml;C:\Program Files\NetBeans 8.2\ide\update_tracking\org-netbeans-modules-editor-settings-storage.xml;C:\Program Files\NetBeans 8.2\ide\update_tracking\org-netbeans-modules-editor-settings.xml;C:\Program Files\NetBeans 8.2\ide\update_tracking\org-netbeans-modules-editor-structure.xml;C:\Program Files\NetBeans 8.2\ide\update_tracking\org-netbeans-modules-editor-tools-storage.xml;C:\Program Files\NetBeans 8.2\ide\update_tracking\org-netbeans-modules-editor-util.xml;C:\Program Files\NetBeans 8.2\ide\update_tracking\org-netbeans-modules-editor.xml;C:\Program Files\NetBeans 8.2\ide\update_tracking\org-netbeans-modules-extbrowser.xml;C:\Program Files\NetBeans 8.2\ide\update_tracking\org-netbeans-modules-extexecution-base.xml;C:\Program Files\NetBeans 8.2\ide\update_tracking\org-netbeans-modules-extexecution-impl.xml;C:\Program Files\NetBeans 8.2\ide\update_tracking\org-netbeans-modules-extexecution-process-jdk9.xml;C:\Program Files\NetBeans 8.2\ide\update_tracking\org-netbeans-modules-extexecution-process.xml;C:\Program Files\NetBeans 8.2\ide\update_tracking\org-netbeans-modules-extexecution.xml;C:\Program Files\NetBeans 8.2\ide\update_tracking\org-netbeans-modules-git.xml;C:\Program Files\NetBeans 8.2\ide\update_tracking\org-netbeans-modules-gototest.xml;C:\Program Files\NetBeans 8.2\ide\update_tracking\org-netbeans-modules-gsf-codecoverage.xml;C:\Program Files\NetBeans 8.2\ide\update_tracking\org-netbeans-modules-gsf-testrunner-ui.xml;C:\Program Files\NetBeans 8.2\ide\update_tracking\org-netbeans-modules-gsf-testrunner.xml;C:\Program Files\NetBeans 8.2\ide\update_tracking\org-netbeans-modules-html-custom.xml;C:\Program Files\NetBeans 8.2\ide\update_tracking\org-netbeans-modules-html-editor-lib.xml;C:\Program Files\NetBeans 8.2\ide\update_tracking\org-netbeans-modules-html-editor.xml;C:\Program Files\NetBeans 8.2\ide\update_tracking\org-netbeans-modules-html-lexer.xml;C:\Program Files\NetBeans 8.2\ide\update_tracking\org-netbeans-modules-html-parser.xml;C:\Program Files\NetBeans 8.2\ide\update_tracking\org-netbeans-modules-html-validation.xml;C:\Program Files\NetBeans 8.2\ide\update_tracking\org-netbeans-modules-html.xml;C:\Program Files\NetBeans 8.2\ide\update_tracking\org-netbeans-modules-httpserver.xml;C:\Program Files\NetBeans 8.2\ide\update_tracking\org-netbeans-modules-hudson-git.xml;C:\Program Files\NetBeans 8.2\ide\update_tracking\org-netbeans-modules-hudson-mercurial.xml;C:\Program Files\NetBeans 8.2\ide\update_tracking\org-netbeans-modules-hudson-subversion.xml;C:\Program Files\NetBeans 8.2\ide\update_tracking\org-netbeans-modules-hudson-tasklist.xml;C:\Program Files\NetBeans 8.2\ide\update_tracking\org-netbeans-modules-hudson-ui.xml;C:\Program Files\NetBeans 8.2\ide\update_tracking\org-netbeans-modules-hudson.xml;C:\Program Files\NetBeans 8.2\ide\update_tracking\org-netbeans-modules-ide-kit.xml;C:\Program Files\NetBeans 8.2\ide\update_tracking\org-netbeans-modules-image.xml;C:\Program Files\NetBeans 8.2\ide\update_tracking\org-netbeans-modules-javascript2-debug-ui.xml;C:\Program Files\NetBeans 8.2\ide\update_tracking\org-netbeans-modules-javascript2-debug.xml;C:\Program Files\NetBeans 8.2\ide\update_tracking\org-netbeans-modules-jellytools-ide.xml;C:\Program Files\NetBeans 8.2\ide\update_tracking\org-netbeans-modules-jumpto.xml;C:\Program Files\NetBeans 8.2\ide\update_tracking\org-netbeans-modules-languages-diff.xml;C:\Program Files\NetBeans 8.2\ide\update_tracking\org-netbeans-modules-languages-manifest.xml;C:\Program Files\NetBeans 8.2\ide\update_tracking\org-netbeans-modules-languages-yaml.xml;C:\Program Files\NetBeans 8.2\ide\update_tracking\org-netbeans-modules-languages.xml;C:\Program Files\NetBeans 8.2\ide\update_tracking\org-netbeans-modules-lexer-nbbridge.xml;C:\Program Files\NetBeans 8.2\ide\update_tracking\org-netbeans-modules-lexer.xml;C:\Program Files\NetBeans 8.2\ide\update_tracking\org-netbeans-modules-localhistory.xml;C:\Program Files\NetBeans 8.2\ide\update_tracking\org-netbeans-modules-localtasks.xml;C:\Program Files\NetBeans 8.2\ide\update_tracking\org-netbeans-modules-mercurial.xml;C:\Program Files\NetBeans 8.2\ide\update_tracking\org-netbeans-modules-mylyn-util.xml;C:\Program Files\NetBeans 8.2\ide\update_tracking\org-netbeans-modules-notifications.xml;C:\Program Files\NetBeans 8.2\ide\update_tracking\org-netbeans-modules-options-editor.xml;C:\Program Files\NetBeans 8.2\ide\update_tracking\org-netbeans-modules-parsing-api.xml;C:\Program Files\NetBeans 8.2\ide\update_tracking\org-netbeans-modules-parsing-indexing.xml;C:\Program Files\NetBeans 8.2\ide\update_tracking\org-netbeans-modules-parsing-lucene.xml;C:\Program Files\NetBeans 8.2\ide\update_tracking\org-netbeans-modules-parsing-nb.xml;C:\Program Files\NetBeans 8.2\ide\update_tracking\org-netbeans-modules-parsing-ui.xml;C:\Program Files\NetBeans 8.2\ide\update_tracking\org-netbeans-modules-print-editor.xml;C:\Program Files\NetBeans 8.2\ide\update_tracking\org-netbeans-modules-project-ant-compat8.xml;C:\Program Files\NetBeans 8.2\ide\update_tracking\org-netbeans-modules-project-ant-ui.xml;C:\Program Files\NetBeans 8.2\ide\update_tracking\org-netbeans-modules-project-ant.xml;C:\Program Files\NetBeans 8.2\ide\update_tracking\org-netbeans-modules-project-indexingbridge.xml;C:\Program Files\NetBeans 8.2\ide\update_tracking\org-netbeans-modules-project-libraries-ui.xml;C:\Program Files\NetBeans 8.2\ide\update_tracking\org-netbeans-modules-project-libraries.xml;C:\Program Files\NetBeans 8.2\ide\update_tracking\org-netbeans-modules-project-spi-intern-impl.xml;C:\Program Files\NetBeans 8.2\ide\update_tracking\org-netbeans-modules-project-spi-intern.xml;C:\Program Files\NetBeans 8.2\ide\update_tracking\org-netbeans-modules-projectapi-nb.xml;C:\Program Files\NetBeans 8.2\ide\update_tracking\org-netbeans-modules-projectapi.xml;C:\Program Files\NetBeans 8.2\ide\update_tracking\org-netbeans-modules-projectui-buildmenu.xml;C:\Program Files\NetBeans 8.2\ide\update_tracking\org-netbeans-modules-projectui.xml;C:\Program Files\NetBeans 8.2\ide\update_tracking\org-netbeans-modules-projectuiapi-base.xml;C:\Program Files\NetBeans 8.2\ide\update_tracking\org-netbeans-modules-projectuiapi.xml;C:\Program Files\NetBeans 8.2\ide\update_tracking\org-netbeans-modules-properties-syntax.xml;C:\Program Files\NetBeans 8.2\ide\update_tracking\org-netbeans-modules-properties.xml;C:\Program Files\NetBeans 8.2\ide\update_tracking\org-netbeans-modules-refactoring-api.xml;C:\Program Files\NetBeans 8.2\ide\update_tracking\org-netbeans-modules-schema2beans.xml;C:\Program Files\NetBeans 8.2\ide\update_tracking\org-netbeans-modules-selenium2-server.xml;C:\Program Files\NetBeans 8.2\ide\update_tracking\org-netbeans-modules-selenium2.xml;C:\Program Files\NetBeans 8.2\ide\update_tracking\org-netbeans-modules-server.xml;C:\Program Files\NetBeans 8.2\ide\update_tracking\org-netbeans-modules-servletapi.xml;C:\Program Files\NetBeans 8.2\ide\update_tracking\org-netbeans-modules-spellchecker-apimodule.xml;C:\Program Files\NetBeans 8.2\ide\update_tracking\org-netbeans-modules-spellchecker-bindings-htmlxml.xml;C:\Program Files\NetBeans 8.2\ide\update_tracking\org-netbeans-modules-spellchecker-bindings-properties.xml;C:\Program Files\NetBeans 8.2\ide\update_tracking\org-netbeans-modules-spellchecker-dictionary_en.xml;C:\Program Files\NetBeans 8.2\ide\update_tracking\org-netbeans-modules-spellchecker-kit.xml;C:\Program Files\NetBeans 8.2\ide\update_tracking\org-netbeans-modules-spellchecker.xml;C:\Program Files\NetBeans 8.2\ide\update_tracking\org-netbeans-modules-subversion.xml;C:\Program Files\NetBeans 8.2\ide\update_tracking\org-netbeans-modules-swing-validation.xml;C:\Program Files\NetBeans 8.2\ide\update_tracking\org-netbeans-modules-target-iterator.xml;C:\Program Files\NetBeans 8.2\ide\update_tracking\org-netbeans-modules-tasklist-kit.xml;C:\Program Files\NetBeans 8.2\ide\update_tracking\org-netbeans-modules-tasklist-projectint.xml;C:\Program Files\NetBeans 8.2\ide\update_tracking\org-netbeans-modules-tasklist-todo.xml;C:\Program Files\NetBeans 8.2\ide\update_tracking\org-netbeans-modules-tasklist-ui.xml;C:\Program Files\NetBeans 8.2\ide\update_tracking\org-netbeans-modules-team-commons.xml;C:\Program Files\NetBeans 8.2\ide\update_tracking\org-netbeans-modules-team-ide.xml;C:\Program Files\NetBeans 8.2\ide\update_tracking\org-netbeans-modules-terminal-nb.xml;C:\Program Files\NetBeans 8.2\ide\update_tracking\org-netbeans-modules-terminal.xml;C:\Program Files\NetBeans 8.2\ide\update_tracking\org-netbeans-modules-usersguide.xml;C:\Program Files\NetBeans 8.2\ide\update_tracking\org-netbeans-modules-utilities-project.xml;C:\Program Files\NetBeans 8.2\ide\update_tracking\org-netbeans-modules-utilities.xml;C:\Program Files\NetBeans 8.2\ide\update_tracking\org-netbeans-modules-versioning-core.xml;C:\Program Files\NetBeans 8.2\ide\update_tracking\org-netbeans-modules-versioning-indexingbridge.xml;C:\Program Files\NetBeans 8.2\ide\update_tracking\org-netbeans-modules-versioning-masterfs.xml;C:\Program Files\NetBeans 8.2\ide\update_tracking\org-netbeans-modules-versioning-system-cvss-installer.xml;C:\Program Files\NetBeans 8.2\ide\update_tracking\org-netbeans-modules-versioning-ui.xml;C:\Program Files\NetBeans 8.2\ide\update_tracking\org-netbeans-modules-versioning-util.xml;C:\Program Files\NetBeans 8.2\ide\update_tracking\org-netbeans-modules-versioning.xml;C:\Program Files\NetBeans 8.2\ide\update_tracking\org-netbeans-modules-web-browser-api.xml;C:\Program Files\NetBeans 8.2\ide\update_tracking\org-netbeans-modules-web-common-ui.xml;C:\Program Files\NetBeans 8.2\ide\update_tracking\org-netbeans-modules-web-common.xml;C:\Program Files\NetBeans 8.2\ide\update_tracking\org-netbeans-modules-web-indent.xml;C:\Program Files\NetBeans 8.2\ide\update_tracking\org-netbeans-modules-web-webkit-debugging.xml;C:\Program Files\NetBeans 8.2\ide\update_tracking\org-netbeans-modules-xml-axi.xml;C:\Program Files\NetBeans 8.2\ide\update_tracking\org-netbeans-modules-xml-catalog-ui.xml;C:\Program Files\NetBeans 8.2\ide\update_tracking\org-netbeans-modules-xml-catalog.xml;C:\Program Files\NetBeans 8.2\ide\update_tracking\org-netbeans-modules-xml-core.xml;C:\Program Files\NetBeans 8.2\ide\update_tracking\org-netbeans-modules-xml-jaxb-api.xml;C:\Program Files\NetBeans 8.2\ide\update_tracking\org-netbeans-modules-xml-lexer.xml;C:\Program Files\NetBeans 8.2\ide\update_tracking\org-netbeans-modules-xml-multiview.xml;C:\Program Files\NetBeans 8.2\ide\update_tracking\org-netbeans-modules-xml-retriever.xml;C:\Program Files\NetBeans 8.2\ide\update_tracking\org-netbeans-modules-xml-schema-completion.xml;C:\Program Files\NetBeans 8.2\ide\update_tracking\org-netbeans-modules-xml-schema-model.xml;C:\Program Files\NetBeans 8.2\ide\update_tracking\org-netbeans-modules-xml-tax.xml;C:\Program Files\NetBeans 8.2\ide\update_tracking\org-netbeans-modules-xml-text.xml;C:\Program Files\NetBeans 8.2\ide\update_tracking\org-netbeans-modules-xml-tools.xml;C:\Program Files\NetBeans 8.2\ide\update_tracking\org-netbeans-modules-xml-wsdl-model.xml;C:\Program Files\NetBeans 8.2\ide\update_tracking\org-netbeans-modules-xml-xam.xml;C:\Program Files\NetBeans 8.2\ide\update_tracking\org-netbeans-modules-xml-xdm.xml;C:\Program Files\NetBeans 8.2\ide\update_tracking\org-netbeans-modules-xml.xml;C:\Program Files\NetBeans 8.2\ide\update_tracking\org-netbeans-modules-xsl.xml;C:\Program Files\NetBeans 8.2\ide\update_tracking\org-netbeans-spi-debugger-ui.xml;C:\Program Files\NetBeans 8.2\ide\update_tracking\org-netbeans-spi-editor-hints-projects.xml;C:\Program Files\NetBeans 8.2\ide\update_tracking\org-netbeans-spi-editor-hints.xml;C:\Program Files\NetBeans 8.2\ide\update_tracking\org-netbeans-spi-navigator.xml;C:\Program Files\NetBeans 8.2\ide\update_tracking\org-netbeans-spi-palette.xml;C:\Program Files\NetBeans 8.2\ide\update_tracking\org-netbeans-spi-tasklist.xml;C:\Program Files\NetBeans 8.2\ide\update_tracking\org-netbeans-spi-viewmodel.xml;C:\Program Files\NetBeans 8.2\ide\update_tracking\org-netbeans-swing-dirchooser.xml;C:\Program Files\NetBeans 8.2\ide\update_tracking\org-openidex-util.xml;C:\Program Files\NetBeans 8.2\java\update_tracking\org-jdesktop-beansbinding.xml;C:\Program Files\NetBeans 8.2\java\update_tracking\org-netbeans-api-debugger-jpda.xml;C:\Program Files\NetBeans 8.2\java\update_tracking\org-netbeans-api-java.xml;C:\Program Files\NetBeans 8.2\java\update_tracking\org-netbeans-api-maven.xml;C:\Program Files\NetBeans 8.2\java\update_tracking\org-netbeans-lib-nbjavac.xml;C:\Program Files\NetBeans 8.2\java\update_tracking\org-netbeans-libs-cglib.xml;C:\Program Files\NetBeans 8.2\java\update_tracking\org-netbeans-libs-javacapi.xml;C:\Program Files\NetBeans 8.2\java\update_tracking\org-netbeans-libs-javacimpl.xml;C:\Program Files\NetBeans 8.2\java\update_tracking\org-netbeans-libs-springframework.xml;C:\Program Files\NetBeans 8.2\java\update_tracking\org-netbeans-modules-ant-browsetask.xml;C:\Program Files\NetBeans 8.2\java\update_tracking\org-netbeans-modules-ant-debugger.xml;C:\Program Files\NetBeans 8.2\java\update_tracking\org-netbeans-modules-ant-freeform.xml;C:\Program Files\NetBeans 8.2\java\update_tracking\org-netbeans-modules-ant-grammar.xml;C:\Program Files\NetBeans 8.2\java\update_tracking\org-netbeans-modules-ant-kit.xml;C:\Program Files\NetBeans 8.2\java\update_tracking\org-netbeans-modules-beans.xml;C:\Program Files\NetBeans 8.2\java\update_tracking\org-netbeans-modules-classfile.xml;C:\Program Files\NetBeans 8.2\java\update_tracking\org-netbeans-modules-dbschema.xml;C:\Program Files\NetBeans 8.2\java\update_tracking\org-netbeans-modules-debugger-jpda-ant.xml;C:\Program Files\NetBeans 8.2\java\update_tracking\org-netbeans-modules-debugger-jpda-js.xml;C:\Program Files\NetBeans 8.2\java\update_tracking\org-netbeans-modules-debugger-jpda-jsui.xml;C:\Program Files\NetBeans 8.2\java\update_tracking\org-netbeans-modules-debugger-jpda-kit.xml;C:\Program Files\NetBeans 8.2\java\update_tracking\org-netbeans-modules-debugger-jpda-projects.xml;C:\Program Files\NetBeans 8.2\java\update_tracking\org-netbeans-modules-debugger-jpda-projectsui.xml;C:\Program Files\NetBeans 8.2\java\update_tracking\org-netbeans-modules-debugger-jpda-ui.xml;C:\Program Files\NetBeans 8.2\java\update_tracking\org-netbeans-modules-debugger-jpda-visual.xml;C:\Program Files\NetBeans 8.2\java\update_tracking\org-netbeans-modules-debugger-jpda.xml;C:\Program Files\NetBeans 8.2\java\update_tracking\org-netbeans-modules-findbugs-installer.xml;C:\Program Files\NetBeans 8.2\java\update_tracking\org-netbeans-modules-form-binding.xml;C:\Program Files\NetBeans 8.2\java\update_tracking\org-netbeans-modules-form-j2ee.xml;C:\Program Files\NetBeans 8.2\java\update_tracking\org-netbeans-modules-form-kit.xml;C:\Program Files\NetBeans 8.2\java\update_tracking\org-netbeans-modules-form-nb.xml;C:\Program Files\NetBeans 8.2\java\update_tracking\org-netbeans-modules-form-refactoring.xml;C:\Program Files\NetBeans 8.2\java\update_tracking\org-netbeans-modules-form.xml;C:\Program Files\NetBeans 8.2\java\update_tracking\org-netbeans-modules-hibernate.xml;C:\Program Files\NetBeans 8.2\java\update_tracking\org-netbeans-modules-hibernate4lib.xml;C:\Program Files\NetBeans 8.2\java\update_tracking\org-netbeans-modules-hudson-ant.xml;C:\Program Files\NetBeans 8.2\java\update_tracking\org-netbeans-modules-hudson-maven.xml;C:\Program Files\NetBeans 8.2\java\update_tracking\org-netbeans-modules-i18n-form.xml;C:\Program Files\NetBeans 8.2\java\update_tracking\org-netbeans-modules-i18n.xml;C:\Program Files\NetBeans 8.2\java\update_tracking\org-netbeans-modules-j2ee-core-utilities.xml;C:\Program Files\NetBeans 8.2\java\update_tracking\org-netbeans-modules-j2ee-eclipselink.xml;C:\Program Files\NetBeans 8.2\java\update_tracking\org-netbeans-modules-j2ee-eclipselinkmodelgen.xml;C:\Program Files\NetBeans 8.2\java\update_tracking\org-netbeans-modules-j2ee-jpa-refactoring.xml;C:\Program Files\NetBeans 8.2\java\update_tracking\org-netbeans-modules-j2ee-jpa-verification.xml;C:\Program Files\NetBeans 8.2\java\update_tracking\org-netbeans-modules-j2ee-metadata-model-support.xml;C:\Program Files\NetBeans 8.2\java\update_tracking\org-netbeans-modules-j2ee-metadata.xml;C:\Program Files\NetBeans 8.2\java\update_tracking\org-netbeans-modules-j2ee-persistence-kit.xml;C:\Program Files\NetBeans 8.2\java\update_tracking\org-netbeans-modules-j2ee-persistence.xml;C:\Program Files\NetBeans 8.2\java\update_tracking\org-netbeans-modules-j2ee-persistenceapi.xml;C:\Program Files\NetBeans 8.2\java\update_tracking\org-netbeans-modules-java-api-common.xml;C:\Program Files\NetBeans 8.2\java\update_tracking\org-netbeans-modules-java-completion.xml;C:\Program Files\NetBeans 8.2\java\update_tracking\org-netbeans-modules-java-debug.xml;C:\Program Files\NetBeans 8.2\java\update_tracking\org-netbeans-modules-java-editor-base.xml;C:\Program Files\NetBeans 8.2\java\update_tracking\org-netbeans-modules-java-editor-lib.xml;C:\Program Files\NetBeans 8.2\java\update_tracking\org-netbeans-modules-java-editor.xml;C:\Program Files\NetBeans 8.2\java\update_tracking\org-netbeans-modules-java-examples.xml;C:\Program Files\NetBeans 8.2\java\update_tracking\org-netbeans-modules-java-freeform.xml;C:\Program Files\NetBeans 8.2\java\update_tracking\org-netbeans-modules-java-guards.xml;C:\Program Files\NetBeans 8.2\java\update_tracking\org-netbeans-modules-java-hints-declarative-test.xml;C:\Program Files\NetBeans 8.2\java\update_tracking\org-netbeans-modules-java-hints-declarative.xml;C:\Program Files\NetBeans 8.2\java\update_tracking\org-netbeans-modules-java-hints-legacy-spi.xml;C:\Program Files\NetBeans 8.2\java\update_tracking\org-netbeans-modules-java-hints-test.xml;C:\Program Files\NetBeans 8.2\java\update_tracking\org-netbeans-modules-java-hints-ui.xml;C:\Program Files\NetBeans 8.2\java\update_tracking\org-netbeans-modules-java-hints.xml;C:\Program Files\NetBeans 8.2\java\update_tracking\org-netbeans-modules-java-j2sedeploy.xml;C:\Program Files\NetBeans 8.2\java\update_tracking\org-netbeans-modules-java-j2seembedded.xml;C:\Program Files\NetBeans 8.2\java\update_tracking\org-netbeans-modules-java-j2seplatform.xml;C:\Program Files\NetBeans 8.2\java\update_tracking\org-netbeans-modules-java-j2seprofiles.xml;C:\Program Files\NetBeans 8.2\java\update_tracking\org-netbeans-modules-java-j2seproject.xml;C:\Program Files\NetBeans 8.2\java\update_tracking\org-netbeans-modules-java-kit.xml;C:\Program Files\NetBeans 8.2\java\update_tracking\org-netbeans-modules-java-lexer.xml;C:\Program Files\NetBeans 8.2\java\update_tracking\org-netbeans-modules-java-metrics.xml;C:\Program Files\NetBeans 8.2\java\update_tracking\org-netbeans-modules-java-navigation.xml;C:\Program Files\NetBeans 8.2\java\update_tracking\org-netbeans-modules-java-platform-ui.xml;C:\Program Files\NetBeans 8.2\java\update_tracking\org-netbeans-modules-java-platform.xml;C:\Program Files\NetBeans 8.2\java\update_tracking\org-netbeans-modules-java-preprocessorbridge.xml;C:\Program Files\NetBeans 8.2\java\update_tracking\org-netbeans-modules-java-project-ui.xml;C:\Program Files\NetBeans 8.2\java\update_tracking\org-netbeans-modules-java-project.xml;C:\Program Files\NetBeans 8.2\java\update_tracking\org-netbeans-modules-java-source-ant.xml;C:\Program Files\NetBeans 8.2\java\update_tracking\org-netbeans-modules-java-source-base.xml;C:\Program Files\NetBeans 8.2\java\update_tracking\org-netbeans-modules-java-source-compat8.xml;C:\Program Files\NetBeans 8.2\java\update_tracking\org-netbeans-modules-java-source-queries.xml;C:\Program Files\NetBeans 8.2\java\update_tracking\org-netbeans-modules-java-source-queriesimpl.xml;C:\Program Files\NetBeans 8.2\java\update_tracking\org-netbeans-modules-java-source.xml;C:\Program Files\NetBeans 8.2\java\update_tracking\org-netbeans-modules-java-sourceui.xml;C:\Program Files\NetBeans 8.2\java\update_tracking\org-netbeans-modules-java-testrunner-ant.xml;C:\Program Files\NetBeans 8.2\java\update_tracking\org-netbeans-modules-java-testrunner-ui.xml;C:\Program Files\NetBeans 8.2\java\update_tracking\org-netbeans-modules-java-testrunner.xml;C:\Program Files\NetBeans 8.2\java\update_tracking\org-netbeans-modules-javadoc.xml;C:\Program Files\NetBeans 8.2\java\update_tracking\org-netbeans-modules-javaee-injection.xml;C:\Program Files\NetBeans 8.2\java\update_tracking\org-netbeans-modules-javawebstart.xml;C:\Program Files\NetBeans 8.2\java\update_tracking\org-netbeans-modules-jellytools-java.xml;C:\Program Files\NetBeans 8.2\java\update_tracking\org-netbeans-modules-junit-ant-ui.xml;C:\Program Files\NetBeans 8.2\java\update_tracking\org-netbeans-modules-junit-ant.xml;C:\Program Files\NetBeans 8.2\java\update_tracking\org-netbeans-modules-junit-ui.xml;C:\Program Files\NetBeans 8.2\java\update_tracking\org-netbeans-modules-junit.xml;C:\Program Files\NetBeans 8.2\java\update_tracking\org-netbeans-modules-maven-checkstyle.xml;C:\Program Files\NetBeans 8.2\java\update_tracking\org-netbeans-modules-maven-coverage.xml;C:\Program Files\NetBeans 8.2\java\update_tracking\org-netbeans-modules-maven-embedder.xml;C:\Program Files\NetBeans 8.2\java\update_tracking\org-netbeans-modules-maven-grammar.xml;C:\Program Files\NetBeans 8.2\java\update_tracking\org-netbeans-modules-maven-graph.xml;C:\Program Files\NetBeans 8.2\java\update_tracking\org-netbeans-modules-maven-hints.xml;C:\Program Files\NetBeans 8.2\java\update_tracking\org-netbeans-modules-maven-indexer-ui.xml;C:\Program Files\NetBeans 8.2\java\update_tracking\org-netbeans-modules-maven-indexer.xml;C:\Program Files\NetBeans 8.2\java\update_tracking\org-netbeans-modules-maven-junit-ui.xml;C:\Program Files\NetBeans 8.2\java\update_tracking\org-netbeans-modules-maven-junit.xml;C:\Program Files\NetBeans 8.2\java\update_tracking\org-netbeans-modules-maven-kit.xml;C:\Program Files\NetBeans 8.2\java\update_tracking\org-netbeans-modules-maven-model.xml;C:\Program Files\NetBeans 8.2\java\update_tracking\org-netbeans-modules-maven-osgi.xml;C:\Program Files\NetBeans 8.2\java\update_tracking\org-netbeans-modules-maven-persistence.xml;C:\Program Files\NetBeans 8.2\java\update_tracking\org-netbeans-modules-maven-refactoring.xml;C:\Program Files\NetBeans 8.2\java\update_tracking\org-netbeans-modules-maven-repository.xml;C:\Program Files\NetBeans 8.2\java\update_tracking\org-netbeans-modules-maven-search.xml;C:\Program Files\NetBeans 8.2\java\update_tracking\org-netbeans-modules-maven-spring.xml;C:\Program Files\NetBeans 8.2\java\update_tracking\org-netbeans-modules-maven.xml;C:\Program Files\NetBeans 8.2\java\update_tracking\org-netbeans-modules-nashorn-execution.xml;C:\Program Files\NetBeans 8.2\java\update_tracking\org-netbeans-modules-performance-java.xml;C:\Program Files\NetBeans 8.2\java\update_tracking\org-netbeans-modules-performance.xml;C:\Program Files\NetBeans 8.2\java\update_tracking\org-netbeans-modules-projectimport-eclipse-core.xml;C:\Program Files\NetBeans 8.2\java\update_tracking\org-netbeans-modules-projectimport-eclipse-j2se.xml;C:\Program Files\NetBeans 8.2\java\update_tracking\org-netbeans-modules-refactoring-java.xml;C:\Program Files\NetBeans 8.2\java\update_tracking\org-netbeans-modules-selenium2-java.xml;C:\Program Files\NetBeans 8.2\java\update_tracking\org-netbeans-modules-selenium2-maven.xml;C:\Program Files\NetBeans 8.2\java\update_tracking\org-netbeans-modules-spellchecker-bindings-java.xml;C:\Program Files\NetBeans 8.2\java\update_tracking\org-netbeans-modules-spring-beans.xml;C:\Program Files\NetBeans 8.2\java\update_tracking\org-netbeans-modules-testng-ant.xml;C:\Program Files\NetBeans 8.2\java\update_tracking\org-netbeans-modules-testng-maven.xml;C:\Program Files\NetBeans 8.2\java\update_tracking\org-netbeans-modules-testng-ui.xml;C:\Program Files\NetBeans 8.2\java\update_tracking\org-netbeans-modules-testng.xml;C:\Program Files\NetBeans 8.2\java\update_tracking\org-netbeans-modules-websvc-jaxws21.xml;C:\Program Files\NetBeans 8.2\java\update_tracking\org-netbeans-modules-websvc-jaxws21api.xml;C:\Program Files\NetBeans 8.2\java\update_tracking\org-netbeans-modules-websvc-saas-codegen-java.xml;C:\Program Files\NetBeans 8.2\java\update_tracking\org-netbeans-modules-whitelist.xml;C:\Program Files\NetBeans 8.2\java\update_tracking\org-netbeans-modules-xml-jaxb.xml;C:\Program Files\NetBeans 8.2\java\update_tracking\org-netbeans-modules-xml-tools-java.xml;C:\Program Files\NetBeans 8.2\java\update_tracking\org-netbeans-spi-debugger-jpda-ui.xml;C:\Program Files\NetBeans 8.2\java\update_tracking\org-netbeans-spi-java-hints.xml;C:\Program Files\NetBeans 8.2\javafx\update_tracking\org-netbeans-modules-javafx2-editor.xml;C:\Program Files\NetBeans 8.2\javafx\update_tracking\org-netbeans-modules-javafx2-kit.xml;C:\Program Files\NetBeans 8.2\javafx\update_tracking\org-netbeans-modules-javafx2-platform.xml;C:\Program Files\NetBeans 8.2\javafx\update_tracking\org-netbeans-modules-javafx2-project.xml;C:\Program Files\NetBeans 8.2\javafx\update_tracking\org-netbeans-modules-javafx2-samples.xml;C:\Program Files\NetBeans 8.2\javafx\update_tracking\org-netbeans-modules-javafx2-scenebuilder.xml;C:\Program Files\NetBeans 8.2\nb\update_tracking\org-netbeans-modules-autoupdate-pluginimporter.xml;C:\Program Files\NetBeans 8.2\nb\update_tracking\org-netbeans-modules-bugzilla-exceptionreporter.xml;C:\Program Files\NetBeans 8.2\nb\update_tracking\org-netbeans-modules-deadlock-detector.xml;C:\Program Files\NetBeans 8.2\nb\update_tracking\org-netbeans-modules-ide-branding-kit.xml;C:\Program Files\NetBeans 8.2\nb\update_tracking\org-netbeans-modules-ide-branding.xml;C:\Program Files\NetBeans 8.2\nb\update_tracking\org-netbeans-modules-uihandler-exceptionreporter.xml;C:\Program Files\NetBeans 8.2\nb\update_tracking\org-netbeans-modules-updatecenters.xml;C:\Program Files\NetBeans 8.2\nb\update_tracking\org-netbeans-modules-welcome.xml;C:\Program Files\NetBeans 8.2\nb\update_tracking\org-netbeans-upgrader.xml;C:\Program Files\NetBeans 8.2\platform\update_tracking\net-java-html-boot-fx.xml;C:\Program Files\NetBeans 8.2\platform\update_tracking\net-java-html-boot-script.xml;C:\Program Files\NetBeans 8.2\platform\update_tracking\net-java-html-boot.xml;C:\Program Files\NetBeans 8.2\platform\update_tracking\net-java-html-geo.xml;C:\Program Files\NetBeans 8.2\platform\update_tracking\net-java-html-json.xml;C:\Program Files\NetBeans 8.2\platform\update_tracking\net-java-html-sound.xml;C:\Program Files\NetBeans 8.2\platform\update_tracking\net-java-html.xml;C:\Program Files\NetBeans 8.2\platform\update_tracking\org-jdesktop-layout.xml;C:\Program Files\NetBeans 8.2\platform\update_tracking\org-netbeans-api-annotations-common.xml;C:\Program Files\NetBeans 8.2\platform\update_tracking\org-netbeans-api-htmlui.xml;C:\Program Files\NetBeans 8.2\platform\update_tracking\org-netbeans-api-intent.xml;C:\Program Files\NetBeans 8.2\platform\update_tracking\org-netbeans-api-io.xml;C:\Program Files\NetBeans 8.2\platform\update_tracking\org-netbeans-api-progress-compat8.xml;C:\Program Files\NetBeans 8.2\platform\update_tracking\org-netbeans-api-progress-nb.xml;C:\Program Files\NetBeans 8.2\platform\update_tracking\org-netbeans-api-progress.xml;C:\Program Files\NetBeans 8.2\platform\update_tracking\org-netbeans-api-search.xml;C:\Program Files\NetBeans 8.2\platform\update_tracking\org-netbeans-api-templates.xml;C:\Program Files\NetBeans 8.2\platform\update_tracking\org-netbeans-api-visual.xml;C:\Program Files\NetBeans 8.2\platform\update_tracking\org-netbeans-bootstrap.xml;C:\Program Files\NetBeans 8.2\platform\update_tracking\org-netbeans-core-execution.xml;C:\Program Files\NetBeans 8.2\platform\update_tracking\org-netbeans-core-io-ui.xml;C:\Program Files\NetBeans 8.2\platform\update_tracking\org-netbeans-core-multitabs.xml;C:\Program Files\NetBeans 8.2\platform\update_tracking\org-netbeans-core-multiview.xml;C:\Program Files\NetBeans 8.2\platform\update_tracking\org-netbeans-core-nativeaccess.xml;C:\Program Files\NetBeans 8.2\platform\update_tracking\org-netbeans-core-netigso.xml;C:\Program Files\NetBeans 8.2\platform\update_tracking\org-netbeans-core-network.xml;C:\Program Files\NetBeans 8.2\platform\update_tracking\org-netbeans-core-osgi.xml;C:\Program Files\NetBeans 8.2\platform\update_tracking\org-netbeans-core-output2.xml;C:\Program Files\NetBeans 8.2\platform\update_tracking\org-netbeans-core-startup-base.xml;C:\Program Files\NetBeans 8.2\platform\update_tracking\org-netbeans-core-startup.xml;C:\Program Files\NetBeans 8.2\platform\update_tracking\org-netbeans-core-ui.xml;C:\Program Files\NetBeans 8.2\platform\update_tracking\org-netbeans-core-windows.xml;C:\Program Files\NetBeans 8.2\platform\update_tracking\org-netbeans-core.xml;C:\Program Files\NetBeans 8.2\platform\update_tracking\org-netbeans-html-ko4j.xml;C:\Program Files\NetBeans 8.2\platform\update_tracking\org-netbeans-html-xhr4j.xml;C:\Program Files\NetBeans 8.2\platform\update_tracking\org-netbeans-lib-uihandler.xml;C:\Program Files\NetBeans 8.2\platform\update_tracking\org-netbeans-libs-asm.xml;C:\Program Files\NetBeans 8.2\platform\update_tracking\org-netbeans-libs-felix.xml;C:\Program Files\NetBeans 8.2\platform\update_tracking\org-netbeans-libs-javafx.xml;C:\Program Files\NetBeans 8.2\platform\update_tracking\org-netbeans-libs-jna-platform.xml;C:\Program Files\NetBeans 8.2\platform\update_tracking\org-netbeans-libs-jna.xml;C:\Program Files\NetBeans 8.2\platform\update_tracking\org-netbeans-libs-jsr223.xml;C:\Program Files\NetBeans 8.2\platform\update_tracking\org-netbeans-libs-junit4.xml;C:\Program Files\NetBeans 8.2\platform\update_tracking\org-netbeans-libs-osgi.xml;C:\Program Files\NetBeans 8.2\platform\update_tracking\org-netbeans-libs-testng.xml;C:\Program Files\NetBeans 8.2\platform\update_tracking\org-netbeans-modules-applemenu.xml;C:\Program Files\NetBeans 8.2\platform\update_tracking\org-netbeans-modules-autoupdate-cli.xml;C:\Program Files\NetBeans 8.2\platform\update_tracking\org-netbeans-modules-autoupdate-services.xml;C:\Program Files\NetBeans 8.2\platform\update_tracking\org-netbeans-modules-autoupdate-ui.xml;C:\Program Files\NetBeans 8.2\platform\update_tracking\org-netbeans-modules-core-kit.xml;C:\Program Files\NetBeans 8.2\platform\update_tracking\org-netbeans-modules-editor-mimelookup-impl.xml;C:\Program Files\NetBeans 8.2\platform\update_tracking\org-netbeans-modules-editor-mimelookup.xml;C:\Program Files\NetBeans 8.2\platform\update_tracking\org-netbeans-modules-favorites.xml;C:\Program Files\NetBeans 8.2\platform\update_tracking\org-netbeans-modules-javahelp.xml;C:\Program Files\NetBeans 8.2\platform\update_tracking\org-netbeans-modules-junitlib.xml;C:\Program Files\NetBeans 8.2\platform\update_tracking\org-netbeans-modules-keyring-fallback.xml;C:\Program Files\NetBeans 8.2\platform\update_tracking\org-netbeans-modules-keyring-impl.xml;C:\Program Files\NetBeans 8.2\platform\update_tracking\org-netbeans-modules-keyring.xml;C:\Program Files\NetBeans 8.2\platform\update_tracking\org-netbeans-modules-masterfs-linux.xml;C:\Program Files\NetBeans 8.2\platform\update_tracking\org-netbeans-modules-masterfs-macosx.xml;C:\Program Files\NetBeans 8.2\platform\update_tracking\org-netbeans-modules-masterfs-nio2.xml;C:\Program Files\NetBeans 8.2\platform\update_tracking\org-netbeans-modules-masterfs-ui.xml;C:\Program Files\NetBeans 8.2\platform\update_tracking\org-netbeans-modules-masterfs-windows.xml;C:\Program Files\NetBeans 8.2\platform\update_tracking\org-netbeans-modules-masterfs.xml;C:\Program Files\NetBeans 8.2\platform\update_tracking\org-netbeans-modules-netbinox.xml;C:\Program Files\NetBeans 8.2\platform\update_tracking\org-netbeans-modules-options-api.xml;C:\Program Files\NetBeans 8.2\platform\update_tracking\org-netbeans-modules-options-keymap.xml;C:\Program Files\NetBeans 8.2\platform\update_tracking\org-netbeans-modules-print.xml;C:\Program Files\NetBeans 8.2\platform\update_tracking\org-netbeans-modules-progress-ui.xml;C:\Program Files\NetBeans 8.2\platform\update_tracking\org-netbeans-modules-queries.xml;C:\Program Files\NetBeans 8.2\platform\update_tracking\org-netbeans-modules-sampler.xml;C:\Program Files\NetBeans 8.2\platform\update_tracking\org-netbeans-modules-sendopts.xml;C:\Program Files\NetBeans 8.2\platform\update_tracking\org-netbeans-modules-settings.xml;C:\Program Files\NetBeans 8.2\platform\update_tracking\org-netbeans-modules-spi-actions.xml;C:\Program Files\NetBeans 8.2\platform\update_tracking\org-netbeans-modules-templates.xml;C:\Program Files\NetBeans 8.2\platform\update_tracking\org-netbeans-modules-templatesui.xml;C:\Program Files\NetBeans 8.2\platform\update_tracking\org-netbeans-modules-uihandler.xml;C:\Program Files\NetBeans 8.2\platform\update_tracking\org-netbeans-spi-quicksearch.xml;C:\Program Files\NetBeans 8.2\platform\update_tracking\org-netbeans-swing-outline.xml;C:\Program Files\NetBeans 8.2\platform\update_tracking\org-netbeans-swing-plaf.xml;C:\Program Files\NetBeans 8.2\platform\update_tracking\org-netbeans-swing-tabcontrol.xml;C:\Program Files\NetBeans 8.2\platform\update_tracking\org-openide-actions.xml;C:\Program Files\NetBeans 8.2\platform\update_tracking\org-openide-awt.xml;C:\Program Files\NetBeans 8.2\platform\update_tracking\org-openide-compat.xml;C:\Program Files\NetBeans 8.2\platform\update_tracking\org-openide-dialogs.xml;C:\Program Files\NetBeans 8.2\platform\update_tracking\org-openide-execution-compat8.xml;C:\Program Files\NetBeans 8.2\platform\update_tracking\org-openide-execution.xml;C:\Program Files\NetBeans 8.2\platform\update_tracking\org-openide-explorer.xml;C:\Program Files\NetBeans 8.2\platform\update_tracking\org-openide-filesystems-compat8.xml;C:\Program Files\NetBeans 8.2\platform\update_tracking\org-openide-filesystems-nb.xml;C:\Program Files\NetBeans 8.2\platform\update_tracking\org-openide-filesystems.xml;C:\Program Files\NetBeans 8.2\platform\update_tracking\org-openide-io.xml;C:\Program Files\NetBeans 8.2\platform\update_tracking\org-openide-loaders.xml;C:\Program Files\NetBeans 8.2\platform\update_tracking\org-openide-modules.xml;C:\Program Files\NetBeans 8.2\platform\update_tracking\org-openide-nodes.xml;C:\Program Files\NetBeans 8.2\platform\update_tracking\org-openide-options.xml;C:\Program Files\NetBeans 8.2\platform\update_tracking\org-openide-text.xml;C:\Program Files\NetBeans 8.2\platform\update_tracking\org-openide-util-enumerations.xml;C:\Program Files\NetBeans 8.2\platform\update_tracking\org-openide-util-lookup.xml;C:\Program Files\NetBeans 8.2\platform\update_tracking\org-openide-util-ui.xml;C:\Program Files\NetBeans 8.2\platform\update_tracking\org-openide-util.xml;C:\Program Files\NetBeans 8.2\platform\update_tracking\org-openide-windows.xml;C:\Program Files\NetBeans 8.2\profiler\update_tracking\org-netbeans-lib-profiler-charts.xml;C:\Program Files\NetBeans 8.2\profiler\update_tracking\org-netbeans-lib-profiler-common.xml;C:\Program Files\NetBeans 8.2\profiler\update_tracking\org-netbeans-lib-profiler-ui.xml;C:\Program Files\NetBeans 8.2\profiler\update_tracking\org-netbeans-lib-profiler.xml;C:\Program Files\NetBeans 8.2\profiler\update_tracking\org-netbeans-modules-debugger-jpda-heapwalk.xml;C:\Program Files\NetBeans 8.2\profiler\update_tracking\org-netbeans-modules-maven-profiler.xml;C:\Program Files\NetBeans 8.2\profiler\update_tracking\org-netbeans-modules-profiler-api.xml;C:\Program Files\NetBeans 8.2\profiler\update_tracking\org-netbeans-modules-profiler-attach.xml;C:\Program Files\NetBeans 8.2\profiler\update_tracking\org-netbeans-modules-profiler-freeform.xml;C:\Program Files\NetBeans 8.2\profiler\update_tracking\org-netbeans-modules-profiler-heapwalker.xml;C:\Program Files\NetBeans 8.2\profiler\update_tracking\org-netbeans-modules-profiler-j2se.xml;C:\Program Files\NetBeans 8.2\profiler\update_tracking\org-netbeans-modules-profiler-kit.xml;C:\Program Files\NetBeans 8.2\profiler\update_tracking\org-netbeans-modules-profiler-nbimpl.xml;C:\Program Files\NetBeans 8.2\profiler\update_tracking\org-netbeans-modules-profiler-nbmodule.xml;C:\Program Files\NetBeans 8.2\profiler\update_tracking\org-netbeans-modules-profiler-options.xml;C:\Program Files\NetBeans 8.2\profiler\update_tracking\org-netbeans-modules-profiler-oql-language.xml;C:\Program Files\NetBeans 8.2\profiler\update_tracking\org-netbeans-modules-profiler-oql.xml;C:\Program Files\NetBeans 8.2\profiler\update_tracking\org-netbeans-modules-profiler-ppoints.xml;C:\Program Files\NetBeans 8.2\profiler\update_tracking\org-netbeans-modules-profiler-projectsupport.xml;C:\Program Files\NetBeans 8.2\profiler\update_tracking\org-netbeans-modules-profiler-snaptracer.xml;C:\Program Files\NetBeans 8.2\profiler\update_tracking\org-netbeans-modules-profiler-utilities.xml;C:\Program Files\NetBeans 8.2\profiler\update_tracking\org-netbeans-modules-profiler.xml;C:\Program Files\NetBeans 8.2\webcommon\update_tracking\org-netbeans-api-knockout.xml;C:\Program Files\NetBeans 8.2\webcommon\update_tracking\org-netbeans-lib-v8debug.xml;C:\Program Files\NetBeans 8.2\webcommon\update_tracking\org-netbeans-libs-jstestdriver.xml;C:\Program Files\NetBeans 8.2\webcommon\update_tracking\org-netbeans-libs-nashorn.xml;C:\Program Files\NetBeans 8.2\webcommon\update_tracking\org-netbeans-libs-plist.xml;C:\Program Files\NetBeans 8.2\webcommon\update_tracking\org-netbeans-modules-cordova-platforms-android.xml;C:\Program Files\NetBeans 8.2\webcommon\update_tracking\org-netbeans-modules-cordova-platforms-ios.xml;C:\Program Files\NetBeans 8.2\webcommon\update_tracking\org-netbeans-modules-cordova-platforms.xml;C:\Program Files\NetBeans 8.2\webcommon\update_tracking\org-netbeans-modules-cordova.xml;C:\Program Files\NetBeans 8.2\webcommon\update_tracking\org-netbeans-modules-extbrowser-chrome.xml;C:\Program Files\NetBeans 8.2\webcommon\update_tracking\org-netbeans-modules-html-angular.xml;C:\Program Files\NetBeans 8.2\webcommon\update_tracking\org-netbeans-modules-html-knockout.xml;C:\Program Files\NetBeans 8.2\webcommon\update_tracking\org-netbeans-modules-html-ojet.xml;C:\Program Files\NetBeans 8.2\webcommon\update_tracking\org-netbeans-modules-javascript-bower.xml;C:\Program Files\NetBeans 8.2\webcommon\update_tracking\org-netbeans-modules-javascript-cdnjs.xml;C:\Program Files\NetBeans 8.2\webcommon\update_tracking\org-netbeans-modules-javascript-grunt.xml;C:\Program Files\NetBeans 8.2\webcommon\update_tracking\org-netbeans-modules-javascript-gulp.xml;C:\Program Files\NetBeans 8.2\webcommon\update_tracking\org-netbeans-modules-javascript-jstestdriver.xml;C:\Program Files\NetBeans 8.2\webcommon\update_tracking\org-netbeans-modules-javascript-karma.xml;C:\Program Files\NetBeans 8.2\webcommon\update_tracking\org-netbeans-modules-javascript-nodejs.xml;C:\Program Files\NetBeans 8.2\webcommon\update_tracking\org-netbeans-modules-javascript-v8debug-ui.xml;C:\Program Files\NetBeans 8.2\webcommon\update_tracking\org-netbeans-modules-javascript-v8debug.xml;C:\Program Files\NetBeans 8.2\webcommon\update_tracking\org-netbeans-modules-javascript2-doc.xml;C:\Program Files\NetBeans 8.2\webcommon\update_tracking\org-netbeans-modules-javascript2-editor.xml;C:\Program Files\NetBeans 8.2\webcommon\update_tracking\org-netbeans-modules-javascript2-extdoc.xml;C:\Program Files\NetBeans 8.2\webcommon\update_tracking\org-netbeans-modules-javascript2-extjs.xml;C:\Program Files\NetBeans 8.2\webcommon\update_tracking\org-netbeans-modules-javascript2-jade.xml;C:\Program Files\NetBeans 8.2\webcommon\update_tracking\org-netbeans-modules-javascript2-jquery.xml;C:\Program Files\NetBeans 8.2\webcommon\update_tracking\org-netbeans-modules-javascript2-jsdoc.xml;C:\Program Files\NetBeans 8.2\webcommon\update_tracking\org-netbeans-modules-javascript2-json.xml;C:\Program Files\NetBeans 8.2\webcommon\update_tracking\org-netbeans-modules-javascript2-kit.xml;C:\Program Files\NetBeans 8.2\webcommon\update_tracking\org-netbeans-modules-javascript2-knockout.xml;C:\Program Files\NetBeans 8.2\webcommon\update_tracking\org-netbeans-modules-javascript2-lexer.xml;C:\Program Files\NetBeans 8.2\webcommon\update_tracking\org-netbeans-modules-javascript2-model.xml;C:\Program Files\NetBeans 8.2\webcommon\update_tracking\org-netbeans-modules-javascript2-nodejs.xml;C:\Program Files\NetBeans 8.2\webcommon\update_tracking\org-netbeans-modules-javascript2-prototypejs.xml;C:\Program Files\NetBeans 8.2\webcommon\update_tracking\org-netbeans-modules-javascript2-react.xml;C:\Program Files\NetBeans 8.2\webcommon\update_tracking\org-netbeans-modules-javascript2-requirejs.xml;C:\Program Files\NetBeans 8.2\webcommon\update_tracking\org-netbeans-modules-javascript2-sdoc.xml;C:\Program Files\NetBeans 8.2\webcommon\update_tracking\org-netbeans-modules-javascript2-source-query.xml;C:\Program Files\NetBeans 8.2\webcommon\update_tracking\org-netbeans-modules-javascript2-types.xml;C:\Program Files\NetBeans 8.2\webcommon\update_tracking\org-netbeans-modules-languages-apacheconf.xml;C:\Program Files\NetBeans 8.2\webcommon\update_tracking\org-netbeans-modules-languages-ini.xml;C:\Program Files\NetBeans 8.2\webcommon\update_tracking\org-netbeans-modules-netserver.xml;C:\Program Files\NetBeans 8.2\webcommon\update_tracking\org-netbeans-modules-selenium2-webclient-mocha.xml;C:\Program Files\NetBeans 8.2\webcommon\update_tracking\org-netbeans-modules-selenium2-webclient-protractor.xml;C:\Program Files\NetBeans 8.2\webcommon\update_tracking\org-netbeans-modules-selenium2-webclient.xml;C:\Program Files\NetBeans 8.2\webcommon\update_tracking\org-netbeans-modules-web-client-kit.xml;C:\Program Files\NetBeans 8.2\webcommon\update_tracking\org-netbeans-modules-web-client-samples.xml;C:\Program Files\NetBeans 8.2\webcommon\update_tracking\org-netbeans-modules-web-clientproject-api.xml;C:\Program Files\NetBeans 8.2\webcommon\update_tracking\org-netbeans-modules-web-clientproject.xml;C:\Program Files\NetBeans 8.2\webcommon\update_tracking\org-netbeans-modules-web-inspect.xml;C:\Program Files\NetBeans 8.2\webcommon\update_tracking\org-netbeans-modules-web-javascript-debugger.xml;C:\Program Files\NetBeans 8.2\webcommon\update_tracking\org-netbeans-modules-web-webkit-tooling.xml;C:\Program Files\NetBeans 8.2\websvccommon\update_tracking\org-netbeans-modules-websvc-jaxwsmodelapi.xml;C:\Program Files\NetBeans 8.2\websvccommon\update_tracking\org-netbeans-modules-websvc-saas-api.xml;C:\Program Files\NetBeans 8.2\websvccommon\update_tracking\org-netbeans-modules-websvc-saas-codegen.xml;C:\Program Files\NetBeans 8.2\websvccommon\update_tracking\org-netbeans-modules-websvc-saas-kit.xml;C:\Program Files\NetBeans 8.2\websvccommon\update_tracking\org-netbeans-modules-websvc-saas-services-amazon.xml;C:\Program Files\NetBeans 8.2\websvccommon\update_tracking\org-netbeans-modules-websvc-saas-services-delicious.xml;C:\Program Files\NetBeans 8.2\websvccommon\update_tracking\org-netbeans-modules-websvc-saas-services-flickr.xml;C:\Program Files\NetBeans 8.2\websvccommon\update_tracking\org-netbeans-modules-websvc-saas-services-google.xml;C:\Program Files\NetBeans 8.2\websvccommon\update_tracking\org-netbeans-modules-websvc-saas-services-strikeiron.xml;C:\Program Files\NetBeans 8.2\websvccommon\update_tracking\org-netbeans-modules-websvc-saas-services-weatherbug.xml;C:\Program Files\NetBeans 8.2\websvccommon\update_tracking\org-netbeans-modules-websvc-saas-services-zillow.xml;C:\Program Files\NetBeans 8.2\websvccommon\update_tracking\org-netbeans-modules-websvc-saas-services-zvents.xml;C:\Program Files\NetBeans 8.2\websvccommon\update_tracking\org-netbeans-modules-websvc-saas-ui.xml" />
    <property name="disable.apple.ui" value="true" />
    <property name="libs.javac-api.maven-pom" value="" />
    <property name="file.encoding.pkg" value="sun.io" />
    <property name="sun.cpu.endian" value="little" />
    <property name="harness.taskdefs.done" value="true" />
    <property name="libs.JAXB-ENDORSED.javadoc" value="" />
    <property name="code.name.base" value="org.huberb.nbwordcount" />
    <property name="test.unit.compile.cp" value="C:/Program Files/NetBeans 8.2/platform/modules/org-netbeans-libs-junit4.jar;C:/Program Files/NetBeans 8.2/harness/modules/org-netbeans-modules-nbjunit.jar;C:/Program Files/NetBeans 8.2/harness/modules/org-netbeans-insane.jar" />
    <property name="java.home.parent" value="C:\Program Files\Java\jdk1.8.0_45" />
    <property name="libs.JWSAntTasks.classpath" value="C:\Program Files\NetBeans 8.2\java\ant\extra\org-netbeans-modules-javawebstart-anttasks.jar" />
    <property name="libs.spring-webmvc4.0.maven-pom" value="" />
    <property name="libs.spring-framework300.src" value="" />
    <property name="test.unit.runtime.cp" value="C:/Program Files/NetBeans 8.2/platform/modules/org-netbeans-libs-junit4.jar;C:/Program Files/NetBeans 8.2/harness/modules/org-netbeans-modules-nbjunit.jar;C:/Program Files/NetBeans 8.2/harness/modules/org-netbeans-insane.jar" />
    <property name="test.qa-functional.compile.cp" value="C:/Program Files/NetBeans 8.2/platform/modules/org-netbeans-libs-junit4.jar;C:/Program Files/NetBeans 8.2/harness/modules/org-netbeans-modules-nbjunit.jar;C:/Program Files/NetBeans 8.2/harness/modules/org-netbeans-insane.jar;C:/Program Files/NetBeans 8.2/java/modules/org-netbeans-modules-java-j2seproject.jar;C:/Program Files/NetBeans 8.2/harness/modules/org-netbeans-modules-jemmy.jar" />
    <property name="libs.jstl.src" value="" />
    <property name="test.qa-functional.runtime.cp" value="C:/Program Files/NetBeans 8.2/platform/modules/org-netbeans-libs-junit4.jar;C:/Program Files/NetBeans 8.2/harness/modules/org-netbeans-modules-nbjunit.jar;C:/Program Files/NetBeans 8.2/harness/modules/org-netbeans-insane.jar;C:/Program Files/NetBeans 8.2/java/modules/org-netbeans-modules-java-j2seproject.jar;C:/Program Files/NetBeans 8.2/extide/modules/org-netbeans-modules-options-java.jar;C:/Program Files/NetBeans 8.2/ide/modules/org-netbeans-modules-editor-settings-storage.jar;C:/Program Files/NetBeans 8.2/java/modules/org-netbeans-libs-javacapi.jar;C:/Program Files/NetBeans 8.2/ide/modules/org-netbeans-modules-web-browser-api.jar;C:/Program Files/NetBeans 8.2/ide/modules/org-apache-xml-resolver.jar;C:/Program Files/NetBeans 8.2/platform/modules/org-netbeans-swing-plaf.jar;C:/Program Files/NetBeans 8.2/ide/modules/org-netbeans-modules-editor-settings-lib.jar;C:/Program Files/NetBeans 8.2/ide/modules/org-netbeans-modules-editor-document.jar;C:/Program Files/NetBeans 8.2/ide/modules/org-netbeans-modules-extexecution.jar;C:/Program Files/NetBeans 8.2/java/modules/org-netbeans-api-java.jar;C:/Program Files/NetBeans 8.2/ide/modules/org-netbeans-modules-xml-catalog.jar;C:/Program Files/NetBeans 8.2/java/modules/org-netbeans-modules-debugger-jpda-ant.jar;C:/Program Files/NetBeans 8.2/ide/modules/org-netbeans-modules-project-ant-ui.jar;C:/Program Files/NetBeans 8.2/platform/modules/org-netbeans-modules-options-api.jar;C:/Program Files/NetBeans 8.2/platform/lib/org-openide-modules.jar;C:/Program Files/NetBeans 8.2/java/modules/org-netbeans-modules-java-platform-ui.jar;C:/Program Files/NetBeans 8.2/platform/modules/org-netbeans-api-search.jar;C:/Program Files/NetBeans 8.2/platform/modules/org-openide-filesystems-nb.jar;C:/Program Files/NetBeans 8.2/ide/modules/org-netbeans-modules-editor-guards.jar;C:/Program Files/NetBeans 8.2/ide/modules/org-netbeans-spi-tasklist.jar;C:/Program Files/NetBeans 8.2/platform/modules/org-netbeans-modules-keyring.jar;C:/Program Files/NetBeans 8.2/java/modules/org-netbeans-lib-nbjavac.jar;C:/Program Files/NetBeans 8.2/platform/modules/org-netbeans-api-templates.jar;C:/Program Files/NetBeans 8.2/platform/lib/org-openide-util-lookup.jar;C:/Program Files/NetBeans 8.2/ide/modules/org-netbeans-modules-web-common.jar;C:/Program Files/NetBeans 8.2/ide/modules/org-netbeans-spi-navigator.jar;C:/Program Files/NetBeans 8.2/platform/modules/org-netbeans-api-annotations-common.jar;C:/Program Files/NetBeans 8.2/ide/modules/org-netbeans-modules-refactoring-api.jar;C:/Program Files/NetBeans 8.2/ide/modules/org-netbeans-api-xml-ui.jar;C:/Program Files/NetBeans 8.2/platform/lib/boot.jar;C:/Program Files/NetBeans 8.2/platform/modules/org-openide-execution.jar;C:/Program Files/NetBeans 8.2/java/modules/org-netbeans-modules-j2ee-metadata-model-support.jar;C:/Program Files/NetBeans 8.2/java/modules/org-netbeans-modules-classfile.jar;C:/Program Files/NetBeans 8.2/platform/lib/org-openide-util.jar;C:/Program Files/NetBeans 8.2/platform/modules/org-netbeans-spi-quicksearch.jar;C:/Program Files/NetBeans 8.2/platform/modules/org-openide-windows.jar;C:/Program Files/NetBeans 8.2/ide/modules/org-netbeans-modules-editor-indent.jar;C:/Program Files/NetBeans 8.2/java/modules/org-netbeans-modules-java-preprocessorbridge.jar;C:/Program Files/NetBeans 8.2/platform/modules/org-netbeans-modules-sampler.jar;C:/Program Files/NetBeans 8.2/java/modules/org-netbeans-api-debugger-jpda.jar;C:/Program Files/NetBeans 8.2/java/modules/org-netbeans-modules-java-sourceui.jar;C:/Program Files/NetBeans 8.2/platform/modules/org-openide-dialogs.jar;C:/Program Files/NetBeans 8.2/ide/modules/org-netbeans-modules-projectuiapi.jar;C:/Program Files/NetBeans 8.2/ide/modules/org-netbeans-modules-projectapi.jar;C:/Program Files/NetBeans 8.2/ide/modules/org-netbeans-modules-editor-errorstripe.jar;C:/Program Files/NetBeans 8.2/ide/modules/org-netbeans-modules-project-libraries-ui.jar;C:/Program Files/NetBeans 8.2/platform/modules/org-openide-awt.jar;C:/Program Files/NetBeans 8.2/java/modules/org-netbeans-modules-j2ee-metadata.jar;C:/Program Files/NetBeans 8.2/ide/modules/org-netbeans-modules-extbrowser.jar;C:/Program Files/NetBeans 8.2/platform/modules/org-openide-actions.jar;C:/Program Files/NetBeans 8.2/java/modules/org-netbeans-modules-java-source.jar;C:/Program Files/NetBeans 8.2/platform/modules/org-netbeans-api-io.jar;C:/Program Files/NetBeans 8.2/ide/modules/org-netbeans-modules-editor-settings.jar;C:/Program Files/NetBeans 8.2/ide/modules/org-netbeans-modules-editor.jar;C:/Program Files/NetBeans 8.2/platform/modules/org-openide-loaders.jar;C:/Program Files/NetBeans 8.2/platform/modules/org-netbeans-api-intent.jar;C:/Program Files/NetBeans 8.2/platform/modules/org-openide-nodes.jar;C:/Program Files/NetBeans 8.2/platform/modules/org-netbeans-swing-outline.jar;C:/Program Files/NetBeans 8.2/platform/modules/org-netbeans-api-progress-nb.jar;C:/Program Files/NetBeans 8.2/platform/modules/org-openide-io.jar;C:/Program Files/NetBeans 8.2/ide/modules/org-netbeans-modules-options-editor.jar;C:/Program Files/NetBeans 8.2/ide/modules/org-netbeans-modules-projectuiapi-base.jar;C:/Program Files/NetBeans 8.2/platform/modules/org-netbeans-api-progress.jar;C:/Program Files/NetBeans 8.2/ide/modules/org-netbeans-libs-antlr3-runtime.jar;C:/Program Files/NetBeans 8.2/ide/modules/org-netbeans-api-xml.jar;C:/Program Files/NetBeans 8.2/platform/lib/org-openide-util-ui.jar;C:/Program Files/NetBeans 8.2/ide/modules/org-netbeans-modules-editor-fold.jar;C:/Program Files/NetBeans 8.2/ide/modules/org-netbeans-modules-editor-fold-nbui.jar;C:/Program Files/NetBeans 8.2/java/modules/org-netbeans-modules-j2ee-persistenceapi.jar;C:/Program Files/NetBeans 8.2/platform/modules/org-openide-text.jar;C:/Program Files/NetBeans 8.2/platform/core/org-netbeans-libs-asm.jar;C:/Program Files/NetBeans 8.2/ide/modules/org-netbeans-modules-jumpto.jar;C:/Program Files/NetBeans 8.2/extide/modules/org-apache-tools-ant-module.jar;C:/Program Files/NetBeans 8.2/platform/modules/org-netbeans-modules-favorites.jar;C:/Program Files/NetBeans 8.2/platform/modules/org-netbeans-modules-options-keymap.jar;C:/Program Files/NetBeans 8.2/platform/core/core.jar;C:/Program Files/NetBeans 8.2/ide/modules/org-netbeans-modules-project-indexingbridge.jar;C:/Program Files/NetBeans 8.2/ide/modules/org-netbeans-modules-diff.jar;C:/Program Files/NetBeans 8.2/ide/modules/org-netbeans-modules-project-spi-intern.jar;C:/Program Files/NetBeans 8.2/platform/modules/org-netbeans-modules-queries.jar;C:/Program Files/NetBeans 8.2/ide/modules/org-netbeans-api-java-classpath.jar;C:/Program Files/NetBeans 8.2/ide/modules/org-netbeans-modules-lexer.jar;C:/Program Files/NetBeans 8.2/ide/modules/org-netbeans-modules-project-ant.jar;C:/Program Files/NetBeans 8.2/platform/modules/org-netbeans-core-execution.jar;C:/Program Files/NetBeans 8.2/platform/modules/org-netbeans-modules-editor-mimelookup.jar;C:/Program Files/NetBeans 8.2/java/modules/org-netbeans-modules-java-platform.jar;C:/Program Files/NetBeans 8.2/ide/modules/org-netbeans-modules-editor-indent-project.jar;C:/Program Files/NetBeans 8.2/java/modules/org-netbeans-modules-java-lexer.jar;C:/Program Files/NetBeans 8.2/platform/modules/org-netbeans-core.jar;C:/Program Files/NetBeans 8.2/platform/modules/org-netbeans-modules-sendopts.jar;C:/Program Files/NetBeans 8.2/ide/modules/org-netbeans-modules-projectui.jar;C:/Program Files/NetBeans 8.2/ide/modules/org-netbeans-modules-editor-util.jar;C:/Program Files/NetBeans 8.2/java/modules/org-netbeans-libs-javacimpl.jar;C:/Program Files/NetBeans 8.2/platform/modules/org-netbeans-core-multiview.jar;C:/Program Files/NetBeans 8.2/platform/modules/org-netbeans-modules-settings.jar;C:/Program Files/NetBeans 8.2/ide/modules/org-netbeans-modules-parsing-indexing.jar;C:/Program Files/NetBeans 8.2/ide/modules/org-netbeans-modules-editor-errorstripe-api.jar;C:/Program Files/NetBeans 8.2/java/modules/org-netbeans-modules-java-project.jar;C:/Program Files/NetBeans 8.2/platform/modules/org-netbeans-modules-masterfs.jar;C:/Program Files/NetBeans 8.2/ide/modules/org-netbeans-libs-lucene.jar;C:/Program Files/NetBeans 8.2/java/modules/org-netbeans-modules-java-api-common.jar;C:/Program Files/NetBeans 8.2/platform/modules/org-openide-explorer.jar;C:/Program Files/NetBeans 8.2/java/modules/org-netbeans-modules-whitelist.jar;C:/Program Files/NetBeans 8.2/ide/modules/org-netbeans-modules-editor-lib.jar;C:/Program Files/NetBeans 8.2/ide/modules/org-netbeans-modules-project-libraries.jar;C:/Program Files/NetBeans 8.2/java/modules/org-netbeans-modules-java-project-ui.jar;C:/Program Files/NetBeans 8.2/platform/core/org-openide-filesystems.jar;C:/Program Files/NetBeans 8.2/ide/modules/org-netbeans-modules-editor-indent-support.jar;C:/Program Files/NetBeans 8.2/ide/modules/org-netbeans-modules-extexecution-base.jar;C:/Program Files/NetBeans 8.2/platform/modules/org-netbeans-swing-tabcontrol.jar;C:/Program Files/NetBeans 8.2/java/modules/org-netbeans-modules-ant-browsetask.jar;C:/Program Files/NetBeans 8.2/ide/modules/org-netbeans-modules-parsing-lucene.jar;C:/Program Files/NetBeans 8.2/java/modules/org-netbeans-modules-java-source-base.jar;C:/Program Files/NetBeans 8.2/platform/modules/org-netbeans-core-ui.jar;C:/Program Files/NetBeans 8.2/ide/modules/org-netbeans-modules-editor-lib2.jar;C:/Program Files/NetBeans 8.2/platform/core/core-base.jar;C:/Program Files/NetBeans 8.2/ide/modules/org-netbeans-libs-json_simple.jar;C:/Program Files/NetBeans 8.2/ide/modules/org-netbeans-modules-parsing-api.jar;C:/Program Files/NetBeans 8.2/ide/modules/org-netbeans-api-debugger.jar;C:/Program Files/NetBeans 8.2/harness/modules/org-netbeans-modules-jemmy.jar" />
    <property name="is.jar.uptodate" value="true" />
    <property name="libs.hibernate4-persistencemodelgen.src" value="" />
    <property name="libs.jpa20-persistence.javadoc" value="C:\Program Files\NetBeans 8.2\java\modules\ext\docs\javax.persistence-2.1.0-doc.zip" />
    <property name="test.qa-functional.cp.extra" value="" />
    <property name="nbplatform.default.harness.dir" value="C:\Program Files\NetBeans 8.2/harness" />
    <property name="cp.extra" value="" />
    <property name="java.home" value="C:\Program Files\Java\jdk1.8.0_45\jre" />
    <property name="libs.jsp-compilation.src" value="" />
    <property name="javahelp.jar.dir" value="modules/docs" />
    <property name="libs.javaee-endorsed-api-6.0.classpath" value="C:\Program Files\NetBeans 8.2\enterprise\modules\ext\javaee6-endorsed\javax.annotation.jar;C:\Program Files\NetBeans 8.2\enterprise\modules\ext\javaee6-endorsed\jaxb-api-osgi.jar;C:\Program Files\NetBeans 8.2\enterprise\modules\ext\javaee6-endorsed\webservices-api-osgi.jar" />
    <property name="libs.javaee-api-6.0.src" value="" />
    <property name="netbeans.importclass" value="org.netbeans.upgrade.AutoUpgrade" />
    <property name="ant.project.default-target" value="netbeans" />
    <property name="ant.file.harness" value="C:\Program Files\NetBeans 8.2\harness\build.xml" />
    <property name="ant.file.type.org.huberb.localenb-impl" value="file" />
    <property name="public.package.jar.dir" value="D:\projects\project-backups\github-netbeansplugins\netbeansplugins\nb-wordcount\build\public-package-jars" />
    <property name="libs.PostgreSQLDriver.javadoc" value="" />
    <property name="libs.restlib.classpath" value="C:\Program Files\NetBeans 8.2\enterprise\modules\ext\jersey2\ext\asm-all-repackaged-2.2.0-b21.jar;C:\Program Files\NetBeans 8.2\enterprise\modules\ext\jersey2\ext\cglib-2.2.0-b21.jar;C:\Program Files\NetBeans 8.2\enterprise\modules\ext\jersey2\ext\guava-14.0.1.jar;C:\Program Files\NetBeans 8.2\enterprise\modules\ext\jersey2\ext\hk2-api-2.2.0-b21.jar;C:\Program Files\NetBeans 8.2\enterprise\modules\ext\jersey2\ext\hk2-locator-2.2.0-b21.jar;C:\Program Files\NetBeans 8.2\enterprise\modules\ext\jersey2\ext\hk2-utils-2.2.0-b21.jar;C:\Program Files\NetBeans 8.2\enterprise\modules\ext\jersey2\ext\javax.annotation-api-1.2.jar;C:\Program Files\NetBeans 8.2\enterprise\modules\ext\jersey2\ext\javax.inject-2.2.0-b21.jar;C:\Program Files\NetBeans 8.2\enterprise\modules\ext\jersey2\ext\javax.servlet-api-3.0.1.jar;C:\Program Files\NetBeans 8.2\enterprise\modules\ext\jersey2\ext\jaxb-api-2.2.7.jar;C:\Program Files\NetBeans 8.2\enterprise\modules\ext\jersey2\ext\jersey-entity-filtering-2.5.1.jar;C:\Program Files\NetBeans 8.2\enterprise\modules\ext\jersey2\ext\jersey-media-moxy-2.5.1.jar;C:\Program Files\NetBeans 8.2\enterprise\modules\ext\jersey2\ext\org.osgi.core-4.2.0.jar;C:\Program Files\NetBeans 8.2\enterprise\modules\ext\jersey2\ext\osgi-resource-locator-1.0.1.jar;C:\Program Files\NetBeans 8.2\enterprise\modules\ext\jersey2\ext\persistence-api-1.0.jar;C:\Program Files\NetBeans 8.2\enterprise\modules\ext\jersey2\ext\validation-api-1.1.0.Final.jar;C:\Program Files\NetBeans 8.2\enterprise\modules\ext\jersey2\jersey-client.jar;C:\Program Files\NetBeans 8.2\enterprise\modules\ext\jersey2\jersey-common.jar;C:\Program Files\NetBeans 8.2\enterprise\modules\ext\jersey2\jersey-container-servlet.jar;C:\Program Files\NetBeans 8.2\enterprise\modules\ext\jersey2\jersey-container-servlet-core.jar;C:\Program Files\NetBeans 8.2\enterprise\modules\ext\jersey2\jersey-server.jar;C:\Program Files\NetBeans 8.2\java\modules\ext\eclipselink\eclipselink.jar" />
    <property name="nbm.distribution" value="" />
    <property name="libs.MySQLDriver.maven-pom" value="" />
    <property name="libs.hibernate4-persistence.javadoc" value="C:\Program Files\NetBeans 8.2\java\modules\ext\docs\javax.persistence-2.1.0-doc.zip" />
    <property name="http.nonProxyHosts" value="localhost|127.0.0.1|DESKTOP-GHTTUME" />
    <property name="libs.junit_4.javadoc" value="C:\Program Files\NetBeans 8.2\platform\docs\junit-4.12-javadoc.jar" />
    <property name="libs.EclipseLink-GlassFish-v3.maven-pom" value="" />
    <property name="libs.javaee-web-api-6.0.maven-pom" value="" />
    <property name="jna.boot.library.name" value="jnidispatch-422" />
    <property name="libs.javaee-endorsed-api-6.0.javadoc" value="C:\Program Files\NetBeans 8.2\enterprise\docs\javaee-doc-api.jar" />
    <property name="libs.javaee-api-7.0.classpath" value="C:\Program Files\NetBeans 8.2\enterprise\modules\ext\javaee-api-7.0.jar" />
    <property name="sun.awt.datatransfer.timeout" value="1000" />
    <property name="module.build.started.time" value="2017-10-05T21:20:19.431+0200" />
    <property name="run.test.type" value="unit" />
    <property name="libs.spring-webmvc3.0.javadoc" value="" />
    <property name="libs.jpa2-persistence.maven-pom" value="" />
    <property name="libs.hibernate4-support.classpath" value="C:\Program Files\NetBeans 8.2\java\modules\ext\hibernate4\antlr-2.7.7.jar;C:\Program Files\NetBeans 8.2\java\modules\ext\hibernate4\c3p0-0.9.2.1.jar;C:\Program Files\NetBeans 8.2\java\modules\ext\hibernate4\hibernate-c3p0-4.3.1.Final.jar;C:\Program Files\NetBeans 8.2\java\modules\ext\hibernate4\mchange-commons-java-0.2.3.4.jar;C:\Program Files\NetBeans 8.2\java\modules\ext\hibernate4\dom4j-1.6.1.jar;C:\Program Files\NetBeans 8.2\java\modules\ext\hibernate4\ehcache-core-2.4.3.jar;C:\Program Files\NetBeans 8.2\java\modules\ext\hibernate4\hibernate-ehcache-4.3.1.Final.jar;C:\Program Files\NetBeans 8.2\java\modules\ext\hibernate4\hibernate-core-4.3.1.Final.jar;C:\Program Files\NetBeans 8.2\java\modules\ext\hibernate4\jboss-logging-3.1.3.GA.jar;C:\Program Files\NetBeans 8.2\java\modules\ext\hibernate4\hibernate-commons-annotations-4.0.4.Final.jar;C:\Program Files\NetBeans 8.2\java\modules\ext\hibernate4\hibernate-entitymanager-4.3.1.Final.jar;C:\Program Files\NetBeans 8.2\java\modules\ext\hibernate4\javassist-3.18.1-GA.jar;C:\Program Files\NetBeans 8.2\java\modules\ext\hibernate4\jboss-transaction-api_1.2_spec-1.0.0.Final.jar;C:\Program Files\NetBeans 8.2\java\modules\ext\hibernate4\slf4j-api-1.6.1.jar;C:\Program Files\NetBeans 8.2\java\modules\ext\hibernate4\slf4j-simple-1.6.1.jar" />
    <property name="build.test.qa-functional.classes.dir" value="D:\projects\project-backups\github-netbeansplugins\netbeansplugins\nb-wordcount\build\test\qa-functional\classes" />
    <property name="module.dependencies" value="org.jdesktop.layout/1 &gt; 1.3.1, org.netbeans.api.progress/1 &gt; 1.5.1, org.openide.awt &gt; 6.7.1, org.openide.filesystems &gt; 6.4.1, org.openide.loaders &gt; 5.9.1, org.openide.nodes &gt; 6.7.1, org.openide.util &gt; 6.8.1, org.openide.windows &gt; 6.5.1" />
    <property name="nb.native.filechooser" value="false" />
    <property name="libs.restapi.src" value="" />
    <property name="sun.management.compiler" value="HotSpot 64-Bit Tiered Compilers" />
    <property name="sun.java2d.noddraw" value="true" />
    <property name="libs.jsp-compiler.classpath" value="C:\Program Files\NetBeans 8.2\enterprise\ant\extra\jspcompile.jar" />
    <property name="libs.hamcrest.maven-pom" value="" />
    <property name="tools.jar" value="C:\Program Files\Java\jdk1.8.0_45\lib\tools.jar" />
    <property name="javac.compilerargs" value="" />
    <property name="ant.file" value="D:\projects\project-backups\github-netbeansplugins\netbeansplugins\nb-wordcount\build.xml" />
    <property name="libs.beans-binding.maven-pom" value="" />
    <property name="ant.file.projectized-common" value="C:\Program Files\NetBeans 8.2\harness\common.xml" />
    <property name="libs.hibernate4-support.javadoc" value="C:\Program Files\NetBeans 8.2\java\modules\ext\docs\javax.persistence-2.1.0-doc.zip" />
    <property name="libs.jsf12.classpath" value="C:\Program Files\NetBeans 8.2\enterprise\modules\ext\jsf-1_2\commons-beanutils.jar;C:\Program Files\NetBeans 8.2\enterprise\modules\ext\jsf-1_2\commons-collections.jar;C:\Program Files\NetBeans 8.2\enterprise\modules\ext\jsf-1_2\commons-digester.jar;C:\Program Files\NetBeans 8.2\enterprise\modules\ext\jsf-1_2\commons-logging.jar;C:\Program Files\NetBeans 8.2\enterprise\modules\ext\jsf-1_2\jsf-api.jar;C:\Program Files\NetBeans 8.2\enterprise\modules\ext\jsf-1_2\jsf-impl.jar" />
    <property name="nbjdk.home" value="C:\Program Files\Java\jdk1.8.0_45" />
    <property name="test.unit.data.dir" value="D:\projects\project-backups\github-netbeansplugins\netbeansplugins\nb-wordcount\test\unit\data" />
    <property name="libs.Java-EE-GlassFish-v3-Prelude.classpath" value="C:\Program Files\glassfish-4.1.1\glassfish\modules\endorsed\javax.annotation-api.jar;C:\Program Files\glassfish-4.1.1\glassfish\modules\endorsed\jaxb-api.jar;C:\Program Files\glassfish-4.1.1\glassfish\modules\endorsed\webservices-api-osgi.jar;C:\Program Files\glassfish-4.1.1\glassfish\modules\bean-validator.jar;C:\Program Files\glassfish-4.1.1\glassfish\modules\cdi-api.jar;C:\Program Files\glassfish-4.1.1\glassfish\modules\javax.batch-api.jar;C:\Program Files\glassfish-4.1.1\glassfish\modules\javax.ejb-api.jar;C:\Program Files\glassfish-4.1.1\glassfish\modules\javax.el.jar;C:\Program Files\glassfish-4.1.1\glassfish\modules\javax.enterprise.concurrent-api.jar;C:\Program Files\glassfish-4.1.1\glassfish\modules\javax.enterprise.concurrent.jar;C:\Program Files\glassfish-4.1.1\glassfish\modules\javax.enterprise.deploy-api.jar;C:\Program Files\glassfish-4.1.1\glassfish\modules\javax.faces.jar;C:\Program Files\glassfish-4.1.1\glassfish\modules\javax.inject.jar;C:\Program Files\glassfish-4.1.1\glassfish\modules\javax.interceptor-api.jar;C:\Program Files\glassfish-4.1.1\glassfish\modules\javax.jms-api.jar;C:\Program Files\glassfish-4.1.1\glassfish\modules\javax.json.jar;C:\Program Files\glassfish-4.1.1\glassfish\modules\javax.mail.jar;C:\Program Files\glassfish-4.1.1\glassfish\modules\javax.management.j2ee-api.jar;C:\Program Files\glassfish-4.1.1\glassfish\modules\javax.persistence.jar;C:\Program Files\glassfish-4.1.1\glassfish\modules\javax.resource-api.jar;C:\Program Files\glassfish-4.1.1\glassfish\modules\javax.security.auth.message-api.jar;C:\Program Files\glassfish-4.1.1\glassfish\modules\javax.security.jacc-api.jar;C:\Program Files\glassfish-4.1.1\glassfish\modules\javax.servlet-api.jar;C:\Program Files\glassfish-4.1.1\glassfish\modules\javax.servlet.jsp-api.jar;C:\Program Files\glassfish-4.1.1\glassfish\modules\javax.servlet.jsp.jar;C:\Program Files\glassfish-4.1.1\glassfish\modules\javax.servlet.jsp.jstl-api.jar;C:\Program Files\glassfish-4.1.1\glassfish\modules\javax.servlet.jsp.jstl.jar;C:\Program Files\glassfish-4.1.1\glassfish\modules\javax.transaction-api.jar;C:\Program Files\glassfish-4.1.1\glassfish\modules\javax.websocket-api.jar;C:\Program Files\glassfish-4.1.1\glassfish\modules\javax.ws.rs-api.jar;C:\Program Files\glassfish-4.1.1\glassfish\modules\javax.xml.registry-api.jar;C:\Program Files\glassfish-4.1.1\glassfish\modules\javax.xml.rpc-api.jar;C:\Program Files\glassfish-4.1.1\glassfish\modules\jaxb-osgi.jar;C:\Program Files\glassfish-4.1.1\glassfish\modules\webservices-osgi.jar;C:\Program Files\glassfish-4.1.1\glassfish\modules\weld-osgi-bundle.jar;C:\Program Files\glassfish-4.1.1\mq\lib\jaxm-api.jar" />
    <property name="libs.jstl.maven-pom" value="" />
    <property name="ant.file.type.org.huberb.nbwordcount" value="file" />
    <property name="libs.restapi.maven-pom" value="" />
    <property name="libs.beans-binding.src" value="" />
    <property name="javahelp.jar.basename" value="org-huberb-nbwordcount.jar" />
    <property name="nbm.homepage" value="http://members.aon.at/bhuber14/" />
    <property name="java.vm.specification.vendor" value="Oracle Corporation" />
    <property name="libs.swing-layout.src" value="C:\Program Files\NetBeans 8.2\platform\docs\swing-layout-1.0.4-src.zip" />
    <property name="nbm.release.date" value="" />
    <property name="test.timeout" value="600000" />
    <property name="org.openide.major.version" value="IDE/1" />
    <property name="java.vm.name" value="Java HotSpot(TM) 64-Bit Server VM" />
    <property name="build.javahelp.dir" value="D:\projects\project-backups\github-netbeansplugins\netbeansplugins\nb-wordcount\build\javahelp" />
    <property name="build.test.unit.dir" value="D:\projects\project-backups\github-netbeansplugins\netbeansplugins\nb-wordcount\build\test\unit" />
    <property name="build.test.qa-functional.results.dir" value="D:\projects\project-backups\github-netbeansplugins\netbeansplugins\nb-wordcount\build\test\qa-functional\results" />
    <property name="netbeans.user" value="C:\Users\berni3\AppData\Roaming\NetBeans\8.2" />
    <property name="ant.file.type.jdk" value="file" />
    <property name="java.io.tmpdir" value="C:\Users\berni3\AppData\Local\Temp\" />
    <property name="java.vendor.url" value="http://java.oracle.com/" />
    <property name="jna.loaded" value="true" />
    <property name="libs.jsp-compiler.src" value="" />
    <property name="org.openide.awt.ActionReference.completion" value="org.netbeans.modules.apisupport.project.layers.PathCompletions" />
    <property name="sun.boot.library.path" value="C:\Program Files\Java\jdk1.8.0_45\jre\bin" />
    <property name="libs.hamcrest.javadoc" value="" />
    <property name="no.netbeans.bootclasspath.prepend.needed" value="true" />
    <property name="libs.jsf20.classpath" value="C:\Program Files\NetBeans 8.2\enterprise\modules\ext\jsf-2_2\javax.faces.jar" />
    <property name="ant.file.org.huberb.localenb-impl" value="D:\projects\project-backups\github-netbeansplugins\netbeansplugins\nb-wordcount\nbproject\build-impl.xml" />
    <property name="manifest.mf" value="D:\projects\project-backups\github-netbeansplugins\netbeansplugins\nb-wordcount\manifest.mf" />
    <property name="libs.spring-framework400.maven-pom" value="" />
    <property name="java.runtime.name" value="Java(TM) SE Runtime Environment" />
    <property name="netbeans.dest.dir" value="C:\Program Files\NetBeans 8.2" />
    <property name="has.javahelp" value="true" />
    <property name="ant.project.name" value="org.huberb.nbwordcount" />
    <property name="test.config.default.excludes" value="" />
    <property name="javahelp.base" value="org/huberb/nbwordcount" />
    <property name="javahelp.jar" value="modules/docs/org-huberb-nbwordcount.jar" />
    <property name="netbeans.hash.code" value="unique=NB_EXTIDE_GFMOD_JAVA_TOMCAT_WEBCOMMON_WEBEE011a2d8fe-cd45-4300-8a1b-b204872ee7bc_b6c376f3-bc31-4fef-b3e0-f05e9b394733" />
    <property name="netbeans.default_userdir_root" value="C:\Users\berni3\AppData\Roaming\NetBeans" />
    <property name="libs.jsp-compilation-syscp.maven-pom" value="" />
    <property name="asm.jar" value="D:\projects\project-backups\github-netbeansplugins\netbeansplugins\nb-wordcount\${libs.asm.dir}\core\asm-all-5.0.1.jar" />
    <property name="sun.cpu.isalist" value="amd64" />
    <property name="libs.spring-framework400.javadoc" value="" />
    <property name="libs.CopyLibs.javadoc" value="" />
    <property name="test.qa-functional.dir" value="D:\projects\project-backups\github-netbeansplugins\netbeansplugins\nb-wordcount\test\qa-functional" />
    <property name="netbeans.javadoc.dir" value="D:\projects\project-backups\github-netbeansplugins\netbeansplugins\nb-wordcount\build\javadoc" />
    <property name="org.openide.specification.version" value="6.2" />
    <property name="ant.file.type.projectized-common" value="file" />
    <property name="user.home" value="C:\Users\berni3" />
    <property name="libs.primefaces.maven-pom" value="" />
    <property name="libs.javaee-api-6.0.maven-pom" value="" />
    <property name="libs.JWSAntTasks.src" value="" />
    <property name="libs.CopyLibs.maven-pom" value="" />
    <property name="libs.absolutelayout.javadoc" value="" />
    <property name="libs.spring-framework300.javadoc" value="" />
    <property name="java.specification.name" value="Java Platform API Specification" />
    <property name="guice.disable.misplaced.annotation.check" value="true" />
    <property name="test.unit.cp.extra" value="" />
    <property name="java.specification.vendor" value="Oracle Corporation" />
    <property name="libs.javac-api.classpath" value="C:\Program Files\NetBeans 8.2\java\modules\ext\nb-javac-api.jar" />
    <property name="java.version" value="1.8.0_45" />
    <property name="libs.MySQLDriver.javadoc" value="" />
    <property name="test-unit-sys-prop.cluster.path.final" value="C:\Program Files\NetBeans 8.2\apisupport;C:\Program Files\NetBeans 8.2\enterprise;C:\Program Files\NetBeans 8.2\extide;C:\Program Files\NetBeans 8.2\harness;C:\Program Files\NetBeans 8.2\ide;C:\Program Files\NetBeans 8.2\java;C:\Program Files\NetBeans 8.2\javafx;C:\Program Files\NetBeans 8.2\nb;C:\Program Files\NetBeans 8.2\platform;C:\Program Files\NetBeans 8.2\profiler;C:\Program Files\NetBeans 8.2\webcommon;C:\Program Files\NetBeans 8.2\websvccommon:D:\projects\project-backups\github-netbeansplugins\netbeansplugins\nb-wordcount\build\cluster" />
    <property name="org.openide.version" value="deprecated" />
    <property name="libs.eclipselinkmodelgen.maven-pom" value="" />
    <property name="ant.file.no-testcoverage" value="C:\Program Files\NetBeans 8.2\harness\no-testcoverage.xml" />
    <property name="libs.jsp-compilation-syscp.javadoc" value="" />
    <property name="is.regular" value="true" />
    <property name="libs.javaee-endorsed-api-7.0.classpath" value="C:\Program Files\NetBeans 8.2\enterprise\modules\ext\javaee7-endorsed\javax.annotation-api.jar;C:\Program Files\NetBeans 8.2\enterprise\modules\ext\javaee7-endorsed\javax.xml.soap-api.jar;C:\Program Files\NetBeans 8.2\enterprise\modules\ext\javaee7-endorsed\jaxb-api-osgi.jar;C:\Program Files\NetBeans 8.2\enterprise\modules\ext\javaee7-endorsed\jaxws-api.jar;C:\Program Files\NetBeans 8.2\enterprise\modules\ext\javaee7-endorsed\jsr181-api.jar" />
    <property name="libs.eclipselinkmodelgen.javadoc" value="" />
    <property name="libs.metro.javadoc" value="C:\Program Files\NetBeans 8.2\enterprise\docs\metro-1.4-doc.zip" />
    <property name="libs.struts.maven-pom" value="" />
    <property name="apple.awt.UIElement" value="true" />
    <property name="libs.testng.maven-pom" value="" />
    <property name="libs.jaxb.src" value="" />
    <property name="jdk.launcher.addexports.5" value="java.management/sun.management=ALL-UNNAMED" />
    <property name="jdk.launcher.addexports.4" value="java.desktop/com.sun.java.swing.plaf.windows=ALL-UNNAMED" />
    <property name="jdk.launcher.addexports.3" value="java.desktop/sun.awt.im=ALL-UNNAMED" />
    <property name="jdk.launcher.addexports.2" value="java.desktop/java.awt.peer=ALL-UNNAMED" />
    <property name="libs.jaxb.classpath" value="C:\Program Files\NetBeans 8.2\ide\modules\ext\jaxb\jaxb-impl.jar;C:\Program Files\NetBeans 8.2\ide\modules\ext\jaxb\jaxb-xjc.jar;C:\Program Files\NetBeans 8.2\ide\modules\ext\jaxb\jaxb1-impl.jar;C:\Program Files\NetBeans 8.2\ide\modules\ext\jaxb\activation.jar;C:\Program Files\NetBeans 8.2\ide\modules\ext\jaxb\api\jaxb-api.jar;C:\Program Files\NetBeans 8.2\ide\modules\ext\jaxb\api\jsr173_1.0_api.jar" />
    <property name="jdk.launcher.addexports.1" value="java.base/jdk.internal.jrtfs=ALL-UNNAMED" />
    <property name="jdk.launcher.addexports.0" value="java.desktop/sun.awt=ALL-UNNAMED" />
    <property name="testcoverage.import" value="no-testcoverage.xml" />
    <property name="libs.spring-webmvc3.0.classpath" value="C:\Program Files\NetBeans 8.2\java\modules\ext\spring-3.0\spring-webmvc-3.2.7.RELEASE.jar" />
    <property name="libs.swing-layout.classpath" value="C:\Program Files\NetBeans 8.2\platform\modules\ext\swing-layout-1.0.4.jar" />
    <property name="libs.javaee-web-api-7.0.maven-pom" value="" />
    <property name="test.config" value="default" />
    <property name="libs.restlib.src" value="" />
    <property name="javac.source" value="1.8" />
    <property name="line.separator" value="&#xd;&#xa;" />
    <property name="java.specification.version" value="1.8" />
    <property name="java.vm.info" value="mixed mode" />
    <property name="libs.jaxws21.maven-pom" value="" />
    <property name="test.filter.trace" value="true" />
    <property name="user.country.format" value="AT" />
    <property name="sun.boot.class.path" value="C:\Program Files\Java\jdk1.8.0_45\jre\lib\resources.jar;C:\Program Files\Java\jdk1.8.0_45\jre\lib\rt.jar;C:\Program Files\Java\jdk1.8.0_45\jre\lib\sunrsasign.jar;C:\Program Files\Java\jdk1.8.0_45\jre\lib\jsse.jar;C:\Program Files\Java\jdk1.8.0_45\jre\lib\jce.jar;C:\Program Files\Java\jdk1.8.0_45\jre\lib\charsets.jar;C:\Program Files\Java\jdk1.8.0_45\jre\lib\jfr.jar;C:\Program Files\Java\jdk1.8.0_45\jre\classes" />
    <property name="javac.target" value="1.8" />
    <property name="module.jar.basename" value="org-huberb-nbwordcount.jar" />
    <property name="src.dir" value="D:\projects\project-backups\github-netbeansplugins\netbeansplugins\nb-wordcount\src" />
    <property name="sun.awt.keepWorkingSetOnMinimize" value="true" />
    <property name="libs.jpa2-persistence.src" value="" />
    <property name="build.compiler.optimize" value="off" />
    <property name="libs.jsf20.src" value="" />
    <property name="libs.jpa20-persistence.src" value="" />
    <property name="libs.jsf12.src" value="" />
    <property name="disabled.clusters" value="" />
    <property name="libs.JAVADB_DRIVER_LABEL.maven-pom" value="" />
    <property name="test.qa-functional.src.dir" value="D:\projects\project-backups\github-netbeansplugins\netbeansplugins\nb-wordcount\test\qa-functional\src" />
    <property name="nbplatform.default.netbeans.dest.dir" value="C:\Program Files\NetBeans 8.2" />
    <property name="libs.struts.javadoc" value="C:\Program Files\NetBeans 8.2\enterprise\docs\struts-1.3.10-javadoc.zip" />
    <property name="libs.Comet-GlassFish-v3.classpath" value="" />
    <property name="libs.javaee-web-api-7.0.src" value="" />
    <property name="libs.primefaces.src" value="" />
    <property name="code.name.base.slashes" value="org/huberb/nbwordcount" />
    <property name="libs.groovy-all.javadoc" value="" />
    <property name="ant.file.type.no-testcoverage" value="file" />
    <property name="libs.groovy-all.classpath" value="C:\Users\berni3\AppData\Roaming\NetBeans\8.2\modules\ext\groovy-all.jar" />
    <property name="java.awt.printerjob" value="sun.awt.windows.WPrinterJob" />
    <property name="TODAY" value="October 5 2017" />
    <property name="default.javac.source" value="1.8" />
    <property name="release.files.extra" value="" />
    <property name="sun.jnu.encoding" value="Cp1252" />
    <property name="libs.MySQLDriver.src" value="" />
    <property name="build.test.qa-functional.work.dir" value="D:\projects\project-backups\github-netbeansplugins\netbeansplugins\nb-wordcount\build\test\qa-functional\work" />
    <property name="java.runtime.version" value="1.8.0_45-b15" />
    <property name="default.javac.target" value="1.8" />
    <property name="cluster" value="D:\projects\project-backups\github-netbeansplugins\netbeansplugins\nb-wordcount\build\cluster" />
    <property name="libs.junit_4.classpath" value="C:\Program Files\NetBeans 8.2\platform\modules\ext\junit-4.12.jar" />
    <property name="user.timezone" value="Europe/Berlin" />
    <property name="test.dist.dir" value="D:\projects\project-backups\github-netbeansplugins\netbeansplugins\nb-wordcount\build\testdist" />
    <property name="release.files" value="" />
    <property name="nbjunit.hard.timeout" value="600000" />
    <property name="enabled.clusters" value="" />
    <property name="libs.javaee-endorsed-api-6.0.maven-pom" value="" />
    <property name="libs.JAVADB_DRIVER_LABEL.javadoc" value="" />
    <property name="netbeans.dirs" value="C:\Program Files\NetBeans 8.2\nb;C:\Program Files\NetBeans 8.2\ergonomics;C:\Program Files\NetBeans 8.2\ide;C:\Program Files\NetBeans 8.2\extide;C:\Program Files\NetBeans 8.2\java;C:\Program Files\NetBeans 8.2\apisupport;C:\Program Files\NetBeans 8.2\webcommon;C:\Program Files\NetBeans 8.2\websvccommon;C:\Program Files\NetBeans 8.2\enterprise;C:\Program Files\NetBeans 8.2\mobility;C:\Program Files\NetBeans 8.2\profiler;C:\Program Files\NetBeans 8.2\python;C:\Program Files\NetBeans 8.2\php;C:\Program Files\NetBeans 8.2\identity;C:\Program Files\NetBeans 8.2\harness;C:\Program Files\NetBeans 8.2\cnd;C:\Program Files\NetBeans 8.2\cndext;C:\Program Files\NetBeans 8.2\dlight;C:\Program Files\NetBeans 8.2\groovy;C:\Program Files\NetBeans 8.2\extra;C:\Program Files\NetBeans 8.2\javacard;C:\Program Files\NetBeans 8.2\javafx" />
    <property name="libs.jsf20.javadoc" value="C:\Program Files\NetBeans 8.2\enterprise\docs\javaee-doc-api.jar" />
    <property name="jar-excludes" value="**/*.java,**/*.form,**/package.html,**/doc-files/" />
    <property name="libs.jstl.javadoc" value="C:\Program Files\NetBeans 8.2\enterprise\docs\javaee-doc-api.jar" />
    <property name="java.ext.dirs" value="C:\Program Files\Java\jdk1.8.0_45\jre\lib\ext;C:\Windows\Sun\Java\lib\ext" />
    <property name="libs.metro.src" value="" />
    <property name="libs.absolutelayout.classpath" value="C:\Program Files\NetBeans 8.2\java\modules\ext\AbsoluteLayout.jar" />
    <property name="libs.metro.classpath" value="C:\Program Files\NetBeans 8.2\ide\modules\ext\jaxb\activation.jar;C:\Program Files\NetBeans 8.2\enterprise\modules\ext\metro\webservices-api.jar;C:\Program Files\NetBeans 8.2\enterprise\modules\ext\metro\webservices-extra-api.jar;C:\Program Files\NetBeans 8.2\enterprise\modules\ext\metro\webservices-extra.jar;C:\Program Files\NetBeans 8.2\enterprise\modules\ext\metro\webservices-rt.jar;C:\Program Files\NetBeans 8.2\enterprise\modules\ext\metro\webservices-tools.jar" />
    <property name="libs.restlib.maven-pom" value="" />
    <property name="libs.jpa2-persistence.javadoc" value="C:\Program Files\NetBeans 8.2\java\modules\ext\docs\javax.persistence-2.1.0-doc.zip" />
    <property name="apple.laf.useScreenMenuBar" value="true" />
    <property name="java.class.path" value="D:\projects\project-backups\github-netbeansplugins\netbeansplugins\nb-wordcount\build\test\unit\classes;C:\Program Files\NetBeans 8.2\platform\modules\org-netbeans-libs-junit4.jar;C:\Program Files\NetBeans 8.2\harness\modules\org-netbeans-modules-nbjunit.jar;C:\Program Files\NetBeans 8.2\harness\modules\org-netbeans-insane.jar;D:\projects\project-backups\github-netbeansplugins\netbeansplugins\nb-wordcount\build\cluster\modules\org-huberb-nbwordcount.jar;C:\Program Files\NetBeans 8.2\platform\modules\ext\junit-4.12.jar;C:\Program Files\NetBeans 8.2\platform\modules\org-netbeans-api-progress.jar;C:\Program Files\NetBeans 8.2\platform\lib\org-openide-modules.jar;C:\Program Files\NetBeans 8.2\platform\lib\org-openide-util-ui.jar;C:\Program Files\NetBeans 8.2\platform\lib\org-openide-util.jar;C:\Program Files\NetBeans 8.2\platform\lib\org-openide-util-lookup.jar;C:\Program Files\NetBeans 8.2\platform\modules\org-netbeans-api-templates.jar;C:\Program Files\NetBeans 8.2\platform\modules\org-netbeans-api-annotations-common.jar;C:\Program Files\NetBeans 8.2\platform\modules\org-netbeans-modules-queries.jar;C:\Program Files\NetBeans 8.2\platform\core\org-openide-filesystems.jar;C:\Program Files\NetBeans 8.2\platform\modules\org-netbeans-api-progress-nb.jar;C:\Program Files\NetBeans 8.2\platform\modules\org-openide-awt.jar;C:\Program Files\NetBeans 8.2\platform\modules\org-openide-windows.jar;C:\Program Files\NetBeans 8.2\platform\modules\org-openide-nodes.jar;C:\Program Files\NetBeans 8.2\platform\modules\org-openide-dialogs.jar;C:\Program Files\NetBeans 8.2\platform\modules\org-openide-loaders.jar;C:\Program Files\NetBeans 8.2\platform\modules\org-netbeans-modules-editor-mimelookup.jar;C:\Program Files\NetBeans 8.2\platform\modules\org-openide-actions.jar;C:\Program Files\NetBeans 8.2\platform\modules\org-openide-explorer.jar;C:\Program Files\NetBeans 8.2\platform\modules\org-netbeans-swing-outline.jar;C:\Program Files\NetBeans 8.2\platform\modules\org-netbeans-swing-tabcontrol.jar;C:\Program Files\NetBeans 8.2\platform\modules\org-openide-text.jar;C:\Program Files\NetBeans 8.2\platform\modules\org-openide-filesystems-nb.jar;C:\Program Files\NetBeans 8.2\platform\modules\org-jdesktop-layout.jar;C:\Program Files\NetBeans 8.2\platform\modules\ext\swing-layout-1.0.4.jar;C:\Program Files\NetBeans 8.2\platform\modules\org-netbeans-api-progress-compat8.jar;C:\Program Files\NetBeans 8.2\platform\core\org-openide-filesystems-compat8.jar;C:\Program Files\NetBeans 8.2\extide\ant\lib\ant-launcher.jar;C:\Program Files\NetBeans 8.2\extide\ant\lib\ant.jar;C:\Program Files\NetBeans 8.2\extide\ant\lib\ant-junit.jar;C:\Program Files\NetBeans 8.2\extide\ant\lib\ant-junit4.jar" />
    <property name="have-jdk-1.8" value="true" />
    <property name="have-jdk-1.7" value="true" />
    <property name="exists.test.unit.src.dir" value="true" />
    <property name="have-jdk-1.6" value="true" />
    <property name="libs.absolutelayout.src" value="" />
    <property name="have-jdk-1.5" value="true" />
    <property name="libs.jpa20-persistence.classpath" value="C:\Program Files\NetBeans 8.2\java\modules\ext\eclipselink\javax.persistence_2.1.0.v201304241213.jar" />
    <property name="have-jdk-1.4" value="true" />
    <property name="harness.dir" value="C:\Program Files\NetBeans 8.2/harness" />
    <property name="os.version" value="6.3" />
    <property name="libs.EclipseLink-GlassFish-v3.javadoc" value="C:\Program Files\NetBeans 8.2\enterprise\docs\javaee-doc-api.jar" />
    <property name="libs.javaee-api-7.0.maven-pom" value="" />
    <property name="sun.awt.enableExtraMouseButtons" value="true" />
    <property name="sun.desktop" value="windows" />
    <property name="test.config.default.includes" value="**/*Test.class" />
    <property name="libs.hibernate4-persistence.src" value="" />
    <property name="retouche.javac.impl" value="C:\Program Files\NetBeans 8.2\java\modules\ext\nb-javac-impl.jar" />
    <property name="auxiliary.org-netbeans-spi-editor-hints-projects.perProjectHintSettingsFile" value="nbproject/cfg_hints.xml" />
    <property name="libs.hibernate4-support.maven-pom" value="" />
    <property name="libs.Comet-GlassFish-v3.src" value="" />
    <property name="libs.restlib.javadoc" value="" />
    <property name="libs.JAXB-ENDORSED.classpath" value="C:\Program Files\NetBeans 8.2\ide\modules\ext\jaxb\api\jaxb-api.jar" />
    <property name="libs.eclipselink.classpath" value="C:\Program Files\NetBeans 8.2\java\modules\ext\eclipselink\eclipselink.jar;C:\Program Files\NetBeans 8.2\java\modules\ext\eclipselink\javax.persistence_2.1.0.v201304241213.jar;C:\Program Files\NetBeans 8.2\java\modules\ext\eclipselink\org.eclipse.persistence.jpa.jpql_2.5.2.v20140319-9ad6abd.jar" />
    <property name="libs.javaee-api-7.0.javadoc" value="C:\Program Files\NetBeans 8.2\enterprise\docs\javaee-doc-api.jar" />
    <property name="libs.beans-binding.javadoc" value="C:\Program Files\NetBeans 8.2\java\docs\beansbinding-1.2.1-doc.zip" />
    <property name="build.compiler.deprecation" value="true" />
    <property name="java.awt.graphicsenv" value="sun.awt.Win32GraphicsEnvironment" />
    <property name="java.vm.vendor" value="Oracle Corporation" />
    <property name="libs.CopyLibs.classpath" value="C:\Program Files\NetBeans 8.2\java\ant\extra\org-netbeans-modules-java-j2seproject-copylibstask.jar" />
    <property name="libs.spring-framework300.classpath" value="C:\Program Files\NetBeans 8.2\ide\modules\org-apache-commons-logging.jar;C:\Program Files\NetBeans 8.2\java\modules\ext\cglib-2.2.jar;C:\Program Files\NetBeans 8.2\java\modules\ext\spring-3.0\spring-aop-3.2.7.RELEASE.jar;C:\Program Files\NetBeans 8.2\java\modules\ext\spring-3.0\spring-aspects-3.2.7.RELEASE.jar;C:\Program Files\NetBeans 8.2\java\modules\ext\spring-3.0\spring-beans-3.2.7.RELEASE.jar;C:\Program Files\NetBeans 8.2\java\modules\ext\spring-3.0\spring-build-src-3.2.7.RELEASE.jar;C:\Program Files\NetBeans 8.2\java\modules\ext\spring-3.0\spring-context-3.2.7.RELEASE.jar;C:\Program Files\NetBeans 8.2\java\modules\ext\spring-3.0\spring-context-support-3.2.7.RELEASE.jar;C:\Program Files\NetBeans 8.2\java\modules\ext\spring-3.0\spring-core-3.2.7.RELEASE.jar;C:\Program Files\NetBeans 8.2\java\modules\ext\spring-3.0\spring-expression-3.2.7.RELEASE.jar;C:\Program Files\NetBeans 8.2\java\modules\ext\spring-3.0\spring-framework-bom-3.2.7.RELEASE.jar;C:\Program Files\NetBeans 8.2\java\modules\ext\spring-3.0\spring-instrument-3.2.7.RELEASE.jar;C:\Program Files\NetBeans 8.2\java\modules\ext\spring-3.0\spring-instrument-tomcat-3.2.7.RELEASE.jar;C:\Program Files\NetBeans 8.2\java\modules\ext\spring-3.0\spring-jdbc-3.2.7.RELEASE.jar;C:\Program Files\NetBeans 8.2\java\modules\ext\spring-3.0\spring-jms-3.2.7.RELEASE.jar;C:\Program Files\NetBeans 8.2\java\modules\ext\spring-3.0\spring-orm-3.2.7.RELEASE.jar;C:\Program Files\NetBeans 8.2\java\modules\ext\spring-3.0\spring-oxm-3.2.7.RELEASE.jar;C:\Program Files\NetBeans 8.2\java\modules\ext\spring-3.0\spring-struts-3.2.7.RELEASE.jar;C:\Program Files\NetBeans 8.2\java\modules\ext\spring-3.0\spring-test-3.2.7.RELEASE.jar;C:\Program Files\NetBeans 8.2\java\modules\ext\spring-3.0\spring-tx-3.2.7.RELEASE.jar;C:\Program Files\NetBeans 8.2\java\modules\ext\spring-3.0\spring-web-3.2.7.RELEASE.jar;C:\Program Files\NetBeans 8.2\java\modules\ext\spring-3.0\spring-webmvc-3.2.7.RELEASE.jar;C:\Program Files\NetBeans 8.2\java\modules\ext\spring-3.0\spring-webmvc-portlet-3.2.7.RELEASE.jar" />
    <property name="libs.jsp-compiler.maven-pom" value="" />
    <property name="module.jar.dir" value="modules" />
    <property name="build.package.compress" value="false" />
    <property name="libs.hamcrest.src" value="" />
    <property name="build.compiler.debuglevel" value="source,lines,vars" />
    <property name="libs.hibernate4-persistence.classpath" value="C:\Program Files\NetBeans 8.2\java\modules\ext\hibernate4\antlr-2.7.7.jar;C:\Program Files\NetBeans 8.2\java\modules\ext\hibernate4\c3p0-0.9.2.1.jar;C:\Program Files\NetBeans 8.2\java\modules\ext\hibernate4\hibernate-c3p0-4.3.1.Final.jar;C:\Program Files\NetBeans 8.2\java\modules\ext\hibernate4\mchange-commons-java-0.2.3.4.jar;C:\Program Files\NetBeans 8.2\java\modules\ext\hibernate4\dom4j-1.6.1.jar;C:\Program Files\NetBeans 8.2\java\modules\ext\hibernate4\ehcache-core-2.4.3.jar;C:\Program Files\NetBeans 8.2\java\modules\ext\hibernate4\hibernate-ehcache-4.3.1.Final.jar;C:\Program Files\NetBeans 8.2\java\modules\ext\hibernate4\hibernate-core-4.3.1.Final.jar;C:\Program Files\NetBeans 8.2\java\modules\ext\hibernate4\jboss-logging-3.1.3.GA.jar;C:\Program Files\NetBeans 8.2\java\modules\ext\hibernate4\hibernate-commons-annotations-4.0.4.Final.jar;C:\Program Files\NetBeans 8.2\java\modules\ext\hibernate4\hibernate-entitymanager-4.3.1.Final.jar;C:\Program Files\NetBeans 8.2\java\modules\ext\hibernate4\javassist-3.18.1-GA.jar;C:\Program Files\NetBeans 8.2\java\modules\ext\hibernate4\jboss-transaction-api_1.2_spec-1.0.0.Final.jar;C:\Program Files\NetBeans 8.2\java\modules\ext\hibernate4\slf4j-api-1.6.1.jar;C:\Program Files\NetBeans 8.2\java\modules\ext\hibernate4\slf4j-simple-1.6.1.jar;C:\Program Files\NetBeans 8.2\java\modules\ext\hibernate4\hibernate-jpa-2.1-api-1.0.0.Final.jar" />
    <property name="license.file" value="../LICENSE" />
    <property name="libs.JAXB-ENDORSED.src" value="" />
    <property name="libs.testng.javadoc" value="C:\Program Files\NetBeans 8.2\platform\docs\testng-6.8.1-javadoc.zip" />
    <property name="user.script" value="" />
    <property name="libs.PostgreSQLDriver.classpath" value="C:\Program Files\NetBeans 8.2\ide\modules\ext\postgresql-9.4.1209.jar" />
    <property name="libs.jsf12.maven-pom" value="" />
    <property name="module.auto.deps.xml" value="D:\projects\project-backups\github-netbeansplugins\netbeansplugins\nb-wordcount\module-auto-deps.xml" />
    <property name="libs.hibernate4-persistencemodelgen.classpath" value="C:\Program Files\NetBeans 8.2\java\modules\ext\hibernate4\hibernate-jpamodelgen-4.3.1.Final.jar" />
    <property name="libs.CopyLibs.src" value="" />
    <property name="build.dir" value="D:\projects\project-backups\github-netbeansplugins\netbeansplugins\nb-wordcount\build" />
    <property name="test.bootclasspath.prepend.args" value="-Dno.netbeans.bootclasspath.prepend.needed=true" />
    <property name="libs.jsp-compilation.classpath" value="C:\Program Files\NetBeans 8.2\extide\ant\lib\ant.jar;C:\Program Files\NetBeans 8.2\enterprise\modules\ext\servlet3.1-jsp2.3-api.jar;C:\Program Files\NetBeans 8.2\enterprise\modules\ext\glassfish-jspparser-4.0.jar;C:\Program Files\NetBeans 8.2\enterprise\modules\ext\jsf-2_2\javax.faces.jar;C:\Program Files\NetBeans 8.2\enterprise\modules\ext\jstl-api.jar;C:\Program Files\NetBeans 8.2\extide\ant\lib\ant-launcher.jar" />
    <property name="module.jar.verifylinkageignores" value="" />
    <property name="module.jar" value="modules/org-huberb-nbwordcount.jar" />
    <property name="ant.version" value="Apache Ant(TM) version 1.9.7 compiled on April 9 2016" />
    <property name="file.encoding" value="Cp1252" />
    <property name="jhall.jar.exists" value="true" />
    <property name="libs.spring-webmvc4.0.classpath" value="C:\Program Files\NetBeans 8.2\java\modules\ext\spring-4\spring-webmvc-4.0.1.RELEASE.jar" />
    <property name="nbm.is.preferredupdate" value="" />
    <property name="awt.toolkit" value="sun.awt.windows.WToolkit" />
    <property name="libs.javaee-web-api-7.0.javadoc" value="C:\Program Files\NetBeans 8.2\enterprise\docs\javaee-doc-api.jar" />
  </properties>
  <testcase classname="org.huberb.nbwordcount.model.counters.SimpleLineCounterTest" name="testCount" time="0.016" />
  <testcase classname="org.huberb.nbwordcount.model.counters.SimpleLineCounterTest" name="testGetCountOfCharacter" time="0.0" />
  <testcase classname="org.huberb.nbwordcount.model.counters.SimpleLineCounterTest" name="testGetCounterInfo" time="0.0" />
  <testcase classname="org.huberb.nbwordcount.model.counters.SimpleLineCounterTest" name="testGetCountOfLines" time="0.0" />
  <testcase classname="org.huberb.nbwordcount.model.counters.SimpleLineCounterTest" name="testGetCountOfWords" time="0.0" />
  <system-out><![CDATA[]]></system-out>
  <system-err><![CDATA[]]></system-err>
</testsuite>
